2020-06-08 13:35:29,292 INFO Inicio del proceso
2020-06-08 13:35:29,294 INFO Se abrio el nodo: (1, 'ciudad1')
2020-06-08 13:35:29,295 INFO El proximo nodo a abrir será: (9, 'ciudad9')
2020-06-08 13:35:29,295 INFO La cantidad de nodos abiertos es de: 1
2020-06-08 13:35:29,296 INFO Se abrio el nodo: (9, 'ciudad9')
2020-06-08 13:35:29,296 INFO El proximo nodo a abrir será: (6, 'ciudad6')
2020-06-08 13:35:29,296 INFO La cantidad de nodos abiertos es de: 2
2020-06-08 13:35:29,297 INFO Se abrio el nodo: (6, 'ciudad6')
2020-06-08 13:35:29,298 INFO El proximo nodo a abrir será: (2, 'ciudad2')
2020-06-08 13:35:29,298 INFO La cantidad de nodos abiertos es de: 3
2020-06-08 13:35:29,299 INFO Se abrio el nodo: (2, 'ciudad2')
2020-06-08 13:35:29,302 INFO El proximo nodo a abrir será: (3, 'ciudad3')
2020-06-08 13:35:29,302 INFO La cantidad de nodos abiertos es de: 4
2020-06-08 13:35:29,303 INFO Se abrio el nodo: (3, 'ciudad3')
2020-06-08 13:35:29,303 INFO El proximo nodo a abrir será: (28, 'ciudad7')
2020-06-08 13:35:29,304 INFO La cantidad de nodos abiertos es de: 5
2020-06-08 13:35:29,305 INFO Se abrio el nodo: (28, 'ciudad7')
2020-06-08 13:35:29,306 INFO El proximo nodo a abrir será: (11, 'ciudad3')
2020-06-08 13:35:29,306 INFO La cantidad de nodos abiertos es de: 6
2020-06-08 13:35:29,308 INFO Se abrio el nodo: (11, 'ciudad3')
2020-06-08 13:35:29,308 INFO El proximo nodo a abrir será: (36, 'ciudad8')
2020-06-08 13:35:29,308 INFO La cantidad de nodos abiertos es de: 7
2020-06-08 13:35:29,310 INFO Se abrio el nodo: (36, 'ciudad8')
2020-06-08 13:35:29,310 INFO El proximo nodo a abrir será: (18, 'ciudad3')
2020-06-08 13:35:29,311 INFO La cantidad de nodos abiertos es de: 8
2020-06-08 13:35:29,313 INFO Se abrio el nodo: (18, 'ciudad3')
2020-06-08 13:35:29,313 INFO El proximo nodo a abrir será: (34, 'ciudad6')
2020-06-08 13:35:29,314 INFO La cantidad de nodos abiertos es de: 9
2020-06-08 13:35:29,316 INFO Se abrio el nodo: (34, 'ciudad6')
2020-06-08 13:35:29,317 INFO El proximo nodo a abrir será: (37, 'ciudad9')
2020-06-08 13:35:29,317 INFO La cantidad de nodos abiertos es de: 10
2020-06-08 13:35:29,321 INFO Se abrio el nodo: (37, 'ciudad9')
2020-06-08 13:35:29,321 INFO El proximo nodo a abrir será: (49, 'ciudad8')
2020-06-08 13:35:29,321 INFO La cantidad de nodos abiertos es de: 11
2020-06-08 13:35:29,325 INFO Se abrio el nodo: (49, 'ciudad8')
2020-06-08 13:35:29,325 INFO El proximo nodo a abrir será: (60, 'ciudad8')
2020-06-08 13:35:29,325 INFO La cantidad de nodos abiertos es de: 12
2020-06-08 13:35:29,329 INFO Se abrio el nodo: (60, 'ciudad8')
2020-06-08 13:35:29,329 INFO El proximo nodo a abrir será: (47, 'ciudad6')
2020-06-08 13:35:29,329 INFO La cantidad de nodos abiertos es de: 13
2020-06-08 13:35:29,333 INFO Se abrio el nodo: (47, 'ciudad6')
2020-06-08 13:35:29,333 INFO El proximo nodo a abrir será: (61, 'ciudad9')
2020-06-08 13:35:29,334 INFO La cantidad de nodos abiertos es de: 14
2020-06-08 13:35:29,339 INFO Se abrio el nodo: (61, 'ciudad9')
2020-06-08 13:35:29,339 INFO El proximo nodo a abrir será: (29, 'ciudad8')
2020-06-08 13:35:29,339 INFO La cantidad de nodos abiertos es de: 15
2020-06-08 13:35:29,344 INFO Se abrio el nodo: (29, 'ciudad8')
2020-06-08 13:35:29,344 INFO El proximo nodo a abrir será: (50, 'ciudad2')
2020-06-08 13:35:29,345 INFO La cantidad de nodos abiertos es de: 16
2020-06-08 13:35:29,350 INFO Se abrio el nodo: (50, 'ciudad2')
2020-06-08 13:35:29,350 INFO El proximo nodo a abrir será: (94, 'ciudad3')
2020-06-08 13:35:29,350 INFO La cantidad de nodos abiertos es de: 17
2020-06-08 13:35:29,356 INFO Se abrio el nodo: (94, 'ciudad3')
2020-06-08 13:35:29,356 INFO El proximo nodo a abrir será: (103, 'ciudad7')
2020-06-08 13:35:29,356 INFO La cantidad de nodos abiertos es de: 18
2020-06-08 13:35:29,362 INFO Se abrio el nodo: (103, 'ciudad7')
2020-06-08 13:35:29,363 INFO El proximo nodo a abrir será: (74, 'ciudad2')
2020-06-08 13:35:29,363 INFO La cantidad de nodos abiertos es de: 19
2020-06-08 13:35:29,369 INFO Se abrio el nodo: (74, 'ciudad2')
2020-06-08 13:35:29,369 INFO El proximo nodo a abrir será: (79, 'ciudad2')
2020-06-08 13:35:29,369 INFO La cantidad de nodos abiertos es de: 20
2020-06-08 13:35:29,375 INFO Se abrio el nodo: (79, 'ciudad2')
2020-06-08 13:35:29,376 INFO El proximo nodo a abrir será: (107, 'ciudad6')
2020-06-08 13:35:29,376 INFO La cantidad de nodos abiertos es de: 21
2020-06-08 13:35:29,382 INFO Se abrio el nodo: (107, 'ciudad6')
2020-06-08 13:35:29,383 INFO El proximo nodo a abrir será: (109, 'ciudad9')
2020-06-08 13:35:29,383 INFO La cantidad de nodos abiertos es de: 22
2020-06-08 13:35:29,390 INFO Se abrio el nodo: (109, 'ciudad9')
2020-06-08 13:35:29,390 INFO El proximo nodo a abrir será: (117, 'ciudad7')
2020-06-08 13:35:29,390 INFO La cantidad de nodos abiertos es de: 23
2020-06-08 13:35:29,397 INFO Se abrio el nodo: (117, 'ciudad7')
2020-06-08 13:35:29,397 INFO El proximo nodo a abrir será: (120, 'ciudad7')
2020-06-08 13:35:29,397 INFO La cantidad de nodos abiertos es de: 24
2020-06-08 13:35:29,405 INFO Se abrio el nodo: (120, 'ciudad7')
2020-06-08 13:35:29,405 INFO El proximo nodo a abrir será: (4, 'ciudad4')
2020-06-08 13:35:29,405 INFO La cantidad de nodos abiertos es de: 25
2020-06-08 13:35:29,414 INFO Se abrio el nodo: (4, 'ciudad4')
2020-06-08 13:35:29,414 INFO El proximo nodo a abrir será: (5, 'ciudad5')
2020-06-08 13:35:29,414 INFO La cantidad de nodos abiertos es de: 26
2020-06-08 13:35:29,422 INFO Se abrio el nodo: (5, 'ciudad5')
2020-06-08 13:35:29,423 INFO El proximo nodo a abrir será: (7, 'ciudad7')
2020-06-08 13:35:29,423 INFO La cantidad de nodos abiertos es de: 27
2020-06-08 13:35:29,431 INFO Se abrio el nodo: (7, 'ciudad7')
2020-06-08 13:35:29,432 INFO El proximo nodo a abrir será: (138, 'ciudad5')
2020-06-08 13:35:29,432 INFO La cantidad de nodos abiertos es de: 28
2020-06-08 13:35:29,441 INFO Se abrio el nodo: (138, 'ciudad5')
2020-06-08 13:35:29,441 INFO El proximo nodo a abrir será: (145, 'ciudad4')
2020-06-08 13:35:29,441 INFO La cantidad de nodos abiertos es de: 29
2020-06-08 13:35:29,450 INFO Se abrio el nodo: (145, 'ciudad4')
2020-06-08 13:35:29,450 INFO El proximo nodo a abrir será: (150, 'ciudad2')
2020-06-08 13:35:29,451 INFO La cantidad de nodos abiertos es de: 30
2020-06-08 13:35:29,460 INFO Se abrio el nodo: (150, 'ciudad2')
2020-06-08 13:35:29,460 INFO El proximo nodo a abrir será: (17, 'ciudad2')
2020-06-08 13:35:29,460 INFO La cantidad de nodos abiertos es de: 31
2020-06-08 13:35:29,474 INFO Se abrio el nodo: (17, 'ciudad2')
2020-06-08 13:35:29,474 INFO El proximo nodo a abrir será: (19, 'ciudad4')
2020-06-08 13:35:29,474 INFO La cantidad de nodos abiertos es de: 32
2020-06-08 13:35:29,485 INFO Se abrio el nodo: (19, 'ciudad4')
2020-06-08 13:35:29,485 INFO El proximo nodo a abrir será: (27, 'ciudad6')
2020-06-08 13:35:29,486 INFO La cantidad de nodos abiertos es de: 33
2020-06-08 13:35:29,498 INFO Se abrio el nodo: (27, 'ciudad6')
2020-06-08 13:35:29,498 INFO El proximo nodo a abrir será: (32, 'ciudad4')
2020-06-08 13:35:29,498 INFO La cantidad de nodos abiertos es de: 34
2020-06-08 13:35:29,510 INFO Se abrio el nodo: (32, 'ciudad4')
2020-06-08 13:35:29,510 INFO El proximo nodo a abrir será: (183, 'ciudad5')
2020-06-08 13:35:29,510 INFO La cantidad de nodos abiertos es de: 35
2020-06-08 13:35:29,523 INFO Se abrio el nodo: (183, 'ciudad5')
2020-06-08 13:35:29,523 INFO El proximo nodo a abrir será: (178, 'ciudad7')
2020-06-08 13:35:29,523 INFO La cantidad de nodos abiertos es de: 36
2020-06-08 13:35:29,536 INFO Se abrio el nodo: (178, 'ciudad7')
2020-06-08 13:35:29,536 INFO El proximo nodo a abrir será: (194, 'ciudad5')
2020-06-08 13:35:29,536 INFO La cantidad de nodos abiertos es de: 37
2020-06-08 13:35:29,548 INFO Se abrio el nodo: (194, 'ciudad5')
2020-06-08 13:35:29,548 INFO El proximo nodo a abrir será: (45, 'ciudad4')
2020-06-08 13:35:29,549 INFO La cantidad de nodos abiertos es de: 38
2020-06-08 13:35:29,561 INFO Se abrio el nodo: (45, 'ciudad4')
2020-06-08 13:35:29,562 INFO El proximo nodo a abrir será: (57, 'ciudad4')
2020-06-08 13:35:29,562 INFO La cantidad de nodos abiertos es de: 39
2020-06-08 13:35:29,575 INFO Se abrio el nodo: (57, 'ciudad4')
2020-06-08 13:35:29,575 INFO El proximo nodo a abrir será: (62, 'ciudad2')
2020-06-08 13:35:29,576 INFO La cantidad de nodos abiertos es de: 40
2020-06-08 13:35:29,589 INFO Se abrio el nodo: (62, 'ciudad2')
2020-06-08 13:35:29,589 INFO El proximo nodo a abrir será: (63, 'ciudad4')
2020-06-08 13:35:29,590 INFO La cantidad de nodos abiertos es de: 41
2020-06-08 13:35:29,603 INFO Se abrio el nodo: (63, 'ciudad4')
2020-06-08 13:35:29,604 INFO El proximo nodo a abrir será: (187, 'ciudad3')
2020-06-08 13:35:29,604 INFO La cantidad de nodos abiertos es de: 42
2020-06-08 13:35:29,618 INFO Se abrio el nodo: (187, 'ciudad3')
2020-06-08 13:35:29,618 INFO El proximo nodo a abrir será: (215, 'ciudad5')
2020-06-08 13:35:29,619 INFO La cantidad de nodos abiertos es de: 43
2020-06-08 13:35:29,633 INFO Se abrio el nodo: (215, 'ciudad5')
2020-06-08 13:35:29,633 INFO El proximo nodo a abrir será: (220, 'ciudad5')
2020-06-08 13:35:29,633 INFO La cantidad de nodos abiertos es de: 44
2020-06-08 13:35:29,648 INFO Se abrio el nodo: (220, 'ciudad5')
2020-06-08 13:35:29,648 INFO El proximo nodo a abrir será: (230, 'ciudad5')
2020-06-08 13:35:29,649 INFO La cantidad de nodos abiertos es de: 45
2020-06-08 13:35:29,664 INFO Se abrio el nodo: (230, 'ciudad5')
2020-06-08 13:35:29,664 INFO El proximo nodo a abrir será: (226, 'ciudad7')
2020-06-08 13:35:29,664 INFO La cantidad de nodos abiertos es de: 46
2020-06-08 13:35:29,680 INFO Se abrio el nodo: (226, 'ciudad7')
2020-06-08 13:35:29,680 INFO El proximo nodo a abrir será: (237, 'ciudad8')
2020-06-08 13:35:29,680 INFO La cantidad de nodos abiertos es de: 47
2020-06-08 13:35:29,696 INFO Se abrio el nodo: (237, 'ciudad8')
2020-06-08 13:35:29,696 INFO El proximo nodo a abrir será: (173, 'ciudad8')
2020-06-08 13:35:29,696 INFO La cantidad de nodos abiertos es de: 48
2020-06-08 13:35:29,713 INFO Se abrio el nodo: (173, 'ciudad8')
2020-06-08 13:35:29,713 INFO El proximo nodo a abrir será: (179, 'ciudad8')
2020-06-08 13:35:29,713 INFO La cantidad de nodos abiertos es de: 49
2020-06-08 13:35:29,730 INFO Se abrio el nodo: (179, 'ciudad8')
2020-06-08 13:35:29,730 INFO El proximo nodo a abrir será: (259, 'ciudad3')
2020-06-08 13:35:29,730 INFO La cantidad de nodos abiertos es de: 50
2020-06-08 13:35:29,747 INFO Se abrio el nodo: (259, 'ciudad3')
2020-06-08 13:35:29,748 INFO El proximo nodo a abrir será: (84, 'ciudad2')
2020-06-08 13:35:29,748 INFO La cantidad de nodos abiertos es de: 51
2020-06-08 13:35:29,765 INFO Se abrio el nodo: (84, 'ciudad2')
2020-06-08 13:35:29,765 INFO El proximo nodo a abrir será: (85, 'ciudad4')
2020-06-08 13:35:29,765 INFO La cantidad de nodos abiertos es de: 52
2020-06-08 13:35:29,783 INFO Se abrio el nodo: (85, 'ciudad4')
2020-06-08 13:35:29,783 INFO El proximo nodo a abrir será: (264, 'ciudad3')
2020-06-08 13:35:29,783 INFO La cantidad de nodos abiertos es de: 53
2020-06-08 13:35:29,801 INFO Se abrio el nodo: (264, 'ciudad3')
2020-06-08 13:35:29,801 INFO El proximo nodo a abrir será: (102, 'ciudad6')
2020-06-08 13:35:29,802 INFO La cantidad de nodos abiertos es de: 54
2020-06-08 13:35:29,821 INFO Se abrio el nodo: (102, 'ciudad6')
2020-06-08 13:35:29,822 INFO El proximo nodo a abrir será: (105, 'ciudad4')
2020-06-08 13:35:29,822 INFO La cantidad de nodos abiertos es de: 55
2020-06-08 13:35:29,841 INFO Se abrio el nodo: (105, 'ciudad4')
2020-06-08 13:35:29,841 INFO El proximo nodo a abrir será: (238, 'ciudad9')
2020-06-08 13:35:29,841 INFO La cantidad de nodos abiertos es de: 56
2020-06-08 13:35:29,859 INFO Se abrio el nodo: (238, 'ciudad9')
2020-06-08 13:35:29,860 INFO El proximo nodo a abrir será: (278, 'ciudad5')
2020-06-08 13:35:29,860 INFO La cantidad de nodos abiertos es de: 57
2020-06-08 13:35:29,885 INFO Se abrio el nodo: (278, 'ciudad5')
2020-06-08 13:35:29,886 INFO El proximo nodo a abrir será: (275, 'ciudad7')
2020-06-08 13:35:29,886 INFO La cantidad de nodos abiertos es de: 58
2020-06-08 13:35:29,914 INFO Se abrio el nodo: (275, 'ciudad7')
2020-06-08 13:35:29,914 INFO El proximo nodo a abrir será: (289, 'ciudad5')
2020-06-08 13:35:29,914 INFO La cantidad de nodos abiertos es de: 59
2020-06-08 13:35:29,939 INFO Se abrio el nodo: (289, 'ciudad5')
2020-06-08 13:35:29,939 INFO El proximo nodo a abrir será: (137, 'ciudad3')
2020-06-08 13:35:29,939 INFO La cantidad de nodos abiertos es de: 60
2020-06-08 13:35:29,964 INFO Se abrio el nodo: (137, 'ciudad3')
2020-06-08 13:35:29,965 INFO El proximo nodo a abrir será: (139, 'ciudad6')
2020-06-08 13:35:29,965 INFO La cantidad de nodos abiertos es de: 61
2020-06-08 13:35:29,987 INFO Se abrio el nodo: (139, 'ciudad6')
2020-06-08 13:35:29,987 INFO El proximo nodo a abrir será: (164, 'ciudad3')
2020-06-08 13:35:29,987 INFO La cantidad de nodos abiertos es de: 62
2020-06-08 13:35:30,011 INFO Se abrio el nodo: (164, 'ciudad3')
2020-06-08 13:35:30,011 INFO El proximo nodo a abrir será: (165, 'ciudad6')
2020-06-08 13:35:30,011 INFO La cantidad de nodos abiertos es de: 63
2020-06-08 13:35:30,034 INFO Se abrio el nodo: (165, 'ciudad6')
2020-06-08 13:35:30,034 INFO El proximo nodo a abrir será: (172, 'ciudad6')
2020-06-08 13:35:30,034 INFO La cantidad de nodos abiertos es de: 64
2020-06-08 13:35:30,056 INFO Se abrio el nodo: (172, 'ciudad6')
2020-06-08 13:35:30,056 INFO El proximo nodo a abrir será: (182, 'ciudad3')
2020-06-08 13:35:30,056 INFO La cantidad de nodos abiertos es de: 65
2020-06-08 13:35:30,081 INFO Se abrio el nodo: (182, 'ciudad3')
2020-06-08 13:35:30,081 INFO El proximo nodo a abrir será: (310, 'ciudad8')
2020-06-08 13:35:30,082 INFO La cantidad de nodos abiertos es de: 66
2020-06-08 13:35:30,108 INFO Se abrio el nodo: (310, 'ciudad8')
2020-06-08 13:35:30,108 INFO El proximo nodo a abrir será: (188, 'ciudad4')
2020-06-08 13:35:30,109 INFO La cantidad de nodos abiertos es de: 67
2020-06-08 13:35:30,132 INFO Se abrio el nodo: (188, 'ciudad4')
2020-06-08 13:35:30,132 INFO El proximo nodo a abrir será: (195, 'ciudad6')
2020-06-08 13:35:30,132 INFO La cantidad de nodos abiertos es de: 68
2020-06-08 13:35:30,154 INFO Se abrio el nodo: (195, 'ciudad6')
2020-06-08 13:35:30,154 INFO El proximo nodo a abrir será: (321, 'ciudad8')
2020-06-08 13:35:30,154 INFO La cantidad de nodos abiertos es de: 69
2020-06-08 13:35:30,176 INFO Se abrio el nodo: (321, 'ciudad8')
2020-06-08 13:35:30,176 INFO El proximo nodo a abrir será: (344, 'ciudad5')
2020-06-08 13:35:30,176 INFO La cantidad de nodos abiertos es de: 70
2020-06-08 13:35:30,198 INFO Se abrio el nodo: (344, 'ciudad5')
2020-06-08 13:35:30,198 INFO El proximo nodo a abrir será: (336, 'ciudad8')
2020-06-08 13:35:30,198 INFO La cantidad de nodos abiertos es de: 71
2020-06-08 13:35:30,220 INFO Se abrio el nodo: (336, 'ciudad8')
2020-06-08 13:35:30,220 INFO El proximo nodo a abrir será: (227, 'ciudad8')
2020-06-08 13:35:30,220 INFO La cantidad de nodos abiertos es de: 72
2020-06-08 13:35:30,242 INFO Se abrio el nodo: (227, 'ciudad8')
2020-06-08 13:35:30,242 INFO El proximo nodo a abrir será: (116, 'ciudad6')
2020-06-08 13:35:30,243 INFO La cantidad de nodos abiertos es de: 73
2020-06-08 13:35:30,266 INFO Se abrio el nodo: (116, 'ciudad6')
2020-06-08 13:35:30,266 INFO El proximo nodo a abrir será: (271, 'ciudad6')
2020-06-08 13:35:30,266 INFO La cantidad de nodos abiertos es de: 74
2020-06-08 13:35:30,289 INFO Se abrio el nodo: (271, 'ciudad6')
2020-06-08 13:35:30,289 INFO El proximo nodo a abrir será: (272, 'ciudad9')
2020-06-08 13:35:30,289 INFO La cantidad de nodos abiertos es de: 75
2020-06-08 13:35:30,313 INFO Se abrio el nodo: (272, 'ciudad9')
2020-06-08 13:35:30,313 INFO El proximo nodo a abrir será: (284, 'ciudad9')
2020-06-08 13:35:30,314 INFO La cantidad de nodos abiertos es de: 76
2020-06-08 13:35:30,337 INFO Se abrio el nodo: (284, 'ciudad9')
2020-06-08 13:35:30,338 INFO El proximo nodo a abrir será: (122, 'ciudad4')
2020-06-08 13:35:30,338 INFO La cantidad de nodos abiertos es de: 77
2020-06-08 13:35:30,361 INFO Se abrio el nodo: (122, 'ciudad4')
2020-06-08 13:35:30,361 INFO El proximo nodo a abrir será: (381, 'ciudad5')
2020-06-08 13:35:30,361 INFO La cantidad de nodos abiertos es de: 78
2020-06-08 13:35:30,384 INFO Se abrio el nodo: (381, 'ciudad5')
2020-06-08 13:35:30,385 INFO El proximo nodo a abrir será: (20, 'ciudad5')
2020-06-08 13:35:30,385 INFO La cantidad de nodos abiertos es de: 79
2020-06-08 13:35:30,409 INFO Se abrio el nodo: (20, 'ciudad5')
2020-06-08 13:35:30,409 INFO El proximo nodo a abrir será: (388, 'ciudad4')
2020-06-08 13:35:30,409 INFO La cantidad de nodos abiertos es de: 80
2020-06-08 13:35:30,450 INFO Se abrio el nodo: (388, 'ciudad4')
2020-06-08 13:35:30,451 INFO El proximo nodo a abrir será: (64, 'ciudad5')
2020-06-08 13:35:30,451 INFO La cantidad de nodos abiertos es de: 81
2020-06-08 13:35:30,488 INFO Se abrio el nodo: (64, 'ciudad5')
2020-06-08 13:35:30,489 INFO El proximo nodo a abrir será: (308, 'ciudad6')
2020-06-08 13:35:30,489 INFO La cantidad de nodos abiertos es de: 82
2020-06-08 13:35:30,530 INFO Se abrio el nodo: (308, 'ciudad6')
2020-06-08 13:35:30,530 INFO El proximo nodo a abrir será: (311, 'ciudad9')
2020-06-08 13:35:30,530 INFO La cantidad de nodos abiertos es de: 83
2020-06-08 13:35:30,569 INFO Se abrio el nodo: (311, 'ciudad9')
2020-06-08 13:35:30,569 INFO El proximo nodo a abrir será: (313, 'ciudad3')
2020-06-08 13:35:30,570 INFO La cantidad de nodos abiertos es de: 84
2020-06-08 13:35:30,611 INFO Se abrio el nodo: (313, 'ciudad3')
2020-06-08 13:35:30,611 INFO El proximo nodo a abrir será: (319, 'ciudad6')
2020-06-08 13:35:30,611 INFO La cantidad de nodos abiertos es de: 85
2020-06-08 13:35:30,663 INFO Se abrio el nodo: (319, 'ciudad6')
2020-06-08 13:35:30,663 INFO El proximo nodo a abrir será: (322, 'ciudad9')
2020-06-08 13:35:30,663 INFO La cantidad de nodos abiertos es de: 86
2020-06-08 13:35:30,698 INFO Se abrio el nodo: (322, 'ciudad9')
2020-06-08 13:35:30,698 INFO El proximo nodo a abrir será: (324, 'ciudad3')
2020-06-08 13:35:30,698 INFO La cantidad de nodos abiertos es de: 87
2020-06-08 13:35:30,743 INFO Se abrio el nodo: (324, 'ciudad3')
2020-06-08 13:35:30,743 INFO El proximo nodo a abrir será: (398, 'ciudad4')
2020-06-08 13:35:30,743 INFO La cantidad de nodos abiertos es de: 88
2020-06-08 13:35:30,783 INFO Se abrio el nodo: (398, 'ciudad4')
2020-06-08 13:35:30,784 INFO El proximo nodo a abrir será: (216, 'ciudad6')
2020-06-08 13:35:30,784 INFO La cantidad de nodos abiertos es de: 89
2020-06-08 13:35:30,834 INFO Se abrio el nodo: (216, 'ciudad6')
2020-06-08 13:35:30,834 INFO El proximo nodo a abrir será: (328, 'ciudad3')
2020-06-08 13:35:30,834 INFO La cantidad de nodos abiertos es de: 90
2020-06-08 13:35:30,879 INFO Se abrio el nodo: (328, 'ciudad3')
2020-06-08 13:35:30,879 INFO El proximo nodo a abrir será: (337, 'ciudad9')
2020-06-08 13:35:30,879 INFO La cantidad de nodos abiertos es de: 91
2020-06-08 13:35:30,923 INFO Se abrio el nodo: (337, 'ciudad9')
2020-06-08 13:35:30,924 INFO El proximo nodo a abrir será: (415, 'ciudad8')
2020-06-08 13:35:30,924 INFO La cantidad de nodos abiertos es de: 92
2020-06-08 13:35:30,962 INFO Se abrio el nodo: (415, 'ciudad8')
2020-06-08 13:35:30,962 INFO El proximo nodo a abrir será: (234, 'ciudad4')
2020-06-08 13:35:30,963 INFO La cantidad de nodos abiertos es de: 93
2020-06-08 13:35:31,006 INFO Se abrio el nodo: (234, 'ciudad4')
2020-06-08 13:35:31,006 INFO El proximo nodo a abrir será: (427, 'ciudad8')
2020-06-08 13:35:31,006 INFO La cantidad de nodos abiertos es de: 94
2020-06-08 13:35:31,044 INFO Se abrio el nodo: (427, 'ciudad8')
2020-06-08 13:35:31,044 INFO El proximo nodo a abrir será: (439, 'ciudad8')
2020-06-08 13:35:31,044 INFO La cantidad de nodos abiertos es de: 95
2020-06-08 13:35:31,079 INFO Se abrio el nodo: (439, 'ciudad8')
2020-06-08 13:35:31,080 INFO El proximo nodo a abrir será: (449, 'ciudad5')
2020-06-08 13:35:31,080 INFO La cantidad de nodos abiertos es de: 96
2020-06-08 13:35:31,115 INFO Se abrio el nodo: (449, 'ciudad5')
2020-06-08 13:35:31,115 INFO El proximo nodo a abrir será: (276, 'ciudad8')
2020-06-08 13:35:31,116 INFO La cantidad de nodos abiertos es de: 97
2020-06-08 13:35:31,149 INFO Se abrio el nodo: (276, 'ciudad8')
2020-06-08 13:35:31,149 INFO El proximo nodo a abrir será: (86, 'ciudad5')
2020-06-08 13:35:31,149 INFO La cantidad de nodos abiertos es de: 98
2020-06-08 13:35:31,180 INFO Se abrio el nodo: (86, 'ciudad5')
2020-06-08 13:35:31,181 INFO El proximo nodo a abrir será: (338, 'ciudad2')
2020-06-08 13:35:31,181 INFO La cantidad de nodos abiertos es de: 99
2020-06-08 13:35:31,216 INFO Se abrio el nodo: (338, 'ciudad2')
2020-06-08 13:35:31,217 INFO El proximo nodo a abrir será: (416, 'ciudad9')
2020-06-08 13:35:31,217 INFO La cantidad de nodos abiertos es de: 100
2020-06-08 13:35:31,251 INFO Se abrio el nodo: (416, 'ciudad9')
2020-06-08 13:35:31,252 INFO El proximo nodo a abrir será: (466, 'ciudad4')
2020-06-08 13:35:31,252 INFO La cantidad de nodos abiertos es de: 101
2020-06-08 13:35:31,298 INFO Se abrio el nodo: (466, 'ciudad4')
2020-06-08 13:35:31,298 INFO El proximo nodo a abrir será: (353, 'ciudad2')
2020-06-08 13:35:31,299 INFO La cantidad de nodos abiertos es de: 102
2020-06-08 13:35:31,339 INFO Se abrio el nodo: (353, 'ciudad2')
2020-06-08 13:35:31,339 INFO El proximo nodo a abrir será: (269, 'ciudad4')
2020-06-08 13:35:31,339 INFO La cantidad de nodos abiertos es de: 103
2020-06-08 13:35:31,373 INFO Se abrio el nodo: (269, 'ciudad4')
2020-06-08 13:35:31,373 INFO El proximo nodo a abrir será: (428, 'ciudad9')
2020-06-08 13:35:31,373 INFO La cantidad de nodos abiertos es de: 104
2020-06-08 13:35:31,406 INFO Se abrio el nodo: (428, 'ciudad9')
2020-06-08 13:35:31,407 INFO El proximo nodo a abrir será: (471, 'ciudad7')
2020-06-08 13:35:31,407 INFO La cantidad de nodos abiertos es de: 105
2020-06-08 13:35:31,444 INFO Se abrio el nodo: (471, 'ciudad7')
2020-06-08 13:35:31,444 INFO El proximo nodo a abrir será: (281, 'ciudad4')
2020-06-08 13:35:31,444 INFO La cantidad de nodos abiertos es de: 106
2020-06-08 13:35:31,484 INFO Se abrio el nodo: (281, 'ciudad4')
2020-06-08 13:35:31,484 INFO El proximo nodo a abrir será: (361, 'ciudad2')
2020-06-08 13:35:31,484 INFO La cantidad de nodos abiertos es de: 107
2020-06-08 13:35:31,522 INFO Se abrio el nodo: (361, 'ciudad2')
2020-06-08 13:35:31,522 INFO El proximo nodo a abrir será: (440, 'ciudad9')
2020-06-08 13:35:31,523 INFO La cantidad de nodos abiertos es de: 108
2020-06-08 13:35:31,566 INFO Se abrio el nodo: (440, 'ciudad9')
2020-06-08 13:35:31,567 INFO El proximo nodo a abrir será: (285, 'ciudad4')
2020-06-08 13:35:31,567 INFO La cantidad de nodos abiertos es de: 109
2020-06-08 13:35:31,602 INFO Se abrio el nodo: (285, 'ciudad4')
2020-06-08 13:35:31,603 INFO El proximo nodo a abrir será: (290, 'ciudad6')
2020-06-08 13:35:31,603 INFO La cantidad de nodos abiertos es de: 110
2020-06-08 13:35:31,687 INFO Se abrio el nodo: (290, 'ciudad6')
2020-06-08 13:35:31,688 INFO El proximo nodo a abrir será: (481, 'ciudad7')
2020-06-08 13:35:31,688 INFO La cantidad de nodos abiertos es de: 111
2020-06-08 13:35:31,728 INFO Se abrio el nodo: (481, 'ciudad7')
2020-06-08 13:35:31,729 INFO El proximo nodo a abrir será: (483, 'ciudad5')
2020-06-08 13:35:31,729 INFO La cantidad de nodos abiertos es de: 112
2020-06-08 13:35:31,774 INFO Se abrio el nodo: (483, 'ciudad5')
2020-06-08 13:35:31,775 INFO El proximo nodo a abrir será: (492, 'ciudad5')
2020-06-08 13:35:31,775 INFO La cantidad de nodos abiertos es de: 113
2020-06-08 13:35:31,814 INFO Se abrio el nodo: (492, 'ciudad5')
2020-06-08 13:35:31,814 INFO El proximo nodo a abrir será: (496, 'ciudad7')
2020-06-08 13:35:31,814 INFO La cantidad de nodos abiertos es de: 114
2020-06-08 13:35:31,870 INFO Se abrio el nodo: (496, 'ciudad7')
2020-06-08 13:35:31,870 INFO El proximo nodo a abrir será: (501, 'ciudad5')
2020-06-08 13:35:31,870 INFO La cantidad de nodos abiertos es de: 115
2020-06-08 13:35:31,914 INFO Se abrio el nodo: (501, 'ciudad5')
2020-06-08 13:35:31,914 INFO El proximo nodo a abrir será: (16, 'ciudad8')
2020-06-08 13:35:31,915 INFO La cantidad de nodos abiertos es de: 116
2020-06-08 13:35:31,958 INFO Se abrio el nodo: (16, 'ciudad8')
2020-06-08 13:35:31,958 INFO El proximo nodo a abrir será: (146, 'ciudad6')
2020-06-08 13:35:31,959 INFO La cantidad de nodos abiertos es de: 117
2020-06-08 13:35:31,994 INFO Se abrio el nodo: (146, 'ciudad6')
2020-06-08 13:35:31,994 INFO El proximo nodo a abrir será: (518, 'ciudad3')
2020-06-08 13:35:31,995 INFO La cantidad de nodos abiertos es de: 118
2020-06-08 13:35:32,064 INFO Se abrio el nodo: (518, 'ciudad3')
2020-06-08 13:35:32,064 INFO El proximo nodo a abrir será: (159, 'ciudad6')
2020-06-08 13:35:32,064 INFO La cantidad de nodos abiertos es de: 119
2020-06-08 13:35:32,103 INFO Se abrio el nodo: (159, 'ciudad6')
2020-06-08 13:35:32,104 INFO El proximo nodo a abrir será: (55, 'ciudad9')
2020-06-08 13:35:32,104 INFO La cantidad de nodos abiertos es de: 120
2020-06-08 13:35:32,141 INFO Se abrio el nodo: (55, 'ciudad9')
2020-06-08 13:35:32,141 INFO El proximo nodo a abrir será: (73, 'ciudad8')
2020-06-08 13:35:32,141 INFO La cantidad de nodos abiertos es de: 121
2020-06-08 13:35:32,178 INFO Se abrio el nodo: (73, 'ciudad8')
2020-06-08 13:35:32,178 INFO El proximo nodo a abrir será: (189, 'ciudad5')
2020-06-08 13:35:32,179 INFO La cantidad de nodos abiertos es de: 122
2020-06-08 13:35:32,216 INFO Se abrio el nodo: (189, 'ciudad5')
2020-06-08 13:35:32,216 INFO El proximo nodo a abrir será: (312, 'ciudad2')
2020-06-08 13:35:32,217 INFO La cantidad de nodos abiertos es de: 123
2020-06-08 13:35:32,287 INFO Se abrio el nodo: (312, 'ciudad2')
2020-06-08 13:35:32,288 INFO El proximo nodo a abrir será: (393, 'ciudad3')
2020-06-08 13:35:32,288 INFO La cantidad de nodos abiertos es de: 124
2020-06-08 13:35:32,338 INFO Se abrio el nodo: (393, 'ciudad3')
2020-06-08 13:35:32,338 INFO El proximo nodo a abrir será: (210, 'ciudad6')
2020-06-08 13:35:32,338 INFO La cantidad de nodos abiertos es de: 125
2020-06-08 13:35:32,384 INFO Se abrio el nodo: (210, 'ciudad6')
2020-06-08 13:35:32,385 INFO El proximo nodo a abrir será: (323, 'ciudad2')
2020-06-08 13:35:32,385 INFO La cantidad de nodos abiertos es de: 126
2020-06-08 13:35:32,424 INFO Se abrio el nodo: (323, 'ciudad2')
2020-06-08 13:35:32,424 INFO El proximo nodo a abrir será: (532, 'ciudad6')
2020-06-08 13:35:32,425 INFO La cantidad de nodos abiertos es de: 127
2020-06-08 13:35:32,464 INFO Se abrio el nodo: (532, 'ciudad6')
2020-06-08 13:35:32,464 INFO El proximo nodo a abrir será: (550, 'ciudad4')
2020-06-08 13:35:32,464 INFO La cantidad de nodos abiertos es de: 128
2020-06-08 13:35:32,504 INFO Se abrio el nodo: (550, 'ciudad4')
2020-06-08 13:35:32,504 INFO El proximo nodo a abrir será: (83, 'ciudad9')
2020-06-08 13:35:32,504 INFO La cantidad de nodos abiertos es de: 129
2020-06-08 13:35:32,555 INFO Se abrio el nodo: (83, 'ciudad9')
2020-06-08 13:35:32,555 INFO El proximo nodo a abrir será: (329, 'ciudad4')
2020-06-08 13:35:32,556 INFO La cantidad de nodos abiertos es de: 130
2020-06-08 13:35:32,607 INFO Se abrio el nodo: (329, 'ciudad4')
2020-06-08 13:35:32,607 INFO El proximo nodo a abrir será: (556, 'ciudad7')
2020-06-08 13:35:32,607 INFO La cantidad de nodos abiertos es de: 131
2020-06-08 13:35:32,648 INFO Se abrio el nodo: (556, 'ciudad7')
2020-06-08 13:35:32,648 INFO El proximo nodo a abrir será: (343, 'ciudad3')
2020-06-08 13:35:32,649 INFO La cantidad de nodos abiertos es de: 132
2020-06-08 13:35:32,692 INFO Se abrio el nodo: (343, 'ciudad3')
2020-06-08 13:35:32,692 INFO El proximo nodo a abrir será: (348, 'ciudad2')
2020-06-08 13:35:32,692 INFO La cantidad de nodos abiertos es de: 133
2020-06-08 13:35:32,740 INFO Se abrio el nodo: (348, 'ciudad2')
2020-06-08 13:35:32,741 INFO El proximo nodo a abrir será: (561, 'ciudad8')
2020-06-08 13:35:32,741 INFO La cantidad de nodos abiertos es de: 134
2020-06-08 13:35:32,796 INFO Se abrio el nodo: (561, 'ciudad8')
2020-06-08 13:35:32,796 INFO El proximo nodo a abrir será: (568, 'ciudad7')
2020-06-08 13:35:32,796 INFO La cantidad de nodos abiertos es de: 135
2020-06-08 13:35:32,854 INFO Se abrio el nodo: (568, 'ciudad7')
2020-06-08 13:35:32,855 INFO El proximo nodo a abrir será: (584, 'ciudad5')
2020-06-08 13:35:32,855 INFO La cantidad de nodos abiertos es de: 136
2020-06-08 13:35:32,925 INFO Se abrio el nodo: (584, 'ciudad5')
2020-06-08 13:35:32,926 INFO El proximo nodo a abrir será: (596, 'ciudad7')
2020-06-08 13:35:32,926 INFO La cantidad de nodos abiertos es de: 137
2020-06-08 13:35:32,972 INFO Se abrio el nodo: (596, 'ciudad7')
2020-06-08 13:35:32,972 INFO El proximo nodo a abrir será: (123, 'ciudad5')
2020-06-08 13:35:32,973 INFO La cantidad de nodos abiertos es de: 138
2020-06-08 13:35:33,032 INFO Se abrio el nodo: (123, 'ciudad5')
2020-06-08 13:35:33,032 INFO El proximo nodo a abrir será: (445, 'ciudad2')
2020-06-08 13:35:33,032 INFO La cantidad de nodos abiertos es de: 139
2020-06-08 13:35:33,086 INFO Se abrio el nodo: (445, 'ciudad2')
2020-06-08 13:35:33,086 INFO El proximo nodo a abrir será: (593, 'ciudad8')
2020-06-08 13:35:33,086 INFO La cantidad de nodos abiertos es de: 140
2020-06-08 13:35:33,133 INFO Se abrio el nodo: (593, 'ciudad8')
2020-06-08 13:35:33,134 INFO El proximo nodo a abrir será: (453, 'ciudad2')
2020-06-08 13:35:33,134 INFO La cantidad de nodos abiertos es de: 141
2020-06-08 13:35:33,179 INFO Se abrio el nodo: (453, 'ciudad2')
2020-06-08 13:35:33,179 INFO El proximo nodo a abrir será: (611, 'ciudad4')
2020-06-08 13:35:33,179 INFO La cantidad de nodos abiertos es de: 142
2020-06-08 13:35:33,225 INFO Se abrio el nodo: (611, 'ciudad4')
2020-06-08 13:35:33,225 INFO El proximo nodo a abrir será: (369, 'ciudad4')
2020-06-08 13:35:33,225 INFO La cantidad de nodos abiertos es de: 143
2020-06-08 13:35:33,272 INFO Se abrio el nodo: (369, 'ciudad4')
2020-06-08 13:35:33,273 INFO El proximo nodo a abrir será: (372, 'ciudad4')
2020-06-08 13:35:33,273 INFO La cantidad de nodos abiertos es de: 144
2020-06-08 13:35:33,319 INFO Se abrio el nodo: (372, 'ciudad4')
2020-06-08 13:35:33,319 INFO El proximo nodo a abrir será: (615, 'ciudad7')
2020-06-08 13:35:33,319 INFO La cantidad de nodos abiertos es de: 145
2020-06-08 13:35:33,366 INFO Se abrio el nodo: (615, 'ciudad7')
2020-06-08 13:35:33,366 INFO El proximo nodo a abrir será: (620, 'ciudad7')
2020-06-08 13:35:33,366 INFO La cantidad de nodos abiertos es de: 146
2020-06-08 13:35:33,412 INFO Se abrio el nodo: (620, 'ciudad7')
2020-06-08 13:35:33,412 INFO El proximo nodo a abrir será: (624, 'ciudad5')
2020-06-08 13:35:33,412 INFO La cantidad de nodos abiertos es de: 147
2020-06-08 13:35:33,459 INFO Se abrio el nodo: (624, 'ciudad5')
2020-06-08 13:35:33,459 INFO El proximo nodo a abrir será: (626, 'ciudad5')
2020-06-08 13:35:33,459 INFO La cantidad de nodos abiertos es de: 148
2020-06-08 13:35:33,505 INFO Se abrio el nodo: (626, 'ciudad5')
2020-06-08 13:35:33,505 INFO El proximo nodo a abrir será: (517, 'ciudad2')
2020-06-08 13:35:33,506 INFO La cantidad de nodos abiertos es de: 149
2020-06-08 13:35:33,552 INFO Se abrio el nodo: (517, 'ciudad2')
2020-06-08 13:35:33,552 INFO El proximo nodo a abrir será: (99, 'ciudad9')
2020-06-08 13:35:33,552 INFO La cantidad de nodos abiertos es de: 150
2020-06-08 13:35:33,599 INFO Se abrio el nodo: (99, 'ciudad9')
2020-06-08 13:35:33,600 INFO El proximo nodo a abrir será: (524, 'ciudad3')
2020-06-08 13:35:33,600 INFO La cantidad de nodos abiertos es de: 151
2020-06-08 13:35:33,647 INFO Se abrio el nodo: (524, 'ciudad3')
2020-06-08 13:35:33,648 INFO El proximo nodo a abrir será: (637, 'ciudad7')
2020-06-08 13:35:33,648 INFO La cantidad de nodos abiertos es de: 152
2020-06-08 13:35:33,695 INFO Se abrio el nodo: (637, 'ciudad7')
2020-06-08 13:35:33,695 INFO El proximo nodo a abrir será: (535, 'ciudad3')
2020-06-08 13:35:33,696 INFO La cantidad de nodos abiertos es de: 153
2020-06-08 13:35:33,743 INFO Se abrio el nodo: (535, 'ciudad3')
2020-06-08 13:35:33,744 INFO El proximo nodo a abrir será: (93, 'ciudad8')
2020-06-08 13:35:33,744 INFO La cantidad de nodos abiertos es de: 154
2020-06-08 13:35:33,792 INFO Se abrio el nodo: (93, 'ciudad8')
2020-06-08 13:35:33,792 INFO El proximo nodo a abrir será: (646, 'ciudad8')
2020-06-08 13:35:33,792 INFO La cantidad de nodos abiertos es de: 155
2020-06-08 13:35:33,849 INFO Se abrio el nodo: (646, 'ciudad8')
2020-06-08 13:35:33,849 INFO El proximo nodo a abrir será: (402, 'ciudad2')
2020-06-08 13:35:33,850 INFO La cantidad de nodos abiertos es de: 156
2020-06-08 13:35:33,899 INFO Se abrio el nodo: (402, 'ciudad2')
2020-06-08 13:35:33,899 INFO El proximo nodo a abrir será: (240, 'ciudad6')
2020-06-08 13:35:33,899 INFO La cantidad de nodos abiertos es de: 157
2020-06-08 13:35:33,948 INFO Se abrio el nodo: (240, 'ciudad6')
2020-06-08 13:35:33,949 INFO El proximo nodo a abrir será: (562, 'ciudad9')
2020-06-08 13:35:33,949 INFO La cantidad de nodos abiertos es de: 158
2020-06-08 13:35:33,999 INFO Se abrio el nodo: (562, 'ciudad9')
2020-06-08 13:35:33,999 INFO El proximo nodo a abrir será: (654, 'ciudad8')
2020-06-08 13:35:33,999 INFO La cantidad de nodos abiertos es de: 159
2020-06-08 13:35:34,049 INFO Se abrio el nodo: (654, 'ciudad8')
2020-06-08 13:35:34,050 INFO El proximo nodo a abrir será: (417, 'ciudad2')
2020-06-08 13:35:34,050 INFO La cantidad de nodos abiertos es de: 160
2020-06-08 13:35:34,100 INFO Se abrio el nodo: (417, 'ciudad2')
2020-06-08 13:35:34,100 INFO El proximo nodo a abrir será: (433, 'ciudad2')
2020-06-08 13:35:34,100 INFO La cantidad de nodos abiertos es de: 161
2020-06-08 13:35:34,152 INFO Se abrio el nodo: (433, 'ciudad2')
2020-06-08 13:35:34,152 INFO El proximo nodo a abrir será: (437, 'ciudad4')
2020-06-08 13:35:34,152 INFO La cantidad de nodos abiertos es de: 162
2020-06-08 13:35:34,203 INFO Se abrio el nodo: (437, 'ciudad4')
2020-06-08 13:35:34,203 INFO El proximo nodo a abrir será: (665, 'ciudad7')
2020-06-08 13:35:34,203 INFO La cantidad de nodos abiertos es de: 163
2020-06-08 13:35:34,254 INFO Se abrio el nodo: (665, 'ciudad7')
2020-06-08 13:35:34,254 INFO El proximo nodo a abrir será: (677, 'ciudad7')
2020-06-08 13:35:34,254 INFO La cantidad de nodos abiertos es de: 164
2020-06-08 13:35:34,306 INFO Se abrio el nodo: (677, 'ciudad7')
2020-06-08 13:35:34,306 INFO El proximo nodo a abrir será: (683, 'ciudad5')
2020-06-08 13:35:34,306 INFO La cantidad de nodos abiertos es de: 165
2020-06-08 13:35:34,358 INFO Se abrio el nodo: (683, 'ciudad5')
2020-06-08 13:35:34,358 INFO El proximo nodo a abrir será: (681, 'ciudad7')
2020-06-08 13:35:34,358 INFO La cantidad de nodos abiertos es de: 166
2020-06-08 13:35:34,409 INFO Se abrio el nodo: (681, 'ciudad7')
2020-06-08 13:35:34,409 INFO El proximo nodo a abrir será: (530, 'ciudad4')
2020-06-08 13:35:34,410 INFO La cantidad de nodos abiertos es de: 167
2020-06-08 13:35:34,461 INFO Se abrio el nodo: (530, 'ciudad4')
2020-06-08 13:35:34,462 INFO El proximo nodo a abrir será: (544, 'ciudad2')
2020-06-08 13:35:34,462 INFO La cantidad de nodos abiertos es de: 168
2020-06-08 13:35:34,514 INFO Se abrio el nodo: (544, 'ciudad2')
2020-06-08 13:35:34,514 INFO El proximo nodo a abrir será: (557, 'ciudad8')
2020-06-08 13:35:34,514 INFO La cantidad de nodos abiertos es de: 169
2020-06-08 13:35:34,565 INFO Se abrio el nodo: (557, 'ciudad8')
2020-06-08 13:35:34,565 INFO El proximo nodo a abrir será: (638, 'ciudad3')
2020-06-08 13:35:34,565 INFO La cantidad de nodos abiertos es de: 170
2020-06-08 13:35:34,613 INFO Se abrio el nodo: (638, 'ciudad3')
2020-06-08 13:35:34,613 INFO El proximo nodo a abrir será: (647, 'ciudad9')
2020-06-08 13:35:34,613 INFO La cantidad de nodos abiertos es de: 171
2020-06-08 13:35:34,660 INFO Se abrio el nodo: (647, 'ciudad9')
2020-06-08 13:35:34,660 INFO El proximo nodo a abrir será: (696, 'ciudad5')
2020-06-08 13:35:34,660 INFO La cantidad de nodos abiertos es de: 172
2020-06-08 13:35:34,709 INFO Se abrio el nodo: (696, 'ciudad5')
2020-06-08 13:35:34,709 INFO El proximo nodo a abrir será: (569, 'ciudad8')
2020-06-08 13:35:34,709 INFO La cantidad de nodos abiertos es de: 173
2020-06-08 13:35:34,757 INFO Se abrio el nodo: (569, 'ciudad8')
2020-06-08 13:35:34,758 INFO El proximo nodo a abrir será: (655, 'ciudad9')
2020-06-08 13:35:34,758 INFO La cantidad de nodos abiertos es de: 174
2020-06-08 13:35:34,806 INFO Se abrio el nodo: (655, 'ciudad9')
2020-06-08 13:35:34,806 INFO El proximo nodo a abrir será: (702, 'ciudad7')
2020-06-08 13:35:34,806 INFO La cantidad de nodos abiertos es de: 175
2020-06-08 13:35:34,864 INFO Se abrio el nodo: (702, 'ciudad7')
2020-06-08 13:35:34,865 INFO El proximo nodo a abrir será: (286, 'ciudad5')
2020-06-08 13:35:34,865 INFO La cantidad de nodos abiertos es de: 176
2020-06-08 13:35:34,920 INFO Se abrio el nodo: (286, 'ciudad5')
2020-06-08 13:35:34,920 INFO El proximo nodo a abrir será: (470, 'ciudad6')
2020-06-08 13:35:34,920 INFO La cantidad de nodos abiertos es de: 177
2020-06-08 13:35:34,975 INFO Se abrio el nodo: (470, 'ciudad6')
2020-06-08 13:35:34,975 INFO El proximo nodo a abrir será: (594, 'ciudad9')
2020-06-08 13:35:34,975 INFO La cantidad de nodos abiertos es de: 178
2020-06-08 13:35:35,031 INFO Se abrio el nodo: (594, 'ciudad9')
2020-06-08 13:35:35,031 INFO El proximo nodo a abrir será: (703, 'ciudad3')
2020-06-08 13:35:35,031 INFO La cantidad de nodos abiertos es de: 179
2020-06-08 13:35:35,087 INFO Se abrio el nodo: (703, 'ciudad3')
2020-06-08 13:35:35,088 INFO El proximo nodo a abrir será: (599, 'ciudad2')
2020-06-08 13:35:35,088 INFO La cantidad de nodos abiertos es de: 180
2020-06-08 13:35:35,142 INFO Se abrio el nodo: (599, 'ciudad2')
2020-06-08 13:35:35,143 INFO El proximo nodo a abrir será: (303, 'ciudad6')
2020-06-08 13:35:35,143 INFO La cantidad de nodos abiertos es de: 181
2020-06-08 13:35:35,199 INFO Se abrio el nodo: (303, 'ciudad6')
2020-06-08 13:35:35,199 INFO El proximo nodo a abrir será: (480, 'ciudad6')
2020-06-08 13:35:35,199 INFO La cantidad de nodos abiertos es de: 182
2020-06-08 13:35:35,256 INFO Se abrio el nodo: (480, 'ciudad6')
2020-06-08 13:35:35,256 INFO El proximo nodo a abrir será: (718, 'ciudad3')
2020-06-08 13:35:35,256 INFO La cantidad de nodos abiertos es de: 183
2020-06-08 13:35:35,312 INFO Se abrio el nodo: (718, 'ciudad3')
2020-06-08 13:35:35,313 INFO El proximo nodo a abrir será: (727, 'ciudad4')
2020-06-08 13:35:35,313 INFO La cantidad de nodos abiertos es de: 184
2020-06-08 13:35:35,369 INFO Se abrio el nodo: (727, 'ciudad4')
2020-06-08 13:35:35,370 INFO El proximo nodo a abrir será: (484, 'ciudad6')
2020-06-08 13:35:35,370 INFO La cantidad de nodos abiertos es de: 185
2020-06-08 13:35:35,423 INFO Se abrio el nodo: (484, 'ciudad6')
2020-06-08 13:35:35,423 INFO El proximo nodo a abrir será: (739, 'ciudad7')
2020-06-08 13:35:35,423 INFO La cantidad de nodos abiertos es de: 186
2020-06-08 13:35:35,476 INFO Se abrio el nodo: (739, 'ciudad7')
2020-06-08 13:35:35,476 INFO El proximo nodo a abrir será: (314, 'ciudad5')
2020-06-08 13:35:35,476 INFO La cantidad de nodos abiertos es de: 187
2020-06-08 13:35:35,528 INFO Se abrio el nodo: (314, 'ciudad5')
2020-06-08 13:35:35,528 INFO El proximo nodo a abrir será: (523, 'ciudad2')
2020-06-08 13:35:35,529 INFO La cantidad de nodos abiertos es de: 188
2020-06-08 13:35:35,580 INFO Se abrio el nodo: (523, 'ciudad2')
2020-06-08 13:35:35,581 INFO El proximo nodo a abrir será: (525, 'ciudad4')
2020-06-08 13:35:35,581 INFO La cantidad de nodos abiertos es de: 189
2020-06-08 13:35:35,633 INFO Se abrio el nodo: (525, 'ciudad4')
2020-06-08 13:35:35,633 INFO El proximo nodo a abrir será: (534, 'ciudad2')
2020-06-08 13:35:35,633 INFO La cantidad de nodos abiertos es de: 190
2020-06-08 13:35:35,685 INFO Se abrio el nodo: (534, 'ciudad2')
2020-06-08 13:35:35,685 INFO El proximo nodo a abrir será: (330, 'ciudad5')
2020-06-08 13:35:35,686 INFO La cantidad de nodos abiertos es de: 191
2020-06-08 13:35:35,739 INFO Se abrio el nodo: (330, 'ciudad5')
2020-06-08 13:35:35,739 INFO El proximo nodo a abrir será: (759, 'ciudad7')
2020-06-08 13:35:35,739 INFO La cantidad de nodos abiertos es de: 192
2020-06-08 13:35:35,792 INFO Se abrio el nodo: (759, 'ciudad7')
2020-06-08 13:35:35,792 INFO El proximo nodo a abrir será: (349, 'ciudad5')
2020-06-08 13:35:35,792 INFO La cantidad de nodos abiertos es de: 193
2020-06-08 13:35:35,856 INFO Se abrio el nodo: (349, 'ciudad5')
2020-06-08 13:35:35,856 INFO El proximo nodo a abrir será: (768, 'ciudad7')
2020-06-08 13:35:35,856 INFO La cantidad de nodos abiertos es de: 194
2020-06-08 13:35:35,917 INFO Se abrio el nodo: (768, 'ciudad7')
2020-06-08 13:35:35,917 INFO El proximo nodo a abrir será: (772, 'ciudad4')
2020-06-08 13:35:35,917 INFO La cantidad de nodos abiertos es de: 195
2020-06-08 13:35:35,976 INFO Se abrio el nodo: (772, 'ciudad4')
2020-06-08 13:35:35,977 INFO El proximo nodo a abrir será: (563, 'ciudad2')
2020-06-08 13:35:35,977 INFO La cantidad de nodos abiertos es de: 196
2020-06-08 13:35:36,037 INFO Se abrio el nodo: (563, 'ciudad2')
2020-06-08 13:35:36,037 INFO El proximo nodo a abrir será: (571, 'ciudad2')
2020-06-08 13:35:36,037 INFO La cantidad de nodos abiertos es de: 197
2020-06-08 13:35:36,097 INFO Se abrio el nodo: (571, 'ciudad2')
2020-06-08 13:35:36,097 INFO El proximo nodo a abrir será: (572, 'ciudad4')
2020-06-08 13:35:36,098 INFO La cantidad de nodos abiertos es de: 198
2020-06-08 13:35:36,158 INFO Se abrio el nodo: (572, 'ciudad4')
2020-06-08 13:35:36,158 INFO El proximo nodo a abrir será: (575, 'ciudad3')
2020-06-08 13:35:36,159 INFO La cantidad de nodos abiertos es de: 199
2020-06-08 13:35:36,219 INFO Se abrio el nodo: (575, 'ciudad3')
2020-06-08 13:35:36,219 INFO El proximo nodo a abrir será: (583, 'ciudad3')
2020-06-08 13:35:36,219 INFO La cantidad de nodos abiertos es de: 200
2020-06-08 13:35:36,281 INFO Se abrio el nodo: (583, 'ciudad3')
2020-06-08 13:35:36,282 INFO El proximo nodo a abrir será: (258, 'ciudad9')
2020-06-08 13:35:36,282 INFO La cantidad de nodos abiertos es de: 201
2020-06-08 13:35:36,338 INFO Se abrio el nodo: (258, 'ciudad9')
2020-06-08 13:35:36,338 INFO El proximo nodo a abrir será: (597, 'ciudad8')
2020-06-08 13:35:36,338 INFO La cantidad de nodos abiertos es de: 202
2020-06-08 13:35:36,393 INFO Se abrio el nodo: (597, 'ciudad8')
2020-06-08 13:35:36,393 INFO El proximo nodo a abrir será: (656, 'ciudad2')
2020-06-08 13:35:36,393 INFO La cantidad de nodos abiertos es de: 203
2020-06-08 13:35:36,448 INFO Se abrio el nodo: (656, 'ciudad2')
2020-06-08 13:35:36,448 INFO El proximo nodo a abrir será: (660, 'ciudad2')
2020-06-08 13:35:36,448 INFO La cantidad de nodos abiertos es de: 204
2020-06-08 13:35:36,504 INFO Se abrio el nodo: (660, 'ciudad2')
2020-06-08 13:35:36,504 INFO El proximo nodo a abrir será: (796, 'ciudad5')
2020-06-08 13:35:36,504 INFO La cantidad de nodos abiertos es de: 205
2020-06-08 13:35:36,560 INFO Se abrio el nodo: (796, 'ciudad5')
2020-06-08 13:35:36,561 INFO El proximo nodo a abrir será: (789, 'ciudad7')
2020-06-08 13:35:36,561 INFO La cantidad de nodos abiertos es de: 206
2020-06-08 13:35:36,616 INFO Se abrio el nodo: (789, 'ciudad7')
2020-06-08 13:35:36,616 INFO El proximo nodo a abrir será: (794, 'ciudad7')
2020-06-08 13:35:36,617 INFO La cantidad de nodos abiertos es de: 207
2020-06-08 13:35:36,672 INFO Se abrio el nodo: (794, 'ciudad7')
2020-06-08 13:35:36,673 INFO El proximo nodo a abrir será: (674, 'ciudad2')
2020-06-08 13:35:36,673 INFO La cantidad de nodos abiertos es de: 208
2020-06-08 13:35:36,729 INFO Se abrio el nodo: (674, 'ciudad2')
2020-06-08 13:35:36,729 INFO El proximo nodo a abrir será: (799, 'ciudad8')
2020-06-08 13:35:36,729 INFO La cantidad de nodos abiertos es de: 209
2020-06-08 13:35:36,786 INFO Se abrio el nodo: (799, 'ciudad8')
2020-06-08 13:35:36,786 INFO El proximo nodo a abrir será: (370, 'ciudad5')
2020-06-08 13:35:36,786 INFO La cantidad de nodos abiertos es de: 210
2020-06-08 13:35:36,853 INFO Se abrio el nodo: (370, 'ciudad5')
2020-06-08 13:35:36,853 INFO El proximo nodo a abrir será: (373, 'ciudad5')
2020-06-08 13:35:36,854 INFO La cantidad de nodos abiertos es de: 211
2020-06-08 13:35:36,916 INFO Se abrio el nodo: (373, 'ciudad5')
2020-06-08 13:35:36,916 INFO El proximo nodo a abrir será: (802, 'ciudad8')
2020-06-08 13:35:36,916 INFO La cantidad de nodos abiertos es de: 212
2020-06-08 13:35:36,980 INFO Se abrio el nodo: (802, 'ciudad8')
2020-06-08 13:35:36,980 INFO El proximo nodo a abrir será: (812, 'ciudad7')
2020-06-08 13:35:36,980 INFO La cantidad de nodos abiertos es de: 213
2020-06-08 13:35:37,044 INFO Se abrio el nodo: (812, 'ciudad7')
2020-06-08 13:35:37,045 INFO El proximo nodo a abrir será: (814, 'ciudad7')
2020-06-08 13:35:37,045 INFO La cantidad de nodos abiertos es de: 214
2020-06-08 13:35:37,109 INFO Se abrio el nodo: (814, 'ciudad7')
2020-06-08 13:35:37,109 INFO El proximo nodo a abrir será: (822, 'ciudad7')
2020-06-08 13:35:37,109 INFO La cantidad de nodos abiertos es de: 215
2020-06-08 13:35:37,174 INFO Se abrio el nodo: (822, 'ciudad7')
2020-06-08 13:35:37,174 INFO El proximo nodo a abrir será: (826, 'ciudad4')
2020-06-08 13:35:37,174 INFO La cantidad de nodos abiertos es de: 216
2020-06-08 13:35:37,238 INFO Se abrio el nodo: (826, 'ciudad4')
2020-06-08 13:35:37,238 INFO El proximo nodo a abrir será: (828, 'ciudad4')
2020-06-08 13:35:37,238 INFO La cantidad de nodos abiertos es de: 217
2020-06-08 13:35:37,303 INFO Se abrio el nodo: (828, 'ciudad4')
2020-06-08 13:35:37,303 INFO El proximo nodo a abrir será: (263, 'ciudad9')
2020-06-08 13:35:37,303 INFO La cantidad de nodos abiertos es de: 218
2020-06-08 13:35:37,369 INFO Se abrio el nodo: (263, 'ciudad9')
2020-06-08 13:35:37,369 INFO El proximo nodo a abrir será: (636, 'ciudad6')
2020-06-08 13:35:37,370 INFO La cantidad de nodos abiertos es de: 219
2020-06-08 13:35:37,435 INFO Se abrio el nodo: (636, 'ciudad6')
2020-06-08 13:35:37,435 INFO El proximo nodo a abrir será: (268, 'ciudad9')
2020-06-08 13:35:37,435 INFO La cantidad de nodos abiertos es de: 220
2020-06-08 13:35:37,503 INFO Se abrio el nodo: (268, 'ciudad9')
2020-06-08 13:35:37,503 INFO El proximo nodo a abrir será: (403, 'ciudad5')
2020-06-08 13:35:37,503 INFO La cantidad de nodos abiertos es de: 221
2020-06-08 13:35:37,569 INFO Se abrio el nodo: (403, 'ciudad5')
2020-06-08 13:35:37,569 INFO El proximo nodo a abrir será: (644, 'ciudad4')
2020-06-08 13:35:37,569 INFO La cantidad de nodos abiertos es de: 222
2020-06-08 13:35:37,635 INFO Se abrio el nodo: (644, 'ciudad4')
2020-06-08 13:35:37,636 INFO El proximo nodo a abrir será: (434, 'ciudad5')
2020-06-08 13:35:37,636 INFO La cantidad de nodos abiertos es de: 223
2020-06-08 13:35:37,702 INFO Se abrio el nodo: (434, 'ciudad5')
2020-06-08 13:35:37,702 INFO El proximo nodo a abrir será: (666, 'ciudad8')
2020-06-08 13:35:37,702 INFO La cantidad de nodos abiertos es de: 224
2020-06-08 13:35:37,769 INFO Se abrio el nodo: (666, 'ciudad8')
2020-06-08 13:35:37,770 INFO El proximo nodo a abrir será: (709, 'ciudad6')
2020-06-08 13:35:37,770 INFO La cantidad de nodos abiertos es de: 225
2020-06-08 13:35:37,844 INFO Se abrio el nodo: (709, 'ciudad6')
2020-06-08 13:35:37,844 INFO El proximo nodo a abrir será: (668, 'ciudad2')
2020-06-08 13:35:37,844 INFO La cantidad de nodos abiertos es de: 226
2020-06-08 13:35:37,909 INFO Se abrio el nodo: (668, 'ciudad2')
2020-06-08 13:35:37,909 INFO El proximo nodo a abrir será: (678, 'ciudad8')
2020-06-08 13:35:37,909 INFO La cantidad de nodos abiertos es de: 227
2020-06-08 13:35:37,969 INFO Se abrio el nodo: (678, 'ciudad8')
2020-06-08 13:35:37,969 INFO El proximo nodo a abrir será: (682, 'ciudad8')
2020-06-08 13:35:37,969 INFO La cantidad de nodos abiertos es de: 228
2020-06-08 13:35:38,030 INFO Se abrio el nodo: (682, 'ciudad8')
2020-06-08 13:35:38,030 INFO El proximo nodo a abrir será: (738, 'ciudad9')
2020-06-08 13:35:38,031 INFO La cantidad de nodos abiertos es de: 229
2020-06-08 13:35:38,091 INFO Se abrio el nodo: (738, 'ciudad9')
2020-06-08 13:35:38,091 INFO El proximo nodo a abrir será: (868, 'ciudad7')
2020-06-08 13:35:38,091 INFO La cantidad de nodos abiertos es de: 230
2020-06-08 13:35:38,151 INFO Se abrio el nodo: (868, 'ciudad7')
2020-06-08 13:35:38,152 INFO El proximo nodo a abrir será: (746, 'ciudad9')
2020-06-08 13:35:38,152 INFO La cantidad de nodos abiertos es de: 231
2020-06-08 13:35:38,212 INFO Se abrio el nodo: (746, 'ciudad9')
2020-06-08 13:35:38,213 INFO El proximo nodo a abrir será: (39, 'ciudad4')
2020-06-08 13:35:38,213 INFO La cantidad de nodos abiertos es de: 232
2020-06-08 13:35:38,273 INFO Se abrio el nodo: (39, 'ciudad4')
2020-06-08 13:35:38,274 INFO El proximo nodo a abrir será: (879, 'ciudad5')
2020-06-08 13:35:38,274 INFO La cantidad de nodos abiertos es de: 233
2020-06-08 13:35:38,334 INFO Se abrio el nodo: (879, 'ciudad5')
2020-06-08 13:35:38,335 INFO El proximo nodo a abrir será: (342, 'ciudad9')
2020-06-08 13:35:38,335 INFO La cantidad de nodos abiertos es de: 234
2020-06-08 13:35:38,396 INFO Se abrio el nodo: (342, 'ciudad9')
2020-06-08 13:35:38,396 INFO El proximo nodo a abrir será: (760, 'ciudad8')
2020-06-08 13:35:38,396 INFO La cantidad de nodos abiertos es de: 235
2020-06-08 13:35:38,459 INFO Se abrio el nodo: (760, 'ciudad8')
2020-06-08 13:35:38,459 INFO El proximo nodo a abrir será: (356, 'ciudad9')
2020-06-08 13:35:38,459 INFO La cantidad de nodos abiertos es de: 236
2020-06-08 13:35:38,528 INFO Se abrio el nodo: (356, 'ciudad9')
2020-06-08 13:35:38,528 INFO El proximo nodo a abrir será: (697, 'ciudad6')
2020-06-08 13:35:38,528 INFO La cantidad de nodos abiertos es de: 237
2020-06-08 13:35:38,603 INFO Se abrio el nodo: (697, 'ciudad6')
2020-06-08 13:35:38,603 INFO El proximo nodo a abrir será: (769, 'ciudad8')
2020-06-08 13:35:38,604 INFO La cantidad de nodos abiertos es de: 238
2020-06-08 13:35:38,670 INFO Se abrio el nodo: (769, 'ciudad8')
2020-06-08 13:35:38,670 INFO El proximo nodo a abrir será: (364, 'ciudad9')
2020-06-08 13:35:38,670 INFO La cantidad de nodos abiertos es de: 239
2020-06-08 13:35:38,737 INFO Se abrio el nodo: (364, 'ciudad9')
2020-06-08 13:35:38,737 INFO El proximo nodo a abrir será: (839, 'ciudad3')
2020-06-08 13:35:38,737 INFO La cantidad de nodos abiertos es de: 240
2020-06-08 13:35:38,804 INFO Se abrio el nodo: (839, 'ciudad3')
2020-06-08 13:35:38,804 INFO El proximo nodo a abrir será: (843, 'ciudad3')
2020-06-08 13:35:38,804 INFO La cantidad de nodos abiertos es de: 241
2020-06-08 13:35:38,889 INFO Se abrio el nodo: (843, 'ciudad3')
2020-06-08 13:35:38,889 INFO El proximo nodo a abrir será: (296, 'ciudad8')
2020-06-08 13:35:38,890 INFO La cantidad de nodos abiertos es de: 242
2020-06-08 13:35:38,957 INFO Se abrio el nodo: (296, 'ciudad8')
2020-06-08 13:35:38,957 INFO El proximo nodo a abrir será: (847, 'ciudad3')
2020-06-08 13:35:38,958 INFO La cantidad de nodos abiertos es de: 243
2020-06-08 13:35:39,026 INFO Se abrio el nodo: (847, 'ciudad3')
2020-06-08 13:35:39,026 INFO El proximo nodo a abrir será: (891, 'ciudad3')
2020-06-08 13:35:39,026 INFO La cantidad de nodos abiertos es de: 244
2020-06-08 13:35:39,094 INFO Se abrio el nodo: (891, 'ciudad3')
2020-06-08 13:35:39,094 INFO El proximo nodo a abrir será: (800, 'ciudad9')
2020-06-08 13:35:39,094 INFO La cantidad de nodos abiertos es de: 245
2020-06-08 13:35:39,163 INFO Se abrio el nodo: (800, 'ciudad9')
2020-06-08 13:35:39,163 INFO El proximo nodo a abrir será: (901, 'ciudad3')
2020-06-08 13:35:39,163 INFO La cantidad de nodos abiertos es de: 246
2020-06-08 13:35:39,249 INFO Se abrio el nodo: (901, 'ciudad3')
2020-06-08 13:35:39,250 INFO El proximo nodo a abrir será: (803, 'ciudad9')
2020-06-08 13:35:39,250 INFO La cantidad de nodos abiertos es de: 247
2020-06-08 13:35:39,333 INFO Se abrio el nodo: (803, 'ciudad9')
2020-06-08 13:35:39,334 INFO El proximo nodo a abrir será: (509, 'ciudad6')
2020-06-08 13:35:39,334 INFO La cantidad de nodos abiertos es de: 248
2020-06-08 13:35:39,408 INFO Se abrio el nodo: (509, 'ciudad6')
2020-06-08 13:35:39,408 INFO El proximo nodo a abrir será: (411, 'ciudad8')
2020-06-08 13:35:39,408 INFO La cantidad de nodos abiertos es de: 249
2020-06-08 13:35:39,481 INFO Se abrio el nodo: (411, 'ciudad8')
2020-06-08 13:35:39,481 INFO El proximo nodo a abrir será: (763, 'ciudad3')
2020-06-08 13:35:39,481 INFO La cantidad de nodos abiertos es de: 250
2020-06-08 13:35:39,555 INFO Se abrio el nodo: (763, 'ciudad3')
2020-06-08 13:35:39,555 INFO El proximo nodo a abrir será: (110, 'ciudad4')
2020-06-08 13:35:39,555 INFO La cantidad de nodos abiertos es de: 251
2020-06-08 13:35:39,629 INFO Se abrio el nodo: (110, 'ciudad4')
2020-06-08 13:35:39,629 INFO El proximo nodo a abrir será: (424, 'ciudad8')
2020-06-08 13:35:39,629 INFO La cantidad de nodos abiertos es de: 252
2020-06-08 13:35:39,703 INFO Se abrio el nodo: (424, 'ciudad8')
2020-06-08 13:35:39,704 INFO El proximo nodo a abrir será: (573, 'ciudad5')
2020-06-08 13:35:39,704 INFO La cantidad de nodos abiertos es de: 253
2020-06-08 13:35:39,778 INFO Se abrio el nodo: (573, 'ciudad5')
2020-06-08 13:35:39,778 INFO El proximo nodo a abrir será: (368, 'ciudad9')
2020-06-08 13:35:39,778 INFO La cantidad de nodos abiertos es de: 254
2020-06-08 13:35:39,861 INFO Se abrio el nodo: (368, 'ciudad9')
2020-06-08 13:35:39,861 INFO El proximo nodo a abrir será: (444, 'ciudad8')
2020-06-08 13:35:39,861 INFO La cantidad de nodos abiertos es de: 255
2020-06-08 13:35:39,936 INFO Se abrio el nodo: (444, 'ciudad8')
2020-06-08 13:35:39,936 INFO El proximo nodo a abrir será: (448, 'ciudad9')
2020-06-08 13:35:39,936 INFO La cantidad de nodos abiertos es de: 256
2020-06-08 13:35:40,011 INFO Se abrio el nodo: (448, 'ciudad9')
2020-06-08 13:35:40,011 INFO El proximo nodo a abrir será: (701, 'ciudad6')
2020-06-08 13:35:40,011 INFO La cantidad de nodos abiertos es de: 257
2020-06-08 13:35:40,087 INFO Se abrio el nodo: (701, 'ciudad6')
2020-06-08 13:35:40,087 INFO El proximo nodo a abrir será: (707, 'ciudad4')
2020-06-08 13:35:40,088 INFO La cantidad de nodos abiertos es de: 258
2020-06-08 13:35:40,163 INFO Se abrio el nodo: (707, 'ciudad4')
2020-06-08 13:35:40,163 INFO El proximo nodo a abrir será: (935, 'ciudad8')
2020-06-08 13:35:40,164 INFO La cantidad de nodos abiertos es de: 259
2020-06-08 13:35:40,239 INFO Se abrio el nodo: (935, 'ciudad8')
2020-06-08 13:35:40,240 INFO El proximo nodo a abrir será: (937, 'ciudad5')
2020-06-08 13:35:40,240 INFO La cantidad de nodos abiertos es de: 260
2020-06-08 13:35:40,316 INFO Se abrio el nodo: (937, 'ciudad5')
2020-06-08 13:35:40,316 INFO El proximo nodo a abrir será: (944, 'ciudad4')
2020-06-08 13:35:40,316 INFO La cantidad de nodos abiertos es de: 261
2020-06-08 13:35:40,393 INFO Se abrio el nodo: (944, 'ciudad4')
2020-06-08 13:35:40,393 INFO El proximo nodo a abrir será: (786, 'ciudad3')
2020-06-08 13:35:40,393 INFO La cantidad de nodos abiertos es de: 262
2020-06-08 13:35:40,470 INFO Se abrio el nodo: (786, 'ciudad3')
2020-06-08 13:35:40,470 INFO El proximo nodo a abrir será: (455, 'ciudad9')
2020-06-08 13:35:40,471 INFO La cantidad de nodos abiertos es de: 263
2020-06-08 13:35:40,548 INFO Se abrio el nodo: (455, 'ciudad9')
2020-06-08 13:35:40,549 INFO El proximo nodo a abrir será: (790, 'ciudad8')
2020-06-08 13:35:40,549 INFO La cantidad de nodos abiertos es de: 264
2020-06-08 13:35:40,626 INFO Se abrio el nodo: (790, 'ciudad8')
2020-06-08 13:35:40,626 INFO El proximo nodo a abrir será: (958, 'ciudad5')
2020-06-08 13:35:40,626 INFO La cantidad de nodos abiertos es de: 265
2020-06-08 13:35:40,701 INFO Se abrio el nodo: (958, 'ciudad5')
2020-06-08 13:35:40,702 INFO El proximo nodo a abrir será: (458, 'ciudad9')
2020-06-08 13:35:40,702 INFO La cantidad de nodos abiertos es de: 266
2020-06-08 13:35:40,775 INFO Se abrio el nodo: (458, 'ciudad9')
2020-06-08 13:35:40,775 INFO El proximo nodo a abrir será: (504, 'ciudad5')
2020-06-08 13:35:40,775 INFO La cantidad de nodos abiertos es de: 267
2020-06-08 13:35:40,858 INFO Se abrio el nodo: (504, 'ciudad5')
2020-06-08 13:35:40,858 INFO El proximo nodo a abrir será: (968, 'ciudad8')
2020-06-08 13:35:40,858 INFO La cantidad de nodos abiertos es de: 268
2020-06-08 13:35:40,937 INFO Se abrio el nodo: (968, 'ciudad8')
2020-06-08 13:35:40,938 INFO El proximo nodo a abrir será: (140, 'ciudad7')
2020-06-08 13:35:40,938 INFO La cantidad de nodos abiertos es de: 269
2020-06-08 13:35:41,016 INFO Se abrio el nodo: (140, 'ciudad7')
2020-06-08 13:35:41,016 INFO El proximo nodo a abrir será: (152, 'ciudad4')
2020-06-08 13:35:41,016 INFO La cantidad de nodos abiertos es de: 270
2020-06-08 13:35:41,095 INFO Se abrio el nodo: (152, 'ciudad4')
2020-06-08 13:35:41,096 INFO El proximo nodo a abrir será: (166, 'ciudad7')
2020-06-08 13:35:41,096 INFO La cantidad de nodos abiertos es de: 271
2020-06-08 13:35:41,175 INFO Se abrio el nodo: (166, 'ciudad7')
2020-06-08 13:35:41,175 INFO El proximo nodo a abrir será: (989, 'ciudad5')
2020-06-08 13:35:41,175 INFO La cantidad de nodos abiertos es de: 272
2020-06-08 13:35:41,254 INFO Se abrio el nodo: (989, 'ciudad5')
2020-06-08 13:35:41,254 INFO El proximo nodo a abrir será: (981, 'ciudad2')
2020-06-08 13:35:41,254 INFO La cantidad de nodos abiertos es de: 273
2020-06-08 13:35:41,333 INFO Se abrio el nodo: (981, 'ciudad2')
2020-06-08 13:35:41,333 INFO El proximo nodo a abrir será: (184, 'ciudad7')
2020-06-08 13:35:41,333 INFO La cantidad de nodos abiertos es de: 274
2020-06-08 13:35:41,436 INFO Se abrio el nodo: (184, 'ciudad7')
2020-06-08 13:35:41,437 INFO El proximo nodo a abrir será: (196, 'ciudad7')
2020-06-08 13:35:41,437 INFO La cantidad de nodos abiertos es de: 275
2020-06-08 13:35:41,517 INFO Se abrio el nodo: (196, 'ciudad7')
2020-06-08 13:35:41,517 INFO El proximo nodo a abrir será: (993, 'ciudad2')
2020-06-08 13:35:41,517 INFO La cantidad de nodos abiertos es de: 276
2020-06-08 13:35:41,597 INFO Se abrio el nodo: (993, 'ciudad2')
2020-06-08 13:35:41,597 INFO El proximo nodo a abrir será: (205, 'ciudad4')
2020-06-08 13:35:41,598 INFO La cantidad de nodos abiertos es de: 277
2020-06-08 13:35:41,678 INFO Se abrio el nodo: (205, 'ciudad4')
2020-06-08 13:35:41,678 INFO El proximo nodo a abrir será: (1008, 'ciudad2')
2020-06-08 13:35:41,678 INFO La cantidad de nodos abiertos es de: 278
2020-06-08 13:35:41,759 INFO Se abrio el nodo: (1008, 'ciudad2')
2020-06-08 13:35:41,759 INFO El proximo nodo a abrir será: (878, 'ciudad3')
2020-06-08 13:35:41,759 INFO La cantidad de nodos abiertos es de: 279
2020-06-08 13:35:41,846 INFO Se abrio el nodo: (878, 'ciudad3')
2020-06-08 13:35:41,847 INFO El proximo nodo a abrir será: (880, 'ciudad6')
2020-06-08 13:35:41,847 INFO La cantidad de nodos abiertos es de: 280
2020-06-08 13:35:41,932 INFO Se abrio el nodo: (880, 'ciudad6')
2020-06-08 13:35:41,933 INFO El proximo nodo a abrir será: (1013, 'ciudad2')
2020-06-08 13:35:41,933 INFO La cantidad de nodos abiertos es de: 281
2020-06-08 13:35:42,019 INFO Se abrio el nodo: (1013, 'ciudad2')
2020-06-08 13:35:42,020 INFO El proximo nodo a abrir será: (1023, 'ciudad5')
2020-06-08 13:35:42,020 INFO La cantidad de nodos abiertos es de: 282
2020-06-08 13:35:42,107 INFO Se abrio el nodo: (1023, 'ciudad5')
2020-06-08 13:35:42,107 INFO El proximo nodo a abrir será: (1032, 'ciudad8')
2020-06-08 13:35:42,107 INFO La cantidad de nodos abiertos es de: 283
2020-06-08 13:35:42,190 INFO Se abrio el nodo: (1032, 'ciudad8')
2020-06-08 13:35:42,190 INFO El proximo nodo a abrir será: (844, 'ciudad4')
2020-06-08 13:35:42,190 INFO La cantidad de nodos abiertos es de: 284
2020-06-08 13:35:42,273 INFO Se abrio el nodo: (844, 'ciudad4')
2020-06-08 13:35:42,273 INFO El proximo nodo a abrir será: (130, 'ciudad4')
2020-06-08 13:35:42,273 INFO La cantidad de nodos abiertos es de: 285
2020-06-08 13:35:42,357 INFO Se abrio el nodo: (130, 'ciudad4')
2020-06-08 13:35:42,357 INFO El proximo nodo a abrir será: (1049, 'ciudad5')
2020-06-08 13:35:42,357 INFO La cantidad de nodos abiertos es de: 286
2020-06-08 13:35:42,441 INFO Se abrio el nodo: (1049, 'ciudad5')
2020-06-08 13:35:42,441 INFO El proximo nodo a abrir será: (133, 'ciudad4')
2020-06-08 13:35:42,441 INFO La cantidad de nodos abiertos es de: 287
2020-06-08 13:35:42,525 INFO Se abrio el nodo: (133, 'ciudad4')
2020-06-08 13:35:42,525 INFO El proximo nodo a abrir será: (909, 'ciudad6')
2020-06-08 13:35:42,525 INFO La cantidad de nodos abiertos es de: 288
2020-06-08 13:35:42,609 INFO Se abrio el nodo: (909, 'ciudad6')
2020-06-08 13:35:42,609 INFO El proximo nodo a abrir será: (921, 'ciudad9')
2020-06-08 13:35:42,609 INFO La cantidad de nodos abiertos es de: 289
2020-06-08 13:35:42,693 INFO Se abrio el nodo: (921, 'ciudad9')
2020-06-08 13:35:42,693 INFO El proximo nodo a abrir será: (1051, 'ciudad5')
2020-06-08 13:35:42,693 INFO La cantidad de nodos abiertos es de: 290
2020-06-08 13:35:42,778 INFO Se abrio el nodo: (1051, 'ciudad5')
2020-06-08 13:35:42,778 INFO El proximo nodo a abrir será: (1055, 'ciudad5')
2020-06-08 13:35:42,778 INFO La cantidad de nodos abiertos es de: 291
2020-06-08 13:35:42,865 INFO Se abrio el nodo: (1055, 'ciudad5')
2020-06-08 13:35:42,866 INFO El proximo nodo a abrir será: (869, 'ciudad8')
2020-06-08 13:35:42,866 INFO La cantidad de nodos abiertos es de: 292
2020-06-08 13:35:42,953 INFO Se abrio el nodo: (869, 'ciudad8')
2020-06-08 13:35:42,953 INFO El proximo nodo a abrir será: (925, 'ciudad9')
2020-06-08 13:35:42,954 INFO La cantidad de nodos abiertos es de: 293
2020-06-08 13:35:43,038 INFO Se abrio el nodo: (925, 'ciudad9')
2020-06-08 13:35:43,038 INFO El proximo nodo a abrir será: (217, 'ciudad7')
2020-06-08 13:35:43,038 INFO La cantidad de nodos abiertos es de: 294
2020-06-08 13:35:43,123 INFO Se abrio el nodo: (217, 'ciudad7')
2020-06-08 13:35:43,123 INFO El proximo nodo a abrir será: (221, 'ciudad7')
2020-06-08 13:35:43,124 INFO La cantidad de nodos abiertos es de: 295
2020-06-08 13:35:43,212 INFO Se abrio el nodo: (221, 'ciudad7')
2020-06-08 13:35:43,213 INFO El proximo nodo a abrir será: (231, 'ciudad7')
2020-06-08 13:35:43,213 INFO La cantidad de nodos abiertos es de: 296
2020-06-08 13:35:43,293 INFO Se abrio el nodo: (231, 'ciudad7')
2020-06-08 13:35:43,293 INFO El proximo nodo a abrir será: (1065, 'ciudad2')
2020-06-08 13:35:43,293 INFO La cantidad de nodos abiertos es de: 297
2020-06-08 13:35:43,373 INFO Se abrio el nodo: (1065, 'ciudad2')
2020-06-08 13:35:43,373 INFO El proximo nodo a abrir será: (1069, 'ciudad2')
2020-06-08 13:35:43,374 INFO La cantidad de nodos abiertos es de: 298
2020-06-08 13:35:43,451 INFO Se abrio el nodo: (1069, 'ciudad2')
2020-06-08 13:35:43,451 INFO El proximo nodo a abrir será: (251, 'ciudad4')
2020-06-08 13:35:43,451 INFO La cantidad de nodos abiertos es de: 299
2020-06-08 13:35:43,529 INFO Se abrio el nodo: (251, 'ciudad4')
2020-06-08 13:35:43,529 INFO El proximo nodo a abrir será: (1031, 'ciudad6')
2020-06-08 13:35:43,530 INFO La cantidad de nodos abiertos es de: 300
2020-06-08 13:35:43,607 INFO Se abrio el nodo: (1031, 'ciudad6')
2020-06-08 13:35:43,607 INFO El proximo nodo a abrir será: (1033, 'ciudad9')
2020-06-08 13:35:43,608 INFO La cantidad de nodos abiertos es de: 301
2020-06-08 13:35:43,686 INFO Se abrio el nodo: (1033, 'ciudad9')
2020-06-08 13:35:43,686 INFO El proximo nodo a abrir será: (1034, 'ciudad3')
2020-06-08 13:35:43,686 INFO La cantidad de nodos abiertos es de: 302
2020-06-08 13:35:43,765 INFO Se abrio el nodo: (1034, 'ciudad3')
2020-06-08 13:35:43,765 INFO El proximo nodo a abrir será: (1073, 'ciudad2')
2020-06-08 13:35:43,765 INFO La cantidad de nodos abiertos es de: 303
2020-06-08 13:35:43,860 INFO Se abrio el nodo: (1073, 'ciudad2')
2020-06-08 13:35:43,860 INFO El proximo nodo a abrir será: (476, 'ciudad8')
2020-06-08 13:35:43,860 INFO La cantidad de nodos abiertos es de: 304
2020-06-08 13:35:43,940 INFO Se abrio el nodo: (476, 'ciudad8')
2020-06-08 13:35:43,940 INFO El proximo nodo a abrir será: (936, 'ciudad9')
2020-06-08 13:35:43,940 INFO La cantidad de nodos abiertos es de: 305
2020-06-08 13:35:44,020 INFO Se abrio el nodo: (936, 'ciudad9')
2020-06-08 13:35:44,020 INFO El proximo nodo a abrir será: (716, 'ciudad6')
2020-06-08 13:35:44,020 INFO La cantidad de nodos abiertos es de: 306
2020-06-08 13:35:44,103 INFO Se abrio el nodo: (716, 'ciudad6')
2020-06-08 13:35:44,103 INFO El proximo nodo a abrir será: (601, 'ciudad9')
2020-06-08 13:35:44,103 INFO La cantidad de nodos abiertos es de: 307
2020-06-08 13:35:44,182 INFO Se abrio el nodo: (601, 'ciudad9')
2020-06-08 13:35:44,183 INFO El proximo nodo a abrir será: (1083, 'ciudad5')
2020-06-08 13:35:44,183 INFO La cantidad de nodos abiertos es de: 308
2020-06-08 13:35:44,263 INFO Se abrio el nodo: (1083, 'ciudad5')
2020-06-08 13:35:44,264 INFO El proximo nodo a abrir será: (488, 'ciudad8')
2020-06-08 13:35:44,264 INFO La cantidad de nodos abiertos es de: 309
2020-06-08 13:35:44,344 INFO Se abrio el nodo: (488, 'ciudad8')
2020-06-08 13:35:44,344 INFO El proximo nodo a abrir será: (500, 'ciudad8')
2020-06-08 13:35:44,344 INFO La cantidad de nodos abiertos es de: 310
2020-06-08 13:35:44,425 INFO Se abrio el nodo: (500, 'ciudad8')
2020-06-08 13:35:44,425 INFO El proximo nodo a abrir será: (898, 'ciudad2')
2020-06-08 13:35:44,425 INFO La cantidad de nodos abiertos es de: 311
2020-06-08 13:35:44,505 INFO Se abrio el nodo: (898, 'ciudad2')
2020-06-08 13:35:44,506 INFO El proximo nodo a abrir será: (1093, 'ciudad8')
2020-06-08 13:35:44,506 INFO La cantidad de nodos abiertos es de: 312
2020-06-08 13:35:44,587 INFO Se abrio el nodo: (1093, 'ciudad8')
2020-06-08 13:35:44,588 INFO El proximo nodo a abrir será: (865, 'ciudad4')
2020-06-08 13:35:44,588 INFO La cantidad de nodos abiertos es de: 313
2020-06-08 13:35:44,668 INFO Se abrio el nodo: (865, 'ciudad4')
2020-06-08 13:35:44,668 INFO El proximo nodo a abrir será: (969, 'ciudad9')
2020-06-08 13:35:44,669 INFO La cantidad de nodos abiertos es de: 314
2020-06-08 13:35:44,749 INFO Se abrio el nodo: (969, 'ciudad9')
2020-06-08 13:35:44,750 INFO El proximo nodo a abrir será: (1115, 'ciudad7')
2020-06-08 13:35:44,750 INFO La cantidad de nodos abiertos es de: 315
2020-06-08 13:35:44,835 INFO Se abrio el nodo: (1115, 'ciudad7')
2020-06-08 13:35:44,836 INFO El proximo nodo a abrir será: (1118, 'ciudad5')
2020-06-08 13:35:44,836 INFO La cantidad de nodos abiertos es de: 316
2020-06-08 13:35:44,920 INFO Se abrio el nodo: (1118, 'ciudad5')
2020-06-08 13:35:44,920 INFO El proximo nodo a abrir será: (1006, 'ciudad8')
2020-06-08 13:35:44,920 INFO La cantidad de nodos abiertos es de: 317
2020-06-08 13:35:45,001 INFO Se abrio el nodo: (1006, 'ciudad8')
2020-06-08 13:35:45,001 INFO El proximo nodo a abrir será: (1020, 'ciudad8')
2020-06-08 13:35:45,001 INFO La cantidad de nodos abiertos es de: 318
2020-06-08 13:35:45,085 INFO Se abrio el nodo: (1020, 'ciudad8')
2020-06-08 13:35:45,085 INFO El proximo nodo a abrir será: (1028, 'ciudad8')
2020-06-08 13:35:45,086 INFO La cantidad de nodos abiertos es de: 319
2020-06-08 13:35:45,167 INFO Se abrio el nodo: (1028, 'ciudad8')
2020-06-08 13:35:45,167 INFO El proximo nodo a abrir será: (1123, 'ciudad3')
2020-06-08 13:35:45,167 INFO La cantidad de nodos abiertos es de: 320
2020-06-08 13:35:45,249 INFO Se abrio el nodo: (1123, 'ciudad3')
2020-06-08 13:35:45,249 INFO El proximo nodo a abrir será: (279, 'ciudad7')
2020-06-08 13:35:45,249 INFO La cantidad de nodos abiertos es de: 321
2020-06-08 13:35:45,332 INFO Se abrio el nodo: (279, 'ciudad7')
2020-06-08 13:35:45,332 INFO El proximo nodo a abrir será: (1040, 'ciudad8')
2020-06-08 13:35:45,332 INFO La cantidad de nodos abiertos es de: 322
2020-06-08 13:35:45,415 INFO Se abrio el nodo: (1040, 'ciudad8')
2020-06-08 13:35:45,415 INFO El proximo nodo a abrir será: (291, 'ciudad7')
2020-06-08 13:35:45,415 INFO La cantidad de nodos abiertos es de: 323
2020-06-08 13:35:45,497 INFO Se abrio el nodo: (291, 'ciudad7')
2020-06-08 13:35:45,497 INFO El proximo nodo a abrir será: (663, 'ciudad9')
2020-06-08 13:35:45,498 INFO La cantidad de nodos abiertos es de: 324
2020-06-08 13:35:45,581 INFO Se abrio el nodo: (663, 'ciudad9')
2020-06-08 13:35:45,581 INFO El proximo nodo a abrir será: (929, 'ciudad2')
2020-06-08 13:35:45,581 INFO La cantidad de nodos abiertos es de: 325
2020-06-08 13:35:45,664 INFO Se abrio el nodo: (929, 'ciudad2')
2020-06-08 13:35:45,664 INFO El proximo nodo a abrir será: (1127, 'ciudad3')
2020-06-08 13:35:45,664 INFO La cantidad de nodos abiertos es de: 326
2020-06-08 13:35:45,747 INFO Se abrio el nodo: (1127, 'ciudad3')
2020-06-08 13:35:45,748 INFO El proximo nodo a abrir será: (300, 'ciudad4')
2020-06-08 13:35:45,748 INFO La cantidad de nodos abiertos es de: 327
2020-06-08 13:35:45,836 INFO Se abrio el nodo: (300, 'ciudad4')
2020-06-08 13:35:45,836 INFO El proximo nodo a abrir será: (673, 'ciudad8')
2020-06-08 13:35:45,837 INFO La cantidad de nodos abiertos es de: 328
2020-06-08 13:35:45,925 INFO Se abrio el nodo: (673, 'ciudad8')
2020-06-08 13:35:45,925 INFO El proximo nodo a abrir será: (676, 'ciudad9')
2020-06-08 13:35:45,925 INFO La cantidad de nodos abiertos es de: 329
2020-06-08 13:35:46,008 INFO Se abrio el nodo: (676, 'ciudad9')
2020-06-08 13:35:46,008 INFO El proximo nodo a abrir será: (940, 'ciudad2')
2020-06-08 13:35:46,008 INFO La cantidad de nodos abiertos es de: 330
2020-06-08 13:35:46,092 INFO Se abrio el nodo: (940, 'ciudad2')
2020-06-08 13:35:46,092 INFO El proximo nodo a abrir será: (1130, 'ciudad3')
2020-06-08 13:35:46,092 INFO La cantidad de nodos abiertos es de: 331
2020-06-08 13:35:46,175 INFO Se abrio el nodo: (1130, 'ciudad3')
2020-06-08 13:35:46,176 INFO El proximo nodo a abrir será: (1136, 'ciudad2')
2020-06-08 13:35:46,176 INFO La cantidad de nodos abiertos es de: 332
2020-06-08 13:35:46,259 INFO Se abrio el nodo: (1136, 'ciudad2')
2020-06-08 13:35:46,259 INFO El proximo nodo a abrir será: (907, 'ciudad4')
2020-06-08 13:35:46,259 INFO La cantidad de nodos abiertos es de: 333
2020-06-08 13:35:46,343 INFO Se abrio el nodo: (907, 'ciudad4')
2020-06-08 13:35:46,343 INFO El proximo nodo a abrir será: (910, 'ciudad4')
2020-06-08 13:35:46,343 INFO La cantidad de nodos abiertos es de: 334
2020-06-08 13:35:46,426 INFO Se abrio el nodo: (910, 'ciudad4')
2020-06-08 13:35:46,426 INFO El proximo nodo a abrir será: (938, 'ciudad6')
2020-06-08 13:35:46,427 INFO La cantidad de nodos abiertos es de: 335
2020-06-08 13:35:46,510 INFO Se abrio el nodo: (938, 'ciudad6')
2020-06-08 13:35:46,510 INFO El proximo nodo a abrir será: (1150, 'ciudad7')
2020-06-08 13:35:46,511 INFO La cantidad de nodos abiertos es de: 336
2020-06-08 13:35:46,595 INFO Se abrio el nodo: (1150, 'ciudad7')
2020-06-08 13:35:46,595 INFO El proximo nodo a abrir será: (619, 'ciudad9')
2020-06-08 13:35:46,596 INFO La cantidad de nodos abiertos es de: 337
2020-06-08 13:35:46,679 INFO Se abrio el nodo: (619, 'ciudad9')
2020-06-08 13:35:46,680 INFO El proximo nodo a abrir será: (730, 'ciudad5')
2020-06-08 13:35:46,680 INFO La cantidad de nodos abiertos es de: 338
2020-06-08 13:35:46,764 INFO Se abrio el nodo: (730, 'ciudad5')
2020-06-08 13:35:46,764 INFO El proximo nodo a abrir será: (916, 'ciudad4')
2020-06-08 13:35:46,764 INFO La cantidad de nodos abiertos es de: 339
2020-06-08 13:35:46,856 INFO Se abrio el nodo: (916, 'ciudad4')
2020-06-08 13:35:46,856 INFO El proximo nodo a abrir será: (919, 'ciudad4')
2020-06-08 13:35:46,857 INFO La cantidad de nodos abiertos es de: 340
2020-06-08 13:35:46,952 INFO Se abrio el nodo: (919, 'ciudad4')
2020-06-08 13:35:46,952 INFO El proximo nodo a abrir será: (949, 'ciudad2')
2020-06-08 13:35:46,952 INFO La cantidad de nodos abiertos es de: 341
2020-06-08 13:35:47,065 INFO Se abrio el nodo: (949, 'ciudad2')
2020-06-08 13:35:47,065 INFO El proximo nodo a abrir será: (961, 'ciudad2')
2020-06-08 13:35:47,066 INFO La cantidad de nodos abiertos es de: 342
2020-06-08 13:35:47,154 INFO Se abrio el nodo: (961, 'ciudad2')
2020-06-08 13:35:47,154 INFO El proximo nodo a abrir será: (1153, 'ciudad5')
2020-06-08 13:35:47,155 INFO La cantidad de nodos abiertos es de: 343
2020-06-08 13:35:47,240 INFO Se abrio el nodo: (1153, 'ciudad5')
2020-06-08 13:35:47,240 INFO El proximo nodo a abrir será: (1160, 'ciudad7')
2020-06-08 13:35:47,241 INFO La cantidad de nodos abiertos es de: 344
2020-06-08 13:35:47,326 INFO Se abrio el nodo: (1160, 'ciudad7')
2020-06-08 13:35:47,327 INFO El proximo nodo a abrir será: (1165, 'ciudad5')
2020-06-08 13:35:47,327 INFO La cantidad de nodos abiertos es de: 345
2020-06-08 13:35:47,414 INFO Se abrio el nodo: (1165, 'ciudad5')
2020-06-08 13:35:47,414 INFO El proximo nodo a abrir será: (1167, 'ciudad5')
2020-06-08 13:35:47,414 INFO La cantidad de nodos abiertos es de: 346
2020-06-08 13:35:47,500 INFO Se abrio el nodo: (1167, 'ciudad5')
2020-06-08 13:35:47,501 INFO El proximo nodo a abrir será: (1177, 'ciudad5')
2020-06-08 13:35:47,501 INFO La cantidad de nodos abiertos es de: 347
2020-06-08 13:35:47,588 INFO Se abrio el nodo: (1177, 'ciudad5')
2020-06-08 13:35:47,588 INFO El proximo nodo a abrir será: (749, 'ciudad5')
2020-06-08 13:35:47,588 INFO La cantidad de nodos abiertos es de: 348
2020-06-08 13:35:47,674 INFO Se abrio el nodo: (749, 'ciudad5')
2020-06-08 13:35:47,675 INFO El proximo nodo a abrir será: (1182, 'ciudad7')
2020-06-08 13:35:47,675 INFO La cantidad de nodos abiertos es de: 349
2020-06-08 13:35:47,763 INFO Se abrio el nodo: (1182, 'ciudad7')
2020-06-08 13:35:47,764 INFO El proximo nodo a abrir será: (1183, 'ciudad7')
2020-06-08 13:35:47,764 INFO La cantidad de nodos abiertos es de: 350
2020-06-08 13:35:47,860 INFO Se abrio el nodo: (1183, 'ciudad7')
2020-06-08 13:35:47,860 INFO El proximo nodo a abrir será: (988, 'ciudad3')
2020-06-08 13:35:47,860 INFO La cantidad de nodos abiertos es de: 351
2020-06-08 13:35:47,962 INFO Se abrio el nodo: (988, 'ciudad3')
2020-06-08 13:35:47,963 INFO El proximo nodo a abrir será: (990, 'ciudad6')
2020-06-08 13:35:47,963 INFO La cantidad de nodos abiertos es de: 352
2020-06-08 13:35:48,059 INFO Se abrio el nodo: (990, 'ciudad6')
2020-06-08 13:35:48,059 INFO El proximo nodo a abrir será: (394, 'ciudad7')
2020-06-08 13:35:48,059 INFO La cantidad de nodos abiertos es de: 353
2020-06-08 13:35:48,156 INFO Se abrio el nodo: (394, 'ciudad7')
2020-06-08 13:35:48,157 INFO El proximo nodo a abrir será: (1005, 'ciudad6')
2020-06-08 13:35:48,157 INFO La cantidad de nodos abiertos es de: 354
2020-06-08 13:35:48,243 INFO Se abrio el nodo: (1005, 'ciudad6')
2020-06-08 13:35:48,243 INFO El proximo nodo a abrir será: (1196, 'ciudad8')
2020-06-08 13:35:48,244 INFO La cantidad de nodos abiertos es de: 355
2020-06-08 13:35:48,341 INFO Se abrio el nodo: (1196, 'ciudad8')
2020-06-08 13:35:48,341 INFO El proximo nodo a abrir será: (345, 'ciudad7')
2020-06-08 13:35:48,341 INFO La cantidad de nodos abiertos es de: 356
2020-06-08 13:35:48,453 INFO Se abrio el nodo: (345, 'ciudad7')
2020-06-08 13:35:48,453 INFO El proximo nodo a abrir será: (1203, 'ciudad2')
2020-06-08 13:35:48,454 INFO La cantidad de nodos abiertos es de: 357
2020-06-08 13:35:48,564 INFO Se abrio el nodo: (1203, 'ciudad2')
2020-06-08 13:35:48,564 INFO El proximo nodo a abrir será: (884, 'ciudad6')
2020-06-08 13:35:48,564 INFO La cantidad de nodos abiertos es de: 358
2020-06-08 13:35:48,654 INFO Se abrio el nodo: (884, 'ciudad6')
2020-06-08 13:35:48,654 INFO El proximo nodo a abrir será: (1019, 'ciudad6')
2020-06-08 13:35:48,654 INFO La cantidad de nodos abiertos es de: 359
2020-06-08 13:35:48,745 INFO Se abrio el nodo: (1019, 'ciudad6')
2020-06-08 13:35:48,745 INFO El proximo nodo a abrir será: (1022, 'ciudad3')
2020-06-08 13:35:48,745 INFO La cantidad de nodos abiertos es de: 360
2020-06-08 13:35:48,840 INFO Se abrio el nodo: (1022, 'ciudad3')
2020-06-08 13:35:48,840 INFO El proximo nodo a abrir será: (845, 'ciudad5')
2020-06-08 13:35:48,840 INFO La cantidad de nodos abiertos es de: 361
2020-06-08 13:35:48,948 INFO Se abrio el nodo: (845, 'ciudad5')
2020-06-08 13:35:48,948 INFO El proximo nodo a abrir será: (1039, 'ciudad6')
2020-06-08 13:35:48,949 INFO La cantidad de nodos abiertos es de: 362
2020-06-08 13:35:49,050 INFO Se abrio el nodo: (1039, 'ciudad6')
2020-06-08 13:35:49,050 INFO El proximo nodo a abrir será: (1232, 'ciudad4')
2020-06-08 13:35:49,050 INFO La cantidad de nodos abiertos es de: 363
2020-06-08 13:35:49,150 INFO Se abrio el nodo: (1232, 'ciudad4')
2020-06-08 13:35:49,150 INFO El proximo nodo a abrir será: (1079, 'ciudad8')
2020-06-08 13:35:49,150 INFO La cantidad de nodos abiertos es de: 364
2020-06-08 13:35:49,250 INFO Se abrio el nodo: (1079, 'ciudad8')
2020-06-08 13:35:49,251 INFO El proximo nodo a abrir será: (1229, 'ciudad8')
2020-06-08 13:35:49,251 INFO La cantidad de nodos abiertos es de: 365
2020-06-08 13:35:49,342 INFO Se abrio el nodo: (1229, 'ciudad8')
2020-06-08 13:35:49,342 INFO El proximo nodo a abrir será: (1081, 'ciudad8')
2020-06-08 13:35:49,342 INFO La cantidad de nodos abiertos es de: 366
2020-06-08 13:35:49,433 INFO Se abrio el nodo: (1081, 'ciudad8')
2020-06-08 13:35:49,433 INFO El proximo nodo a abrir será: (1094, 'ciudad9')
2020-06-08 13:35:49,433 INFO La cantidad de nodos abiertos es de: 367
2020-06-08 13:35:49,528 INFO Se abrio el nodo: (1094, 'ciudad9')
2020-06-08 13:35:49,528 INFO El proximo nodo a abrir será: (1134, 'ciudad6')
2020-06-08 13:35:49,528 INFO La cantidad de nodos abiertos es de: 368
2020-06-08 13:35:49,618 INFO Se abrio el nodo: (1134, 'ciudad6')
2020-06-08 13:35:49,619 INFO El proximo nodo a abrir será: (1135, 'ciudad9')
2020-06-08 13:35:49,619 INFO La cantidad de nodos abiertos es de: 369
2020-06-08 13:35:49,708 INFO Se abrio el nodo: (1135, 'ciudad9')
2020-06-08 13:35:49,708 INFO El proximo nodo a abrir será: (955, 'ciudad4')
2020-06-08 13:35:49,709 INFO La cantidad de nodos abiertos es de: 370
2020-06-08 13:35:49,802 INFO Se abrio el nodo: (955, 'ciudad4')
2020-06-08 13:35:49,802 INFO El proximo nodo a abrir será: (959, 'ciudad6')
2020-06-08 13:35:49,802 INFO La cantidad de nodos abiertos es de: 371
2020-06-08 13:35:49,901 INFO Se abrio el nodo: (959, 'ciudad6')
2020-06-08 13:35:49,901 INFO El proximo nodo a abrir será: (1151, 'ciudad6')
2020-06-08 13:35:49,902 INFO La cantidad de nodos abiertos es de: 372
2020-06-08 13:35:50,012 INFO Se abrio el nodo: (1151, 'ciudad6')
2020-06-08 13:35:50,013 INFO El proximo nodo a abrir será: (1152, 'ciudad9')
2020-06-08 13:35:50,013 INFO La cantidad de nodos abiertos es de: 373
2020-06-08 13:35:50,106 INFO Se abrio el nodo: (1152, 'ciudad9')
2020-06-08 13:35:50,106 INFO El proximo nodo a abrir será: (1052, 'ciudad6')
2020-06-08 13:35:50,106 INFO La cantidad de nodos abiertos es de: 374
2020-06-08 13:35:50,197 INFO Se abrio el nodo: (1052, 'ciudad6')
2020-06-08 13:35:50,197 INFO El proximo nodo a abrir será: (1251, 'ciudad5')
2020-06-08 13:35:50,197 INFO La cantidad de nodos abiertos es de: 375
2020-06-08 13:35:50,288 INFO Se abrio el nodo: (1251, 'ciudad5')
2020-06-08 13:35:50,289 INFO El proximo nodo a abrir será: (1162, 'ciudad9')
2020-06-08 13:35:50,289 INFO La cantidad de nodos abiertos es de: 376
2020-06-08 13:35:50,381 INFO Se abrio el nodo: (1162, 'ciudad9')
2020-06-08 13:35:50,381 INFO El proximo nodo a abrir será: (26, 'ciudad5')
2020-06-08 13:35:50,381 INFO La cantidad de nodos abiertos es de: 377
2020-06-08 13:35:50,473 INFO Se abrio el nodo: (26, 'ciudad5')
2020-06-08 13:35:50,474 INFO El proximo nodo a abrir será: (1261, 'ciudad4')
2020-06-08 13:35:50,474 INFO La cantidad de nodos abiertos es de: 378
2020-06-08 13:35:50,567 INFO Se abrio el nodo: (1261, 'ciudad4')
2020-06-08 13:35:50,567 INFO El proximo nodo a abrir será: (1195, 'ciudad6')
2020-06-08 13:35:50,567 INFO La cantidad de nodos abiertos es de: 379
2020-06-08 13:35:50,660 INFO Se abrio el nodo: (1195, 'ciudad6')
2020-06-08 13:35:50,660 INFO El proximo nodo a abrir será: (1197, 'ciudad9')
2020-06-08 13:35:50,661 INFO La cantidad de nodos abiertos es de: 380
2020-06-08 13:35:50,759 INFO Se abrio el nodo: (1197, 'ciudad9')
2020-06-08 13:35:50,759 INFO El proximo nodo a abrir será: (1199, 'ciudad3')
2020-06-08 13:35:50,759 INFO La cantidad de nodos abiertos es de: 381
2020-06-08 13:35:50,868 INFO Se abrio el nodo: (1199, 'ciudad3')
2020-06-08 13:35:50,868 INFO El proximo nodo a abrir será: (430, 'ciudad7')
2020-06-08 13:35:50,868 INFO La cantidad de nodos abiertos es de: 382
2020-06-08 13:35:50,964 INFO Se abrio el nodo: (430, 'ciudad7')
2020-06-08 13:35:50,965 INFO El proximo nodo a abrir será: (1207, 'ciudad3')
2020-06-08 13:35:50,965 INFO La cantidad de nodos abiertos es de: 383
2020-06-08 13:35:51,058 INFO Se abrio el nodo: (1207, 'ciudad3')
2020-06-08 13:35:51,058 INFO El proximo nodo a abrir será: (706, 'ciudad9')
2020-06-08 13:35:51,058 INFO La cantidad de nodos abiertos es de: 384
2020-06-08 13:35:51,152 INFO Se abrio el nodo: (706, 'ciudad9')
2020-06-08 13:35:51,152 INFO El proximo nodo a abrir será: (714, 'ciudad8')
2020-06-08 13:35:51,152 INFO La cantidad de nodos abiertos es de: 385
2020-06-08 13:35:51,245 INFO Se abrio el nodo: (714, 'ciudad8')
2020-06-08 13:35:51,245 INFO El proximo nodo a abrir será: (1281, 'ciudad8')
2020-06-08 13:35:51,246 INFO La cantidad de nodos abiertos es de: 386
2020-06-08 13:35:51,339 INFO Se abrio el nodo: (1281, 'ciudad8')
2020-06-08 13:35:51,339 INFO El proximo nodo a abrir será: (1222, 'ciudad3')
2020-06-08 13:35:51,339 INFO La cantidad de nodos abiertos es de: 387
2020-06-08 13:35:51,433 INFO Se abrio el nodo: (1222, 'ciudad3')
2020-06-08 13:35:51,434 INFO El proximo nodo a abrir será: (1225, 'ciudad3')
2020-06-08 13:35:51,434 INFO La cantidad de nodos abiertos es de: 388
2020-06-08 13:35:51,528 INFO Se abrio el nodo: (1225, 'ciudad3')
2020-06-08 13:35:51,528 INFO El proximo nodo a abrir será: (1283, 'ciudad2')
2020-06-08 13:35:51,528 INFO La cantidad de nodos abiertos es de: 389
2020-06-08 13:35:51,622 INFO Se abrio el nodo: (1283, 'ciudad2')
2020-06-08 13:35:51,623 INFO El proximo nodo a abrir será: (720, 'ciudad9')
2020-06-08 13:35:51,623 INFO La cantidad de nodos abiertos es de: 390
2020-06-08 13:35:51,717 INFO Se abrio el nodo: (720, 'ciudad9')
2020-06-08 13:35:51,718 INFO El proximo nodo a abrir será: (723, 'ciudad8')
2020-06-08 13:35:51,718 INFO La cantidad de nodos abiertos es de: 391
2020-06-08 13:35:51,815 INFO Se abrio el nodo: (723, 'ciudad8')
2020-06-08 13:35:51,815 INFO El proximo nodo a abrir será: (1078, 'ciudad6')
2020-06-08 13:35:51,815 INFO La cantidad de nodos abiertos es de: 392
2020-06-08 13:35:51,928 INFO Se abrio el nodo: (1078, 'ciudad6')
2020-06-08 13:35:51,928 INFO El proximo nodo a abrir será: (899, 'ciudad5')
2020-06-08 13:35:51,929 INFO La cantidad de nodos abiertos es de: 393
2020-06-08 13:35:52,035 INFO Se abrio el nodo: (899, 'ciudad5')
2020-06-08 13:35:52,036 INFO El proximo nodo a abrir será: (1048, 'ciudad3')
2020-06-08 13:35:52,036 INFO La cantidad de nodos abiertos es de: 394
2020-06-08 13:35:52,142 INFO Se abrio el nodo: (1048, 'ciudad3')
2020-06-08 13:35:52,142 INFO El proximo nodo a abrir será: (1096, 'ciudad8')
2020-06-08 13:35:52,143 INFO La cantidad de nodos abiertos es de: 395
2020-06-08 13:35:52,250 INFO Se abrio el nodo: (1096, 'ciudad8')
2020-06-08 13:35:52,250 INFO El proximo nodo a abrir será: (1230, 'ciudad9')
2020-06-08 13:35:52,250 INFO La cantidad de nodos abiertos es de: 396
2020-06-08 13:35:52,358 INFO Se abrio el nodo: (1230, 'ciudad9')
2020-06-08 13:35:52,358 INFO El proximo nodo a abrir será: (1287, 'ciudad8')
2020-06-08 13:35:52,358 INFO La cantidad de nodos abiertos es de: 397
2020-06-08 13:35:52,465 INFO Se abrio el nodo: (1287, 'ciudad8')
2020-06-08 13:35:52,466 INFO El proximo nodo a abrir será: (382, 'ciudad7')
2020-06-08 13:35:52,466 INFO La cantidad de nodos abiertos es de: 398
2020-06-08 13:35:52,574 INFO Se abrio el nodo: (382, 'ciudad7')
2020-06-08 13:35:52,574 INFO El proximo nodo a abrir será: (735, 'ciudad8')
2020-06-08 13:35:52,574 INFO La cantidad de nodos abiertos es de: 399
2020-06-08 13:35:52,682 INFO Se abrio el nodo: (735, 'ciudad8')
2020-06-08 13:35:52,682 INFO El proximo nodo a abrir será: (866, 'ciudad5')
2020-06-08 13:35:52,682 INFO La cantidad de nodos abiertos es de: 400
2020-06-08 13:35:52,790 INFO Se abrio el nodo: (866, 'ciudad5')
2020-06-08 13:35:52,791 INFO El proximo nodo a abrir será: (1098, 'ciudad2')
2020-06-08 13:35:52,791 INFO La cantidad de nodos abiertos es de: 401
2020-06-08 13:35:52,904 INFO Se abrio el nodo: (1098, 'ciudad2')
2020-06-08 13:35:52,904 INFO El proximo nodo a abrir será: (1104, 'ciudad2')
2020-06-08 13:35:52,904 INFO La cantidad de nodos abiertos es de: 402
2020-06-08 13:35:53,013 INFO Se abrio el nodo: (1104, 'ciudad2')
2020-06-08 13:35:53,014 INFO El proximo nodo a abrir será: (1298, 'ciudad8')
2020-06-08 13:35:53,014 INFO La cantidad de nodos abiertos es de: 403
2020-06-08 13:35:53,123 INFO Se abrio el nodo: (1298, 'ciudad8')
2020-06-08 13:35:53,123 INFO El proximo nodo a abrir será: (1300, 'ciudad8')
2020-06-08 13:35:53,123 INFO La cantidad de nodos abiertos es de: 404
2020-06-08 13:35:53,232 INFO Se abrio el nodo: (1300, 'ciudad8')
2020-06-08 13:35:53,232 INFO El proximo nodo a abrir será: (1110, 'ciudad2')
2020-06-08 13:35:53,232 INFO La cantidad de nodos abiertos es de: 405
2020-06-08 13:35:53,340 INFO Se abrio el nodo: (1110, 'ciudad2')
2020-06-08 13:35:53,340 INFO El proximo nodo a abrir será: (1324, 'ciudad4')
2020-06-08 13:35:53,340 INFO La cantidad de nodos abiertos es de: 406
2020-06-08 13:35:53,449 INFO Se abrio el nodo: (1324, 'ciudad4')
2020-06-08 13:35:53,449 INFO El proximo nodo a abrir será: (1057, 'ciudad4')
2020-06-08 13:35:53,449 INFO La cantidad de nodos abiertos es de: 407
2020-06-08 13:35:53,558 INFO Se abrio el nodo: (1057, 'ciudad4')
2020-06-08 13:35:53,558 INFO El proximo nodo a abrir será: (1327, 'ciudad7')
2020-06-08 13:35:53,559 INFO La cantidad de nodos abiertos es de: 408
2020-06-08 13:35:53,667 INFO Se abrio el nodo: (1327, 'ciudad7')
2020-06-08 13:35:53,667 INFO El proximo nodo a abrir será: (1328, 'ciudad7')
2020-06-08 13:35:53,667 INFO La cantidad de nodos abiertos es de: 409
2020-06-08 13:35:53,697 INFO La cantidad de nodos abiertos fue de: 410
2020-06-08 13:35:53,698 INFO El óptimo recorrido es: [(1, 'ciudad1'), (9, 'ciudad9'), (16, 'ciudad8'), (518, 'ciudad3'), (530, 'ciudad4'), (696, 'ciudad5'), (716, 'ciudad6'), (1104, 'ciudad2'), (1328, 'ciudad7')]
2020-06-08 13:35:53,698 INFO O dicho de otro modo el recorrido es: ['ciudad1', 'ciudad9', 'ciudad8', 'ciudad3', 'ciudad4', 'ciudad5', 'ciudad6', 'ciudad2', 'ciudad7']
2020-06-08 13:35:53,698 INFO El costo total del óptimo recorrido es de: 78
2020-06-08 13:35:53,698 INFO El tiempo de procesamiento total fue de: 24.373012 segundos
2020-06-08 13:35:53,698 INFO Fin del proceso
