2020-06-08 13:25:02,217 INFO Inicio del proceso
2020-06-08 13:25:02,221 INFO Se abrio el nodo: (1, 'ciudad1')
2020-06-08 13:25:02,222 INFO El proximo nodo a abrir será: (9, 'ciudad9')
2020-06-08 13:25:02,222 INFO La cantidad de nodos abiertos es de: 1
2020-06-08 13:25:02,224 INFO Se abrio el nodo: (9, 'ciudad9')
2020-06-08 13:25:02,225 INFO El proximo nodo a abrir será: (6, 'ciudad6')
2020-06-08 13:25:02,225 INFO La cantidad de nodos abiertos es de: 2
2020-06-08 13:25:02,227 INFO Se abrio el nodo: (6, 'ciudad6')
2020-06-08 13:25:02,228 INFO El proximo nodo a abrir será: (2, 'ciudad2')
2020-06-08 13:25:02,229 INFO La cantidad de nodos abiertos es de: 3
2020-06-08 13:25:02,231 INFO Se abrio el nodo: (2, 'ciudad2')
2020-06-08 13:25:02,233 INFO El proximo nodo a abrir será: (3, 'ciudad3')
2020-06-08 13:25:02,234 INFO La cantidad de nodos abiertos es de: 4
2020-06-08 13:25:02,236 INFO Se abrio el nodo: (3, 'ciudad3')
2020-06-08 13:25:02,237 INFO El proximo nodo a abrir será: (28, 'ciudad7')
2020-06-08 13:25:02,237 INFO La cantidad de nodos abiertos es de: 5
2020-06-08 13:25:02,241 INFO Se abrio el nodo: (28, 'ciudad7')
2020-06-08 13:25:02,241 INFO El proximo nodo a abrir será: (11, 'ciudad3')
2020-06-08 13:25:02,246 INFO La cantidad de nodos abiertos es de: 6
2020-06-08 13:25:02,252 INFO Se abrio el nodo: (11, 'ciudad3')
2020-06-08 13:25:02,253 INFO El proximo nodo a abrir será: (36, 'ciudad8')
2020-06-08 13:25:02,253 INFO La cantidad de nodos abiertos es de: 7
2020-06-08 13:25:02,258 INFO Se abrio el nodo: (36, 'ciudad8')
2020-06-08 13:25:02,259 INFO El proximo nodo a abrir será: (18, 'ciudad3')
2020-06-08 13:25:02,259 INFO La cantidad de nodos abiertos es de: 8
2020-06-08 13:25:02,265 INFO Se abrio el nodo: (18, 'ciudad3')
2020-06-08 13:25:02,265 INFO El proximo nodo a abrir será: (34, 'ciudad6')
2020-06-08 13:25:02,266 INFO La cantidad de nodos abiertos es de: 9
2020-06-08 13:25:02,274 INFO Se abrio el nodo: (34, 'ciudad6')
2020-06-08 13:25:02,274 INFO El proximo nodo a abrir será: (37, 'ciudad9')
2020-06-08 13:25:02,275 INFO La cantidad de nodos abiertos es de: 10
2020-06-08 13:25:02,304 INFO Se abrio el nodo: (37, 'ciudad9')
2020-06-08 13:25:02,305 INFO El proximo nodo a abrir será: (49, 'ciudad8')
2020-06-08 13:25:02,305 INFO La cantidad de nodos abiertos es de: 11
2020-06-08 13:25:02,314 INFO Se abrio el nodo: (49, 'ciudad8')
2020-06-08 13:25:02,314 INFO El proximo nodo a abrir será: (60, 'ciudad8')
2020-06-08 13:25:02,315 INFO La cantidad de nodos abiertos es de: 12
2020-06-08 13:25:02,324 INFO Se abrio el nodo: (60, 'ciudad8')
2020-06-08 13:25:02,325 INFO El proximo nodo a abrir será: (47, 'ciudad6')
2020-06-08 13:25:02,325 INFO La cantidad de nodos abiertos es de: 13
2020-06-08 13:25:02,335 INFO Se abrio el nodo: (47, 'ciudad6')
2020-06-08 13:25:02,335 INFO El proximo nodo a abrir será: (61, 'ciudad9')
2020-06-08 13:25:02,336 INFO La cantidad de nodos abiertos es de: 14
2020-06-08 13:25:02,349 INFO Se abrio el nodo: (61, 'ciudad9')
2020-06-08 13:25:02,350 INFO El proximo nodo a abrir será: (29, 'ciudad8')
2020-06-08 13:25:02,350 INFO La cantidad de nodos abiertos es de: 15
2020-06-08 13:25:02,363 INFO Se abrio el nodo: (29, 'ciudad8')
2020-06-08 13:25:02,363 INFO El proximo nodo a abrir será: (50, 'ciudad2')
2020-06-08 13:25:02,364 INFO La cantidad de nodos abiertos es de: 16
2020-06-08 13:25:02,375 INFO Se abrio el nodo: (50, 'ciudad2')
2020-06-08 13:25:02,376 INFO El proximo nodo a abrir será: (94, 'ciudad3')
2020-06-08 13:25:02,376 INFO La cantidad de nodos abiertos es de: 17
2020-06-08 13:25:02,390 INFO Se abrio el nodo: (94, 'ciudad3')
2020-06-08 13:25:02,391 INFO El proximo nodo a abrir será: (103, 'ciudad7')
2020-06-08 13:25:02,391 INFO La cantidad de nodos abiertos es de: 18
2020-06-08 13:25:02,400 INFO Se abrio el nodo: (103, 'ciudad7')
2020-06-08 13:25:02,400 INFO El proximo nodo a abrir será: (74, 'ciudad2')
2020-06-08 13:25:02,401 INFO La cantidad de nodos abiertos es de: 19
2020-06-08 13:25:02,421 INFO Se abrio el nodo: (74, 'ciudad2')
2020-06-08 13:25:02,422 INFO El proximo nodo a abrir será: (79, 'ciudad2')
2020-06-08 13:25:02,423 INFO La cantidad de nodos abiertos es de: 20
2020-06-08 13:25:02,456 INFO Se abrio el nodo: (79, 'ciudad2')
2020-06-08 13:25:02,457 INFO El proximo nodo a abrir será: (107, 'ciudad6')
2020-06-08 13:25:02,457 INFO La cantidad de nodos abiertos es de: 21
2020-06-08 13:25:02,483 INFO Se abrio el nodo: (107, 'ciudad6')
2020-06-08 13:25:02,483 INFO El proximo nodo a abrir será: (109, 'ciudad9')
2020-06-08 13:25:02,484 INFO La cantidad de nodos abiertos es de: 22
2020-06-08 13:25:02,500 INFO Se abrio el nodo: (109, 'ciudad9')
2020-06-08 13:25:02,501 INFO El proximo nodo a abrir será: (117, 'ciudad7')
2020-06-08 13:25:02,502 INFO La cantidad de nodos abiertos es de: 23
2020-06-08 13:25:02,520 INFO Se abrio el nodo: (117, 'ciudad7')
2020-06-08 13:25:02,521 INFO El proximo nodo a abrir será: (120, 'ciudad7')
2020-06-08 13:25:02,521 INFO La cantidad de nodos abiertos es de: 24
2020-06-08 13:25:02,536 INFO Se abrio el nodo: (120, 'ciudad7')
2020-06-08 13:25:02,536 INFO El proximo nodo a abrir será: (4, 'ciudad4')
2020-06-08 13:25:02,537 INFO La cantidad de nodos abiertos es de: 25
2020-06-08 13:25:02,546 INFO Se abrio el nodo: (4, 'ciudad4')
2020-06-08 13:25:02,547 INFO El proximo nodo a abrir será: (5, 'ciudad5')
2020-06-08 13:25:02,547 INFO La cantidad de nodos abiertos es de: 26
2020-06-08 13:25:02,561 INFO Se abrio el nodo: (5, 'ciudad5')
2020-06-08 13:25:02,562 INFO El proximo nodo a abrir será: (7, 'ciudad7')
2020-06-08 13:25:02,562 INFO La cantidad de nodos abiertos es de: 27
2020-06-08 13:25:02,577 INFO Se abrio el nodo: (7, 'ciudad7')
2020-06-08 13:25:02,577 INFO El proximo nodo a abrir será: (138, 'ciudad5')
2020-06-08 13:25:02,578 INFO La cantidad de nodos abiertos es de: 28
2020-06-08 13:25:02,587 INFO Se abrio el nodo: (138, 'ciudad5')
2020-06-08 13:25:02,588 INFO El proximo nodo a abrir será: (145, 'ciudad4')
2020-06-08 13:25:02,588 INFO La cantidad de nodos abiertos es de: 29
2020-06-08 13:25:02,613 INFO Se abrio el nodo: (145, 'ciudad4')
2020-06-08 13:25:02,613 INFO El proximo nodo a abrir será: (150, 'ciudad2')
2020-06-08 13:25:02,614 INFO La cantidad de nodos abiertos es de: 30
2020-06-08 13:25:02,626 INFO Se abrio el nodo: (150, 'ciudad2')
2020-06-08 13:25:02,626 INFO El proximo nodo a abrir será: (17, 'ciudad2')
2020-06-08 13:25:02,627 INFO La cantidad de nodos abiertos es de: 31
2020-06-08 13:25:02,639 INFO Se abrio el nodo: (17, 'ciudad2')
2020-06-08 13:25:02,639 INFO El proximo nodo a abrir será: (19, 'ciudad4')
2020-06-08 13:25:02,639 INFO La cantidad de nodos abiertos es de: 32
2020-06-08 13:25:02,654 INFO Se abrio el nodo: (19, 'ciudad4')
2020-06-08 13:25:02,655 INFO El proximo nodo a abrir será: (27, 'ciudad6')
2020-06-08 13:25:02,656 INFO La cantidad de nodos abiertos es de: 33
2020-06-08 13:25:02,684 INFO Se abrio el nodo: (27, 'ciudad6')
2020-06-08 13:25:02,685 INFO El proximo nodo a abrir será: (32, 'ciudad4')
2020-06-08 13:25:02,685 INFO La cantidad de nodos abiertos es de: 34
2020-06-08 13:25:02,700 INFO Se abrio el nodo: (32, 'ciudad4')
2020-06-08 13:25:02,701 INFO El proximo nodo a abrir será: (183, 'ciudad5')
2020-06-08 13:25:02,701 INFO La cantidad de nodos abiertos es de: 35
2020-06-08 13:25:02,715 INFO Se abrio el nodo: (183, 'ciudad5')
2020-06-08 13:25:02,716 INFO El proximo nodo a abrir será: (178, 'ciudad7')
2020-06-08 13:25:02,716 INFO La cantidad de nodos abiertos es de: 36
2020-06-08 13:25:02,728 INFO Se abrio el nodo: (178, 'ciudad7')
2020-06-08 13:25:02,729 INFO El proximo nodo a abrir será: (194, 'ciudad5')
2020-06-08 13:25:02,729 INFO La cantidad de nodos abiertos es de: 37
2020-06-08 13:25:02,743 INFO Se abrio el nodo: (194, 'ciudad5')
2020-06-08 13:25:02,743 INFO El proximo nodo a abrir será: (45, 'ciudad4')
2020-06-08 13:25:02,744 INFO La cantidad de nodos abiertos es de: 38
2020-06-08 13:25:02,758 INFO Se abrio el nodo: (45, 'ciudad4')
2020-06-08 13:25:02,758 INFO El proximo nodo a abrir será: (57, 'ciudad4')
2020-06-08 13:25:02,759 INFO La cantidad de nodos abiertos es de: 39
2020-06-08 13:25:02,778 INFO Se abrio el nodo: (57, 'ciudad4')
2020-06-08 13:25:02,779 INFO El proximo nodo a abrir será: (62, 'ciudad2')
2020-06-08 13:25:02,779 INFO La cantidad de nodos abiertos es de: 40
2020-06-08 13:25:02,801 INFO Se abrio el nodo: (62, 'ciudad2')
2020-06-08 13:25:02,802 INFO El proximo nodo a abrir será: (63, 'ciudad4')
2020-06-08 13:25:02,802 INFO La cantidad de nodos abiertos es de: 41
2020-06-08 13:25:02,817 INFO Se abrio el nodo: (63, 'ciudad4')
2020-06-08 13:25:02,818 INFO El proximo nodo a abrir será: (187, 'ciudad3')
2020-06-08 13:25:02,818 INFO La cantidad de nodos abiertos es de: 42
2020-06-08 13:25:02,836 INFO Se abrio el nodo: (187, 'ciudad3')
2020-06-08 13:25:02,836 INFO El proximo nodo a abrir será: (215, 'ciudad5')
2020-06-08 13:25:02,836 INFO La cantidad de nodos abiertos es de: 43
2020-06-08 13:25:02,875 INFO Se abrio el nodo: (215, 'ciudad5')
2020-06-08 13:25:02,875 INFO El proximo nodo a abrir será: (220, 'ciudad5')
2020-06-08 13:25:02,876 INFO La cantidad de nodos abiertos es de: 44
2020-06-08 13:25:02,902 INFO Se abrio el nodo: (220, 'ciudad5')
2020-06-08 13:25:02,904 INFO El proximo nodo a abrir será: (230, 'ciudad5')
2020-06-08 13:25:02,907 INFO La cantidad de nodos abiertos es de: 45
2020-06-08 13:25:02,936 INFO Se abrio el nodo: (230, 'ciudad5')
2020-06-08 13:25:02,937 INFO El proximo nodo a abrir será: (226, 'ciudad7')
2020-06-08 13:25:02,937 INFO La cantidad de nodos abiertos es de: 46
2020-06-08 13:25:02,974 INFO Se abrio el nodo: (226, 'ciudad7')
2020-06-08 13:25:02,974 INFO El proximo nodo a abrir será: (237, 'ciudad8')
2020-06-08 13:25:02,975 INFO La cantidad de nodos abiertos es de: 47
2020-06-08 13:25:03,016 INFO Se abrio el nodo: (237, 'ciudad8')
2020-06-08 13:25:03,016 INFO El proximo nodo a abrir será: (173, 'ciudad8')
2020-06-08 13:25:03,017 INFO La cantidad de nodos abiertos es de: 48
2020-06-08 13:25:03,067 INFO Se abrio el nodo: (173, 'ciudad8')
2020-06-08 13:25:03,068 INFO El proximo nodo a abrir será: (179, 'ciudad8')
2020-06-08 13:25:03,069 INFO La cantidad de nodos abiertos es de: 49
2020-06-08 13:25:03,097 INFO Se abrio el nodo: (179, 'ciudad8')
2020-06-08 13:25:03,098 INFO El proximo nodo a abrir será: (259, 'ciudad3')
2020-06-08 13:25:03,099 INFO La cantidad de nodos abiertos es de: 50
2020-06-08 13:25:03,131 INFO Se abrio el nodo: (259, 'ciudad3')
2020-06-08 13:25:03,133 INFO El proximo nodo a abrir será: (84, 'ciudad2')
2020-06-08 13:25:03,133 INFO La cantidad de nodos abiertos es de: 51
2020-06-08 13:25:03,170 INFO Se abrio el nodo: (84, 'ciudad2')
2020-06-08 13:25:03,170 INFO El proximo nodo a abrir será: (85, 'ciudad4')
2020-06-08 13:25:03,170 INFO La cantidad de nodos abiertos es de: 52
2020-06-08 13:25:03,190 INFO Se abrio el nodo: (85, 'ciudad4')
2020-06-08 13:25:03,190 INFO El proximo nodo a abrir será: (264, 'ciudad3')
2020-06-08 13:25:03,190 INFO La cantidad de nodos abiertos es de: 53
2020-06-08 13:25:03,220 INFO Se abrio el nodo: (264, 'ciudad3')
2020-06-08 13:25:03,221 INFO El proximo nodo a abrir será: (102, 'ciudad6')
2020-06-08 13:25:03,221 INFO La cantidad de nodos abiertos es de: 54
2020-06-08 13:25:03,258 INFO Se abrio el nodo: (102, 'ciudad6')
2020-06-08 13:25:03,258 INFO El proximo nodo a abrir será: (105, 'ciudad4')
2020-06-08 13:25:03,259 INFO La cantidad de nodos abiertos es de: 55
2020-06-08 13:25:03,294 INFO Se abrio el nodo: (105, 'ciudad4')
2020-06-08 13:25:03,295 INFO El proximo nodo a abrir será: (238, 'ciudad9')
2020-06-08 13:25:03,295 INFO La cantidad de nodos abiertos es de: 56
2020-06-08 13:25:03,315 INFO Se abrio el nodo: (238, 'ciudad9')
2020-06-08 13:25:03,315 INFO El proximo nodo a abrir será: (278, 'ciudad5')
2020-06-08 13:25:03,316 INFO La cantidad de nodos abiertos es de: 57
2020-06-08 13:25:03,336 INFO Se abrio el nodo: (278, 'ciudad5')
2020-06-08 13:25:03,336 INFO El proximo nodo a abrir será: (275, 'ciudad7')
2020-06-08 13:25:03,337 INFO La cantidad de nodos abiertos es de: 58
2020-06-08 13:25:03,370 INFO Se abrio el nodo: (275, 'ciudad7')
2020-06-08 13:25:03,370 INFO El proximo nodo a abrir será: (289, 'ciudad5')
2020-06-08 13:25:03,371 INFO La cantidad de nodos abiertos es de: 59
2020-06-08 13:25:03,394 INFO Se abrio el nodo: (289, 'ciudad5')
2020-06-08 13:25:03,395 INFO El proximo nodo a abrir será: (137, 'ciudad3')
2020-06-08 13:25:03,395 INFO La cantidad de nodos abiertos es de: 60
2020-06-08 13:25:03,426 INFO Se abrio el nodo: (137, 'ciudad3')
2020-06-08 13:25:03,427 INFO El proximo nodo a abrir será: (139, 'ciudad6')
2020-06-08 13:25:03,427 INFO La cantidad de nodos abiertos es de: 61
2020-06-08 13:25:03,462 INFO Se abrio el nodo: (139, 'ciudad6')
2020-06-08 13:25:03,462 INFO El proximo nodo a abrir será: (164, 'ciudad3')
2020-06-08 13:25:03,462 INFO La cantidad de nodos abiertos es de: 62
2020-06-08 13:25:03,501 INFO Se abrio el nodo: (164, 'ciudad3')
2020-06-08 13:25:03,502 INFO El proximo nodo a abrir será: (165, 'ciudad6')
2020-06-08 13:25:03,503 INFO La cantidad de nodos abiertos es de: 63
2020-06-08 13:25:03,559 INFO Se abrio el nodo: (165, 'ciudad6')
2020-06-08 13:25:03,559 INFO El proximo nodo a abrir será: (172, 'ciudad6')
2020-06-08 13:25:03,559 INFO La cantidad de nodos abiertos es de: 64
2020-06-08 13:25:03,619 INFO Se abrio el nodo: (172, 'ciudad6')
2020-06-08 13:25:03,620 INFO El proximo nodo a abrir será: (182, 'ciudad3')
2020-06-08 13:25:03,620 INFO La cantidad de nodos abiertos es de: 65
2020-06-08 13:25:03,677 INFO Se abrio el nodo: (182, 'ciudad3')
2020-06-08 13:25:03,678 INFO El proximo nodo a abrir será: (310, 'ciudad8')
2020-06-08 13:25:03,678 INFO La cantidad de nodos abiertos es de: 66
2020-06-08 13:25:03,727 INFO Se abrio el nodo: (310, 'ciudad8')
2020-06-08 13:25:03,727 INFO El proximo nodo a abrir será: (188, 'ciudad4')
2020-06-08 13:25:03,728 INFO La cantidad de nodos abiertos es de: 67
2020-06-08 13:25:03,784 INFO Se abrio el nodo: (188, 'ciudad4')
2020-06-08 13:25:03,784 INFO El proximo nodo a abrir será: (195, 'ciudad6')
2020-06-08 13:25:03,784 INFO La cantidad de nodos abiertos es de: 68
2020-06-08 13:25:03,843 INFO Se abrio el nodo: (195, 'ciudad6')
2020-06-08 13:25:03,844 INFO El proximo nodo a abrir será: (321, 'ciudad8')
2020-06-08 13:25:03,844 INFO La cantidad de nodos abiertos es de: 69
2020-06-08 13:25:03,913 INFO Se abrio el nodo: (321, 'ciudad8')
2020-06-08 13:25:03,913 INFO El proximo nodo a abrir será: (344, 'ciudad5')
2020-06-08 13:25:03,914 INFO La cantidad de nodos abiertos es de: 70
2020-06-08 13:25:03,980 INFO Se abrio el nodo: (344, 'ciudad5')
2020-06-08 13:25:03,981 INFO El proximo nodo a abrir será: (336, 'ciudad8')
2020-06-08 13:25:03,982 INFO La cantidad de nodos abiertos es de: 71
2020-06-08 13:25:04,053 INFO Se abrio el nodo: (336, 'ciudad8')
2020-06-08 13:25:04,054 INFO El proximo nodo a abrir será: (227, 'ciudad8')
2020-06-08 13:25:04,054 INFO La cantidad de nodos abiertos es de: 72
2020-06-08 13:25:04,119 INFO Se abrio el nodo: (227, 'ciudad8')
2020-06-08 13:25:04,120 INFO El proximo nodo a abrir será: (116, 'ciudad6')
2020-06-08 13:25:04,120 INFO La cantidad de nodos abiertos es de: 73
2020-06-08 13:25:04,152 INFO Se abrio el nodo: (116, 'ciudad6')
2020-06-08 13:25:04,152 INFO El proximo nodo a abrir será: (271, 'ciudad6')
2020-06-08 13:25:04,153 INFO La cantidad de nodos abiertos es de: 74
2020-06-08 13:25:04,188 INFO Se abrio el nodo: (271, 'ciudad6')
2020-06-08 13:25:04,189 INFO El proximo nodo a abrir será: (272, 'ciudad9')
2020-06-08 13:25:04,189 INFO La cantidad de nodos abiertos es de: 75
2020-06-08 13:25:04,225 INFO Se abrio el nodo: (272, 'ciudad9')
2020-06-08 13:25:04,225 INFO El proximo nodo a abrir será: (284, 'ciudad9')
2020-06-08 13:25:04,225 INFO La cantidad de nodos abiertos es de: 76
2020-06-08 13:25:04,256 INFO Se abrio el nodo: (284, 'ciudad9')
2020-06-08 13:25:04,257 INFO El proximo nodo a abrir será: (122, 'ciudad4')
2020-06-08 13:25:04,257 INFO La cantidad de nodos abiertos es de: 77
2020-06-08 13:25:04,295 INFO Se abrio el nodo: (122, 'ciudad4')
2020-06-08 13:25:04,295 INFO El proximo nodo a abrir será: (381, 'ciudad5')
2020-06-08 13:25:04,295 INFO La cantidad de nodos abiertos es de: 78
2020-06-08 13:25:04,326 INFO Se abrio el nodo: (381, 'ciudad5')
2020-06-08 13:25:04,326 INFO El proximo nodo a abrir será: (20, 'ciudad5')
2020-06-08 13:25:04,327 INFO La cantidad de nodos abiertos es de: 79
2020-06-08 13:25:04,366 INFO Se abrio el nodo: (20, 'ciudad5')
2020-06-08 13:25:04,366 INFO El proximo nodo a abrir será: (388, 'ciudad4')
2020-06-08 13:25:04,366 INFO La cantidad de nodos abiertos es de: 80
2020-06-08 13:25:04,404 INFO Se abrio el nodo: (388, 'ciudad4')
2020-06-08 13:25:04,404 INFO El proximo nodo a abrir será: (64, 'ciudad5')
2020-06-08 13:25:04,404 INFO La cantidad de nodos abiertos es de: 81
2020-06-08 13:25:04,436 INFO Se abrio el nodo: (64, 'ciudad5')
2020-06-08 13:25:04,436 INFO El proximo nodo a abrir será: (308, 'ciudad6')
2020-06-08 13:25:04,437 INFO La cantidad de nodos abiertos es de: 82
2020-06-08 13:25:04,473 INFO Se abrio el nodo: (308, 'ciudad6')
2020-06-08 13:25:04,473 INFO El proximo nodo a abrir será: (311, 'ciudad9')
2020-06-08 13:25:04,474 INFO La cantidad de nodos abiertos es de: 83
2020-06-08 13:25:04,525 INFO Se abrio el nodo: (311, 'ciudad9')
2020-06-08 13:25:04,526 INFO El proximo nodo a abrir será: (313, 'ciudad3')
2020-06-08 13:25:04,526 INFO La cantidad de nodos abiertos es de: 84
2020-06-08 13:25:04,569 INFO Se abrio el nodo: (313, 'ciudad3')
2020-06-08 13:25:04,569 INFO El proximo nodo a abrir será: (319, 'ciudad6')
2020-06-08 13:25:04,570 INFO La cantidad de nodos abiertos es de: 85
2020-06-08 13:25:04,608 INFO Se abrio el nodo: (319, 'ciudad6')
2020-06-08 13:25:04,609 INFO El proximo nodo a abrir será: (322, 'ciudad9')
2020-06-08 13:25:04,609 INFO La cantidad de nodos abiertos es de: 86
2020-06-08 13:25:04,649 INFO Se abrio el nodo: (322, 'ciudad9')
2020-06-08 13:25:04,649 INFO El proximo nodo a abrir será: (324, 'ciudad3')
2020-06-08 13:25:04,650 INFO La cantidad de nodos abiertos es de: 87
2020-06-08 13:25:04,687 INFO Se abrio el nodo: (324, 'ciudad3')
2020-06-08 13:25:04,687 INFO El proximo nodo a abrir será: (398, 'ciudad4')
2020-06-08 13:25:04,688 INFO La cantidad de nodos abiertos es de: 88
2020-06-08 13:25:04,725 INFO Se abrio el nodo: (398, 'ciudad4')
2020-06-08 13:25:04,725 INFO El proximo nodo a abrir será: (216, 'ciudad6')
2020-06-08 13:25:04,726 INFO La cantidad de nodos abiertos es de: 89
2020-06-08 13:25:04,765 INFO Se abrio el nodo: (216, 'ciudad6')
2020-06-08 13:25:04,765 INFO El proximo nodo a abrir será: (328, 'ciudad3')
2020-06-08 13:25:04,766 INFO La cantidad de nodos abiertos es de: 90
2020-06-08 13:25:04,805 INFO Se abrio el nodo: (328, 'ciudad3')
2020-06-08 13:25:04,806 INFO El proximo nodo a abrir será: (337, 'ciudad9')
2020-06-08 13:25:04,806 INFO La cantidad de nodos abiertos es de: 91
2020-06-08 13:25:04,847 INFO Se abrio el nodo: (337, 'ciudad9')
2020-06-08 13:25:04,847 INFO El proximo nodo a abrir será: (415, 'ciudad8')
2020-06-08 13:25:04,848 INFO La cantidad de nodos abiertos es de: 92
2020-06-08 13:25:04,889 INFO Se abrio el nodo: (415, 'ciudad8')
2020-06-08 13:25:04,889 INFO El proximo nodo a abrir será: (234, 'ciudad4')
2020-06-08 13:25:04,889 INFO La cantidad de nodos abiertos es de: 93
2020-06-08 13:25:04,929 INFO Se abrio el nodo: (234, 'ciudad4')
2020-06-08 13:25:04,929 INFO El proximo nodo a abrir será: (427, 'ciudad8')
2020-06-08 13:25:04,930 INFO La cantidad de nodos abiertos es de: 94
2020-06-08 13:25:04,978 INFO Se abrio el nodo: (427, 'ciudad8')
2020-06-08 13:25:04,978 INFO El proximo nodo a abrir será: (439, 'ciudad8')
2020-06-08 13:25:04,979 INFO La cantidad de nodos abiertos es de: 95
2020-06-08 13:25:05,032 INFO Se abrio el nodo: (439, 'ciudad8')
2020-06-08 13:25:05,033 INFO El proximo nodo a abrir será: (449, 'ciudad5')
2020-06-08 13:25:05,033 INFO La cantidad de nodos abiertos es de: 96
2020-06-08 13:25:05,105 INFO Se abrio el nodo: (449, 'ciudad5')
2020-06-08 13:25:05,106 INFO El proximo nodo a abrir será: (276, 'ciudad8')
2020-06-08 13:25:05,106 INFO La cantidad de nodos abiertos es de: 97
2020-06-08 13:25:05,159 INFO Se abrio el nodo: (276, 'ciudad8')
2020-06-08 13:25:05,159 INFO El proximo nodo a abrir será: (86, 'ciudad5')
2020-06-08 13:25:05,160 INFO La cantidad de nodos abiertos es de: 98
2020-06-08 13:25:05,225 INFO Se abrio el nodo: (86, 'ciudad5')
2020-06-08 13:25:05,226 INFO El proximo nodo a abrir será: (338, 'ciudad2')
2020-06-08 13:25:05,226 INFO La cantidad de nodos abiertos es de: 99
2020-06-08 13:25:05,283 INFO Se abrio el nodo: (338, 'ciudad2')
2020-06-08 13:25:05,284 INFO El proximo nodo a abrir será: (416, 'ciudad9')
2020-06-08 13:25:05,284 INFO La cantidad de nodos abiertos es de: 100
2020-06-08 13:25:05,340 INFO Se abrio el nodo: (416, 'ciudad9')
2020-06-08 13:25:05,341 INFO El proximo nodo a abrir será: (466, 'ciudad4')
2020-06-08 13:25:05,341 INFO La cantidad de nodos abiertos es de: 101
2020-06-08 13:25:05,410 INFO Se abrio el nodo: (466, 'ciudad4')
2020-06-08 13:25:05,410 INFO El proximo nodo a abrir será: (353, 'ciudad2')
2020-06-08 13:25:05,411 INFO La cantidad de nodos abiertos es de: 102
2020-06-08 13:25:05,456 INFO Se abrio el nodo: (353, 'ciudad2')
2020-06-08 13:25:05,457 INFO El proximo nodo a abrir será: (269, 'ciudad4')
2020-06-08 13:25:05,457 INFO La cantidad de nodos abiertos es de: 103
2020-06-08 13:25:05,519 INFO Se abrio el nodo: (269, 'ciudad4')
2020-06-08 13:25:05,519 INFO El proximo nodo a abrir será: (428, 'ciudad9')
2020-06-08 13:25:05,520 INFO La cantidad de nodos abiertos es de: 104
2020-06-08 13:25:05,626 INFO Se abrio el nodo: (428, 'ciudad9')
2020-06-08 13:25:05,626 INFO El proximo nodo a abrir será: (471, 'ciudad7')
2020-06-08 13:25:05,627 INFO La cantidad de nodos abiertos es de: 105
2020-06-08 13:25:05,698 INFO Se abrio el nodo: (471, 'ciudad7')
2020-06-08 13:25:05,699 INFO El proximo nodo a abrir será: (281, 'ciudad4')
2020-06-08 13:25:05,699 INFO La cantidad de nodos abiertos es de: 106
2020-06-08 13:25:05,769 INFO Se abrio el nodo: (281, 'ciudad4')
2020-06-08 13:25:05,769 INFO El proximo nodo a abrir será: (361, 'ciudad2')
2020-06-08 13:25:05,770 INFO La cantidad de nodos abiertos es de: 107
2020-06-08 13:25:05,838 INFO Se abrio el nodo: (361, 'ciudad2')
2020-06-08 13:25:05,838 INFO El proximo nodo a abrir será: (440, 'ciudad9')
2020-06-08 13:25:05,839 INFO La cantidad de nodos abiertos es de: 108
2020-06-08 13:25:05,909 INFO Se abrio el nodo: (440, 'ciudad9')
2020-06-08 13:25:05,909 INFO El proximo nodo a abrir será: (285, 'ciudad4')
2020-06-08 13:25:05,910 INFO La cantidad de nodos abiertos es de: 109
2020-06-08 13:25:05,982 INFO Se abrio el nodo: (285, 'ciudad4')
2020-06-08 13:25:05,982 INFO El proximo nodo a abrir será: (290, 'ciudad6')
2020-06-08 13:25:05,983 INFO La cantidad de nodos abiertos es de: 110
2020-06-08 13:25:06,058 INFO Se abrio el nodo: (290, 'ciudad6')
2020-06-08 13:25:06,058 INFO El proximo nodo a abrir será: (481, 'ciudad7')
2020-06-08 13:25:06,059 INFO La cantidad de nodos abiertos es de: 111
2020-06-08 13:25:06,147 INFO Se abrio el nodo: (481, 'ciudad7')
2020-06-08 13:25:06,149 INFO El proximo nodo a abrir será: (483, 'ciudad5')
2020-06-08 13:25:06,149 INFO La cantidad de nodos abiertos es de: 112
2020-06-08 13:25:06,223 INFO Se abrio el nodo: (483, 'ciudad5')
2020-06-08 13:25:06,224 INFO El proximo nodo a abrir será: (492, 'ciudad5')
2020-06-08 13:25:06,224 INFO La cantidad de nodos abiertos es de: 113
2020-06-08 13:25:06,304 INFO Se abrio el nodo: (492, 'ciudad5')
2020-06-08 13:25:06,305 INFO El proximo nodo a abrir será: (496, 'ciudad7')
2020-06-08 13:25:06,305 INFO La cantidad de nodos abiertos es de: 114
2020-06-08 13:25:06,379 INFO Se abrio el nodo: (496, 'ciudad7')
2020-06-08 13:25:06,380 INFO El proximo nodo a abrir será: (501, 'ciudad5')
2020-06-08 13:25:06,380 INFO La cantidad de nodos abiertos es de: 115
2020-06-08 13:25:06,433 INFO Se abrio el nodo: (501, 'ciudad5')
2020-06-08 13:25:06,434 INFO El proximo nodo a abrir será: (16, 'ciudad8')
2020-06-08 13:25:06,434 INFO La cantidad de nodos abiertos es de: 116
2020-06-08 13:25:06,501 INFO Se abrio el nodo: (16, 'ciudad8')
2020-06-08 13:25:06,502 INFO El proximo nodo a abrir será: (146, 'ciudad6')
2020-06-08 13:25:06,502 INFO La cantidad de nodos abiertos es de: 117
2020-06-08 13:25:06,597 INFO Se abrio el nodo: (146, 'ciudad6')
2020-06-08 13:25:06,597 INFO El proximo nodo a abrir será: (518, 'ciudad3')
2020-06-08 13:25:06,598 INFO La cantidad de nodos abiertos es de: 118
2020-06-08 13:25:06,676 INFO Se abrio el nodo: (518, 'ciudad3')
2020-06-08 13:25:06,676 INFO El proximo nodo a abrir será: (159, 'ciudad6')
2020-06-08 13:25:06,677 INFO La cantidad de nodos abiertos es de: 119
2020-06-08 13:25:06,754 INFO Se abrio el nodo: (159, 'ciudad6')
2020-06-08 13:25:06,755 INFO El proximo nodo a abrir será: (55, 'ciudad9')
2020-06-08 13:25:06,755 INFO La cantidad de nodos abiertos es de: 120
2020-06-08 13:25:06,837 INFO Se abrio el nodo: (55, 'ciudad9')
2020-06-08 13:25:06,838 INFO El proximo nodo a abrir será: (73, 'ciudad8')
2020-06-08 13:25:06,838 INFO La cantidad de nodos abiertos es de: 121
2020-06-08 13:25:06,912 INFO Se abrio el nodo: (73, 'ciudad8')
2020-06-08 13:25:06,912 INFO El proximo nodo a abrir será: (189, 'ciudad5')
2020-06-08 13:25:06,913 INFO La cantidad de nodos abiertos es de: 122
2020-06-08 13:25:06,994 INFO Se abrio el nodo: (189, 'ciudad5')
2020-06-08 13:25:06,994 INFO El proximo nodo a abrir será: (312, 'ciudad2')
2020-06-08 13:25:06,995 INFO La cantidad de nodos abiertos es de: 123
2020-06-08 13:25:07,074 INFO Se abrio el nodo: (312, 'ciudad2')
2020-06-08 13:25:07,074 INFO El proximo nodo a abrir será: (393, 'ciudad3')
2020-06-08 13:25:07,075 INFO La cantidad de nodos abiertos es de: 124
2020-06-08 13:25:07,154 INFO Se abrio el nodo: (393, 'ciudad3')
2020-06-08 13:25:07,155 INFO El proximo nodo a abrir será: (210, 'ciudad6')
2020-06-08 13:25:07,155 INFO La cantidad de nodos abiertos es de: 125
2020-06-08 13:25:07,235 INFO Se abrio el nodo: (210, 'ciudad6')
2020-06-08 13:25:07,235 INFO El proximo nodo a abrir será: (323, 'ciudad2')
2020-06-08 13:25:07,236 INFO La cantidad de nodos abiertos es de: 126
2020-06-08 13:25:07,319 INFO Se abrio el nodo: (323, 'ciudad2')
2020-06-08 13:25:07,320 INFO El proximo nodo a abrir será: (532, 'ciudad6')
2020-06-08 13:25:07,320 INFO La cantidad de nodos abiertos es de: 127
2020-06-08 13:25:07,406 INFO Se abrio el nodo: (532, 'ciudad6')
2020-06-08 13:25:07,407 INFO El proximo nodo a abrir será: (550, 'ciudad4')
2020-06-08 13:25:07,407 INFO La cantidad de nodos abiertos es de: 128
2020-06-08 13:25:07,491 INFO Se abrio el nodo: (550, 'ciudad4')
2020-06-08 13:25:07,492 INFO El proximo nodo a abrir será: (83, 'ciudad9')
2020-06-08 13:25:07,492 INFO La cantidad de nodos abiertos es de: 129
2020-06-08 13:25:07,571 INFO Se abrio el nodo: (83, 'ciudad9')
2020-06-08 13:25:07,572 INFO El proximo nodo a abrir será: (329, 'ciudad4')
2020-06-08 13:25:07,572 INFO La cantidad de nodos abiertos es de: 130
2020-06-08 13:25:07,653 INFO Se abrio el nodo: (329, 'ciudad4')
2020-06-08 13:25:07,653 INFO El proximo nodo a abrir será: (556, 'ciudad7')
2020-06-08 13:25:07,654 INFO La cantidad de nodos abiertos es de: 131
2020-06-08 13:25:07,748 INFO Se abrio el nodo: (556, 'ciudad7')
2020-06-08 13:25:07,748 INFO El proximo nodo a abrir será: (343, 'ciudad3')
2020-06-08 13:25:07,749 INFO La cantidad de nodos abiertos es de: 132
2020-06-08 13:25:07,849 INFO Se abrio el nodo: (343, 'ciudad3')
2020-06-08 13:25:07,850 INFO El proximo nodo a abrir será: (348, 'ciudad2')
2020-06-08 13:25:07,850 INFO La cantidad de nodos abiertos es de: 133
2020-06-08 13:25:07,951 INFO Se abrio el nodo: (348, 'ciudad2')
2020-06-08 13:25:07,952 INFO El proximo nodo a abrir será: (561, 'ciudad8')
2020-06-08 13:25:07,952 INFO La cantidad de nodos abiertos es de: 134
2020-06-08 13:25:08,051 INFO Se abrio el nodo: (561, 'ciudad8')
2020-06-08 13:25:08,051 INFO El proximo nodo a abrir será: (568, 'ciudad7')
2020-06-08 13:25:08,052 INFO La cantidad de nodos abiertos es de: 135
2020-06-08 13:25:08,150 INFO Se abrio el nodo: (568, 'ciudad7')
2020-06-08 13:25:08,150 INFO El proximo nodo a abrir será: (584, 'ciudad5')
2020-06-08 13:25:08,151 INFO La cantidad de nodos abiertos es de: 136
2020-06-08 13:25:08,241 INFO Se abrio el nodo: (584, 'ciudad5')
2020-06-08 13:25:08,242 INFO El proximo nodo a abrir será: (596, 'ciudad7')
2020-06-08 13:25:08,242 INFO La cantidad de nodos abiertos es de: 137
2020-06-08 13:25:08,328 INFO Se abrio el nodo: (596, 'ciudad7')
2020-06-08 13:25:08,329 INFO El proximo nodo a abrir será: (123, 'ciudad5')
2020-06-08 13:25:08,329 INFO La cantidad de nodos abiertos es de: 138
2020-06-08 13:25:08,425 INFO Se abrio el nodo: (123, 'ciudad5')
2020-06-08 13:25:08,425 INFO El proximo nodo a abrir será: (445, 'ciudad2')
2020-06-08 13:25:08,426 INFO La cantidad de nodos abiertos es de: 139
2020-06-08 13:25:08,521 INFO Se abrio el nodo: (445, 'ciudad2')
2020-06-08 13:25:08,522 INFO El proximo nodo a abrir será: (593, 'ciudad8')
2020-06-08 13:25:08,522 INFO La cantidad de nodos abiertos es de: 140
2020-06-08 13:25:08,604 INFO Se abrio el nodo: (593, 'ciudad8')
2020-06-08 13:25:08,604 INFO El proximo nodo a abrir será: (453, 'ciudad2')
2020-06-08 13:25:08,605 INFO La cantidad de nodos abiertos es de: 141
2020-06-08 13:25:08,685 INFO Se abrio el nodo: (453, 'ciudad2')
2020-06-08 13:25:08,685 INFO El proximo nodo a abrir será: (611, 'ciudad4')
2020-06-08 13:25:08,686 INFO La cantidad de nodos abiertos es de: 142
2020-06-08 13:25:08,747 INFO Se abrio el nodo: (611, 'ciudad4')
2020-06-08 13:25:08,748 INFO El proximo nodo a abrir será: (369, 'ciudad4')
2020-06-08 13:25:08,748 INFO La cantidad de nodos abiertos es de: 143
2020-06-08 13:25:08,822 INFO Se abrio el nodo: (369, 'ciudad4')
2020-06-08 13:25:08,823 INFO El proximo nodo a abrir será: (372, 'ciudad4')
2020-06-08 13:25:08,823 INFO La cantidad de nodos abiertos es de: 144
2020-06-08 13:25:08,908 INFO Se abrio el nodo: (372, 'ciudad4')
2020-06-08 13:25:08,909 INFO El proximo nodo a abrir será: (615, 'ciudad7')
2020-06-08 13:25:08,909 INFO La cantidad de nodos abiertos es de: 145
2020-06-08 13:25:09,005 INFO Se abrio el nodo: (615, 'ciudad7')
2020-06-08 13:25:09,006 INFO El proximo nodo a abrir será: (620, 'ciudad7')
2020-06-08 13:25:09,006 INFO La cantidad de nodos abiertos es de: 146
2020-06-08 13:25:09,095 INFO Se abrio el nodo: (620, 'ciudad7')
2020-06-08 13:25:09,096 INFO El proximo nodo a abrir será: (624, 'ciudad5')
2020-06-08 13:25:09,096 INFO La cantidad de nodos abiertos es de: 147
2020-06-08 13:25:09,200 INFO Se abrio el nodo: (624, 'ciudad5')
2020-06-08 13:25:09,202 INFO El proximo nodo a abrir será: (626, 'ciudad5')
2020-06-08 13:25:09,203 INFO La cantidad de nodos abiertos es de: 148
2020-06-08 13:25:09,302 INFO Se abrio el nodo: (626, 'ciudad5')
2020-06-08 13:25:09,303 INFO El proximo nodo a abrir será: (517, 'ciudad2')
2020-06-08 13:25:09,304 INFO La cantidad de nodos abiertos es de: 149
2020-06-08 13:25:09,396 INFO Se abrio el nodo: (517, 'ciudad2')
2020-06-08 13:25:09,397 INFO El proximo nodo a abrir será: (99, 'ciudad9')
2020-06-08 13:25:09,397 INFO La cantidad de nodos abiertos es de: 150
2020-06-08 13:25:09,480 INFO Se abrio el nodo: (99, 'ciudad9')
2020-06-08 13:25:09,481 INFO El proximo nodo a abrir será: (524, 'ciudad3')
2020-06-08 13:25:09,481 INFO La cantidad de nodos abiertos es de: 151
2020-06-08 13:25:09,563 INFO Se abrio el nodo: (524, 'ciudad3')
2020-06-08 13:25:09,564 INFO El proximo nodo a abrir será: (637, 'ciudad7')
2020-06-08 13:25:09,565 INFO La cantidad de nodos abiertos es de: 152
2020-06-08 13:25:09,660 INFO Se abrio el nodo: (637, 'ciudad7')
2020-06-08 13:25:09,661 INFO El proximo nodo a abrir será: (535, 'ciudad3')
2020-06-08 13:25:09,661 INFO La cantidad de nodos abiertos es de: 153
2020-06-08 13:25:09,727 INFO Se abrio el nodo: (535, 'ciudad3')
2020-06-08 13:25:09,727 INFO El proximo nodo a abrir será: (93, 'ciudad8')
2020-06-08 13:25:09,728 INFO La cantidad de nodos abiertos es de: 154
2020-06-08 13:25:09,807 INFO Se abrio el nodo: (93, 'ciudad8')
2020-06-08 13:25:09,808 INFO El proximo nodo a abrir será: (646, 'ciudad8')
2020-06-08 13:25:09,808 INFO La cantidad de nodos abiertos es de: 155
2020-06-08 13:25:09,883 INFO Se abrio el nodo: (646, 'ciudad8')
2020-06-08 13:25:09,884 INFO El proximo nodo a abrir será: (402, 'ciudad2')
2020-06-08 13:25:09,885 INFO La cantidad de nodos abiertos es de: 156
2020-06-08 13:25:09,948 INFO Se abrio el nodo: (402, 'ciudad2')
2020-06-08 13:25:09,948 INFO El proximo nodo a abrir será: (240, 'ciudad6')
2020-06-08 13:25:09,949 INFO La cantidad de nodos abiertos es de: 157
2020-06-08 13:25:10,017 INFO Se abrio el nodo: (240, 'ciudad6')
2020-06-08 13:25:10,017 INFO El proximo nodo a abrir será: (562, 'ciudad9')
2020-06-08 13:25:10,017 INFO La cantidad de nodos abiertos es de: 158
2020-06-08 13:25:10,081 INFO Se abrio el nodo: (562, 'ciudad9')
2020-06-08 13:25:10,081 INFO El proximo nodo a abrir será: (654, 'ciudad8')
2020-06-08 13:25:10,082 INFO La cantidad de nodos abiertos es de: 159
2020-06-08 13:25:10,149 INFO Se abrio el nodo: (654, 'ciudad8')
2020-06-08 13:25:10,149 INFO El proximo nodo a abrir será: (417, 'ciudad2')
2020-06-08 13:25:10,150 INFO La cantidad de nodos abiertos es de: 160
2020-06-08 13:25:10,222 INFO Se abrio el nodo: (417, 'ciudad2')
2020-06-08 13:25:10,222 INFO El proximo nodo a abrir será: (433, 'ciudad2')
2020-06-08 13:25:10,222 INFO La cantidad de nodos abiertos es de: 161
2020-06-08 13:25:10,305 INFO Se abrio el nodo: (433, 'ciudad2')
2020-06-08 13:25:10,306 INFO El proximo nodo a abrir será: (437, 'ciudad4')
2020-06-08 13:25:10,307 INFO La cantidad de nodos abiertos es de: 162
2020-06-08 13:25:10,405 INFO Se abrio el nodo: (437, 'ciudad4')
2020-06-08 13:25:10,406 INFO El proximo nodo a abrir será: (665, 'ciudad7')
2020-06-08 13:25:10,406 INFO La cantidad de nodos abiertos es de: 163
2020-06-08 13:25:10,537 INFO Se abrio el nodo: (665, 'ciudad7')
2020-06-08 13:25:10,537 INFO El proximo nodo a abrir será: (677, 'ciudad7')
2020-06-08 13:25:10,538 INFO La cantidad de nodos abiertos es de: 164
2020-06-08 13:25:10,605 INFO Se abrio el nodo: (677, 'ciudad7')
2020-06-08 13:25:10,605 INFO El proximo nodo a abrir será: (683, 'ciudad5')
2020-06-08 13:25:10,606 INFO La cantidad de nodos abiertos es de: 165
2020-06-08 13:25:10,664 INFO Se abrio el nodo: (683, 'ciudad5')
2020-06-08 13:25:10,664 INFO El proximo nodo a abrir será: (681, 'ciudad7')
2020-06-08 13:25:10,665 INFO La cantidad de nodos abiertos es de: 166
2020-06-08 13:25:10,727 INFO Se abrio el nodo: (681, 'ciudad7')
2020-06-08 13:25:10,727 INFO El proximo nodo a abrir será: (530, 'ciudad4')
2020-06-08 13:25:10,728 INFO La cantidad de nodos abiertos es de: 167
2020-06-08 13:25:10,804 INFO Se abrio el nodo: (530, 'ciudad4')
2020-06-08 13:25:10,804 INFO El proximo nodo a abrir será: (544, 'ciudad2')
2020-06-08 13:25:10,804 INFO La cantidad de nodos abiertos es de: 168
2020-06-08 13:25:10,885 INFO Se abrio el nodo: (544, 'ciudad2')
2020-06-08 13:25:10,885 INFO El proximo nodo a abrir será: (557, 'ciudad8')
2020-06-08 13:25:10,886 INFO La cantidad de nodos abiertos es de: 169
2020-06-08 13:25:10,995 INFO Se abrio el nodo: (557, 'ciudad8')
2020-06-08 13:25:10,995 INFO El proximo nodo a abrir será: (638, 'ciudad3')
2020-06-08 13:25:10,996 INFO La cantidad de nodos abiertos es de: 170
2020-06-08 13:25:11,081 INFO Se abrio el nodo: (638, 'ciudad3')
2020-06-08 13:25:11,081 INFO El proximo nodo a abrir será: (647, 'ciudad9')
2020-06-08 13:25:11,082 INFO La cantidad de nodos abiertos es de: 171
2020-06-08 13:25:11,211 INFO Se abrio el nodo: (647, 'ciudad9')
2020-06-08 13:25:11,211 INFO El proximo nodo a abrir será: (696, 'ciudad5')
2020-06-08 13:25:11,212 INFO La cantidad de nodos abiertos es de: 172
2020-06-08 13:25:11,284 INFO Se abrio el nodo: (696, 'ciudad5')
2020-06-08 13:25:11,284 INFO El proximo nodo a abrir será: (569, 'ciudad8')
2020-06-08 13:25:11,285 INFO La cantidad de nodos abiertos es de: 173
2020-06-08 13:25:11,379 INFO Se abrio el nodo: (569, 'ciudad8')
2020-06-08 13:25:11,380 INFO El proximo nodo a abrir será: (655, 'ciudad9')
2020-06-08 13:25:11,381 INFO La cantidad de nodos abiertos es de: 174
2020-06-08 13:25:11,473 INFO Se abrio el nodo: (655, 'ciudad9')
2020-06-08 13:25:11,473 INFO El proximo nodo a abrir será: (702, 'ciudad7')
2020-06-08 13:25:11,474 INFO La cantidad de nodos abiertos es de: 175
2020-06-08 13:25:11,543 INFO Se abrio el nodo: (702, 'ciudad7')
2020-06-08 13:25:11,544 INFO El proximo nodo a abrir será: (286, 'ciudad5')
2020-06-08 13:25:11,544 INFO La cantidad de nodos abiertos es de: 176
2020-06-08 13:25:11,628 INFO Se abrio el nodo: (286, 'ciudad5')
2020-06-08 13:25:11,629 INFO El proximo nodo a abrir será: (470, 'ciudad6')
2020-06-08 13:25:11,629 INFO La cantidad de nodos abiertos es de: 177
2020-06-08 13:25:11,701 INFO Se abrio el nodo: (470, 'ciudad6')
2020-06-08 13:25:11,702 INFO El proximo nodo a abrir será: (594, 'ciudad9')
2020-06-08 13:25:11,702 INFO La cantidad de nodos abiertos es de: 178
2020-06-08 13:25:11,769 INFO Se abrio el nodo: (594, 'ciudad9')
2020-06-08 13:25:11,769 INFO El proximo nodo a abrir será: (703, 'ciudad3')
2020-06-08 13:25:11,770 INFO La cantidad de nodos abiertos es de: 179
2020-06-08 13:25:11,891 INFO Se abrio el nodo: (703, 'ciudad3')
2020-06-08 13:25:11,892 INFO El proximo nodo a abrir será: (599, 'ciudad2')
2020-06-08 13:25:11,892 INFO La cantidad de nodos abiertos es de: 180
2020-06-08 13:25:11,981 INFO Se abrio el nodo: (599, 'ciudad2')
2020-06-08 13:25:11,981 INFO El proximo nodo a abrir será: (303, 'ciudad6')
2020-06-08 13:25:11,982 INFO La cantidad de nodos abiertos es de: 181
2020-06-08 13:25:12,071 INFO Se abrio el nodo: (303, 'ciudad6')
2020-06-08 13:25:12,071 INFO El proximo nodo a abrir será: (480, 'ciudad6')
2020-06-08 13:25:12,072 INFO La cantidad de nodos abiertos es de: 182
2020-06-08 13:25:12,173 INFO Se abrio el nodo: (480, 'ciudad6')
2020-06-08 13:25:12,173 INFO El proximo nodo a abrir será: (718, 'ciudad3')
2020-06-08 13:25:12,174 INFO La cantidad de nodos abiertos es de: 183
2020-06-08 13:25:12,256 INFO Se abrio el nodo: (718, 'ciudad3')
2020-06-08 13:25:12,257 INFO El proximo nodo a abrir será: (727, 'ciudad4')
2020-06-08 13:25:12,257 INFO La cantidad de nodos abiertos es de: 184
2020-06-08 13:25:12,357 INFO Se abrio el nodo: (727, 'ciudad4')
2020-06-08 13:25:12,358 INFO El proximo nodo a abrir será: (484, 'ciudad6')
2020-06-08 13:25:12,358 INFO La cantidad de nodos abiertos es de: 185
2020-06-08 13:25:12,488 INFO Se abrio el nodo: (484, 'ciudad6')
2020-06-08 13:25:12,490 INFO El proximo nodo a abrir será: (739, 'ciudad7')
2020-06-08 13:25:12,491 INFO La cantidad de nodos abiertos es de: 186
2020-06-08 13:25:12,600 INFO Se abrio el nodo: (739, 'ciudad7')
2020-06-08 13:25:12,601 INFO El proximo nodo a abrir será: (314, 'ciudad5')
2020-06-08 13:25:12,602 INFO La cantidad de nodos abiertos es de: 187
2020-06-08 13:25:12,696 INFO Se abrio el nodo: (314, 'ciudad5')
2020-06-08 13:25:12,696 INFO El proximo nodo a abrir será: (523, 'ciudad2')
2020-06-08 13:25:12,697 INFO La cantidad de nodos abiertos es de: 188
2020-06-08 13:25:12,791 INFO Se abrio el nodo: (523, 'ciudad2')
2020-06-08 13:25:12,792 INFO El proximo nodo a abrir será: (525, 'ciudad4')
2020-06-08 13:25:12,792 INFO La cantidad de nodos abiertos es de: 189
2020-06-08 13:25:12,889 INFO Se abrio el nodo: (525, 'ciudad4')
2020-06-08 13:25:12,890 INFO El proximo nodo a abrir será: (534, 'ciudad2')
2020-06-08 13:25:12,890 INFO La cantidad de nodos abiertos es de: 190
2020-06-08 13:25:12,992 INFO Se abrio el nodo: (534, 'ciudad2')
2020-06-08 13:25:12,992 INFO El proximo nodo a abrir será: (330, 'ciudad5')
2020-06-08 13:25:12,992 INFO La cantidad de nodos abiertos es de: 191
2020-06-08 13:25:13,067 INFO Se abrio el nodo: (330, 'ciudad5')
2020-06-08 13:25:13,068 INFO El proximo nodo a abrir será: (759, 'ciudad7')
2020-06-08 13:25:13,068 INFO La cantidad de nodos abiertos es de: 192
2020-06-08 13:25:13,163 INFO Se abrio el nodo: (759, 'ciudad7')
2020-06-08 13:25:13,163 INFO El proximo nodo a abrir será: (349, 'ciudad5')
2020-06-08 13:25:13,164 INFO La cantidad de nodos abiertos es de: 193
2020-06-08 13:25:13,243 INFO Se abrio el nodo: (349, 'ciudad5')
2020-06-08 13:25:13,244 INFO El proximo nodo a abrir será: (768, 'ciudad7')
2020-06-08 13:25:13,244 INFO La cantidad de nodos abiertos es de: 194
2020-06-08 13:25:13,323 INFO Se abrio el nodo: (768, 'ciudad7')
2020-06-08 13:25:13,324 INFO El proximo nodo a abrir será: (772, 'ciudad4')
2020-06-08 13:25:13,324 INFO La cantidad de nodos abiertos es de: 195
2020-06-08 13:25:13,410 INFO Se abrio el nodo: (772, 'ciudad4')
2020-06-08 13:25:13,411 INFO El proximo nodo a abrir será: (563, 'ciudad2')
2020-06-08 13:25:13,411 INFO La cantidad de nodos abiertos es de: 196
2020-06-08 13:25:13,479 INFO Se abrio el nodo: (563, 'ciudad2')
2020-06-08 13:25:13,480 INFO El proximo nodo a abrir será: (571, 'ciudad2')
2020-06-08 13:25:13,480 INFO La cantidad de nodos abiertos es de: 197
2020-06-08 13:25:13,571 INFO Se abrio el nodo: (571, 'ciudad2')
2020-06-08 13:25:13,571 INFO El proximo nodo a abrir será: (572, 'ciudad4')
2020-06-08 13:25:13,571 INFO La cantidad de nodos abiertos es de: 198
2020-06-08 13:25:13,650 INFO Se abrio el nodo: (572, 'ciudad4')
2020-06-08 13:25:13,650 INFO El proximo nodo a abrir será: (575, 'ciudad3')
2020-06-08 13:25:13,650 INFO La cantidad de nodos abiertos es de: 199
2020-06-08 13:25:13,725 INFO Se abrio el nodo: (575, 'ciudad3')
2020-06-08 13:25:13,726 INFO El proximo nodo a abrir será: (583, 'ciudad3')
2020-06-08 13:25:13,726 INFO La cantidad de nodos abiertos es de: 200
2020-06-08 13:25:13,809 INFO Se abrio el nodo: (583, 'ciudad3')
2020-06-08 13:25:13,809 INFO El proximo nodo a abrir será: (258, 'ciudad9')
2020-06-08 13:25:13,810 INFO La cantidad de nodos abiertos es de: 201
2020-06-08 13:25:13,909 INFO Se abrio el nodo: (258, 'ciudad9')
2020-06-08 13:25:13,910 INFO El proximo nodo a abrir será: (597, 'ciudad8')
2020-06-08 13:25:13,910 INFO La cantidad de nodos abiertos es de: 202
2020-06-08 13:25:14,013 INFO Se abrio el nodo: (597, 'ciudad8')
2020-06-08 13:25:14,014 INFO El proximo nodo a abrir será: (656, 'ciudad2')
2020-06-08 13:25:14,014 INFO La cantidad de nodos abiertos es de: 203
2020-06-08 13:25:14,117 INFO Se abrio el nodo: (656, 'ciudad2')
2020-06-08 13:25:14,117 INFO El proximo nodo a abrir será: (660, 'ciudad2')
2020-06-08 13:25:14,118 INFO La cantidad de nodos abiertos es de: 204
2020-06-08 13:25:14,240 INFO Se abrio el nodo: (660, 'ciudad2')
2020-06-08 13:25:14,240 INFO El proximo nodo a abrir será: (796, 'ciudad5')
2020-06-08 13:25:14,240 INFO La cantidad de nodos abiertos es de: 205
2020-06-08 13:25:14,330 INFO Se abrio el nodo: (796, 'ciudad5')
2020-06-08 13:25:14,330 INFO El proximo nodo a abrir será: (789, 'ciudad7')
2020-06-08 13:25:14,331 INFO La cantidad de nodos abiertos es de: 206
2020-06-08 13:25:14,440 INFO Se abrio el nodo: (789, 'ciudad7')
2020-06-08 13:25:14,440 INFO El proximo nodo a abrir será: (794, 'ciudad7')
2020-06-08 13:25:14,440 INFO La cantidad de nodos abiertos es de: 207
2020-06-08 13:25:14,545 INFO Se abrio el nodo: (794, 'ciudad7')
2020-06-08 13:25:14,545 INFO El proximo nodo a abrir será: (674, 'ciudad2')
2020-06-08 13:25:14,546 INFO La cantidad de nodos abiertos es de: 208
2020-06-08 13:25:14,634 INFO Se abrio el nodo: (674, 'ciudad2')
2020-06-08 13:25:14,634 INFO El proximo nodo a abrir será: (799, 'ciudad8')
2020-06-08 13:25:14,635 INFO La cantidad de nodos abiertos es de: 209
2020-06-08 13:25:14,733 INFO Se abrio el nodo: (799, 'ciudad8')
2020-06-08 13:25:14,734 INFO El proximo nodo a abrir será: (370, 'ciudad5')
2020-06-08 13:25:14,734 INFO La cantidad de nodos abiertos es de: 210
2020-06-08 13:25:14,831 INFO Se abrio el nodo: (370, 'ciudad5')
2020-06-08 13:25:14,832 INFO El proximo nodo a abrir será: (373, 'ciudad5')
2020-06-08 13:25:14,832 INFO La cantidad de nodos abiertos es de: 211
2020-06-08 13:25:14,908 INFO Se abrio el nodo: (373, 'ciudad5')
2020-06-08 13:25:14,909 INFO El proximo nodo a abrir será: (802, 'ciudad8')
2020-06-08 13:25:14,910 INFO La cantidad de nodos abiertos es de: 212
2020-06-08 13:25:14,995 INFO Se abrio el nodo: (802, 'ciudad8')
2020-06-08 13:25:14,996 INFO El proximo nodo a abrir será: (812, 'ciudad7')
2020-06-08 13:25:14,996 INFO La cantidad de nodos abiertos es de: 213
2020-06-08 13:25:15,084 INFO Se abrio el nodo: (812, 'ciudad7')
2020-06-08 13:25:15,084 INFO El proximo nodo a abrir será: (814, 'ciudad7')
2020-06-08 13:25:15,084 INFO La cantidad de nodos abiertos es de: 214
2020-06-08 13:25:15,181 INFO Se abrio el nodo: (814, 'ciudad7')
2020-06-08 13:25:15,181 INFO El proximo nodo a abrir será: (822, 'ciudad7')
2020-06-08 13:25:15,182 INFO La cantidad de nodos abiertos es de: 215
2020-06-08 13:25:15,263 INFO Se abrio el nodo: (822, 'ciudad7')
2020-06-08 13:25:15,263 INFO El proximo nodo a abrir será: (826, 'ciudad4')
2020-06-08 13:25:15,263 INFO La cantidad de nodos abiertos es de: 216
2020-06-08 13:25:15,351 INFO Se abrio el nodo: (826, 'ciudad4')
2020-06-08 13:25:15,352 INFO El proximo nodo a abrir será: (828, 'ciudad4')
2020-06-08 13:25:15,352 INFO La cantidad de nodos abiertos es de: 217
2020-06-08 13:25:15,447 INFO Se abrio el nodo: (828, 'ciudad4')
2020-06-08 13:25:15,448 INFO El proximo nodo a abrir será: (263, 'ciudad9')
2020-06-08 13:25:15,448 INFO La cantidad de nodos abiertos es de: 218
2020-06-08 13:25:15,548 INFO Se abrio el nodo: (263, 'ciudad9')
2020-06-08 13:25:15,548 INFO El proximo nodo a abrir será: (636, 'ciudad6')
2020-06-08 13:25:15,549 INFO La cantidad de nodos abiertos es de: 219
2020-06-08 13:25:15,628 INFO Se abrio el nodo: (636, 'ciudad6')
2020-06-08 13:25:15,628 INFO El proximo nodo a abrir será: (268, 'ciudad9')
2020-06-08 13:25:15,629 INFO La cantidad de nodos abiertos es de: 220
2020-06-08 13:25:15,721 INFO Se abrio el nodo: (268, 'ciudad9')
2020-06-08 13:25:15,721 INFO El proximo nodo a abrir será: (403, 'ciudad5')
2020-06-08 13:25:15,721 INFO La cantidad de nodos abiertos es de: 221
2020-06-08 13:25:15,815 INFO Se abrio el nodo: (403, 'ciudad5')
2020-06-08 13:25:15,816 INFO El proximo nodo a abrir será: (644, 'ciudad4')
2020-06-08 13:25:15,816 INFO La cantidad de nodos abiertos es de: 222
2020-06-08 13:25:15,905 INFO Se abrio el nodo: (644, 'ciudad4')
2020-06-08 13:25:15,906 INFO El proximo nodo a abrir será: (434, 'ciudad5')
2020-06-08 13:25:15,906 INFO La cantidad de nodos abiertos es de: 223
2020-06-08 13:25:15,999 INFO Se abrio el nodo: (434, 'ciudad5')
2020-06-08 13:25:15,999 INFO El proximo nodo a abrir será: (666, 'ciudad8')
2020-06-08 13:25:16,000 INFO La cantidad de nodos abiertos es de: 224
2020-06-08 13:25:16,084 INFO Se abrio el nodo: (666, 'ciudad8')
2020-06-08 13:25:16,084 INFO El proximo nodo a abrir será: (709, 'ciudad6')
2020-06-08 13:25:16,085 INFO La cantidad de nodos abiertos es de: 225
2020-06-08 13:25:16,169 INFO Se abrio el nodo: (709, 'ciudad6')
2020-06-08 13:25:16,169 INFO El proximo nodo a abrir será: (668, 'ciudad2')
2020-06-08 13:25:16,170 INFO La cantidad de nodos abiertos es de: 226
2020-06-08 13:25:16,242 INFO Se abrio el nodo: (668, 'ciudad2')
2020-06-08 13:25:16,243 INFO El proximo nodo a abrir será: (678, 'ciudad8')
2020-06-08 13:25:16,243 INFO La cantidad de nodos abiertos es de: 227
2020-06-08 13:25:16,317 INFO Se abrio el nodo: (678, 'ciudad8')
2020-06-08 13:25:16,317 INFO El proximo nodo a abrir será: (682, 'ciudad8')
2020-06-08 13:25:16,318 INFO La cantidad de nodos abiertos es de: 228
2020-06-08 13:25:16,417 INFO Se abrio el nodo: (682, 'ciudad8')
2020-06-08 13:25:16,418 INFO El proximo nodo a abrir será: (738, 'ciudad9')
2020-06-08 13:25:16,419 INFO La cantidad de nodos abiertos es de: 229
2020-06-08 13:25:16,521 INFO Se abrio el nodo: (738, 'ciudad9')
2020-06-08 13:25:16,522 INFO El proximo nodo a abrir será: (868, 'ciudad7')
2020-06-08 13:25:16,522 INFO La cantidad de nodos abiertos es de: 230
2020-06-08 13:25:16,639 INFO Se abrio el nodo: (868, 'ciudad7')
2020-06-08 13:25:16,640 INFO El proximo nodo a abrir será: (746, 'ciudad9')
2020-06-08 13:25:16,640 INFO La cantidad de nodos abiertos es de: 231
2020-06-08 13:25:16,747 INFO Se abrio el nodo: (746, 'ciudad9')
2020-06-08 13:25:16,747 INFO El proximo nodo a abrir será: (39, 'ciudad4')
2020-06-08 13:25:16,747 INFO La cantidad de nodos abiertos es de: 232
2020-06-08 13:25:16,854 INFO Se abrio el nodo: (39, 'ciudad4')
2020-06-08 13:25:16,855 INFO El proximo nodo a abrir será: (879, 'ciudad5')
2020-06-08 13:25:16,855 INFO La cantidad de nodos abiertos es de: 233
2020-06-08 13:25:16,963 INFO Se abrio el nodo: (879, 'ciudad5')
2020-06-08 13:25:16,963 INFO El proximo nodo a abrir será: (342, 'ciudad9')
2020-06-08 13:25:16,963 INFO La cantidad de nodos abiertos es de: 234
2020-06-08 13:25:17,108 INFO Se abrio el nodo: (342, 'ciudad9')
2020-06-08 13:25:17,108 INFO El proximo nodo a abrir será: (760, 'ciudad8')
2020-06-08 13:25:17,109 INFO La cantidad de nodos abiertos es de: 235
2020-06-08 13:25:17,216 INFO Se abrio el nodo: (760, 'ciudad8')
2020-06-08 13:25:17,216 INFO El proximo nodo a abrir será: (356, 'ciudad9')
2020-06-08 13:25:17,217 INFO La cantidad de nodos abiertos es de: 236
2020-06-08 13:25:17,347 INFO Se abrio el nodo: (356, 'ciudad9')
2020-06-08 13:25:17,348 INFO El proximo nodo a abrir será: (697, 'ciudad6')
2020-06-08 13:25:17,348 INFO La cantidad de nodos abiertos es de: 237
2020-06-08 13:25:17,453 INFO Se abrio el nodo: (697, 'ciudad6')
2020-06-08 13:25:17,454 INFO El proximo nodo a abrir será: (769, 'ciudad8')
2020-06-08 13:25:17,454 INFO La cantidad de nodos abiertos es de: 238
2020-06-08 13:25:17,551 INFO Se abrio el nodo: (769, 'ciudad8')
2020-06-08 13:25:17,551 INFO El proximo nodo a abrir será: (364, 'ciudad9')
2020-06-08 13:25:17,551 INFO La cantidad de nodos abiertos es de: 239
2020-06-08 13:25:17,650 INFO Se abrio el nodo: (364, 'ciudad9')
2020-06-08 13:25:17,651 INFO El proximo nodo a abrir será: (839, 'ciudad3')
2020-06-08 13:25:17,651 INFO La cantidad de nodos abiertos es de: 240
2020-06-08 13:25:17,749 INFO Se abrio el nodo: (839, 'ciudad3')
2020-06-08 13:25:17,749 INFO El proximo nodo a abrir será: (843, 'ciudad3')
2020-06-08 13:25:17,750 INFO La cantidad de nodos abiertos es de: 241
2020-06-08 13:25:17,848 INFO Se abrio el nodo: (843, 'ciudad3')
2020-06-08 13:25:17,848 INFO El proximo nodo a abrir será: (296, 'ciudad8')
2020-06-08 13:25:17,849 INFO La cantidad de nodos abiertos es de: 242
2020-06-08 13:25:17,953 INFO Se abrio el nodo: (296, 'ciudad8')
2020-06-08 13:25:17,953 INFO El proximo nodo a abrir será: (847, 'ciudad3')
2020-06-08 13:25:17,953 INFO La cantidad de nodos abiertos es de: 243
2020-06-08 13:25:18,044 INFO Se abrio el nodo: (847, 'ciudad3')
2020-06-08 13:25:18,045 INFO El proximo nodo a abrir será: (891, 'ciudad3')
2020-06-08 13:25:18,045 INFO La cantidad de nodos abiertos es de: 244
2020-06-08 13:25:18,139 INFO Se abrio el nodo: (891, 'ciudad3')
2020-06-08 13:25:18,140 INFO El proximo nodo a abrir será: (800, 'ciudad9')
2020-06-08 13:25:18,140 INFO La cantidad de nodos abiertos es de: 245
2020-06-08 13:25:18,257 INFO Se abrio el nodo: (800, 'ciudad9')
2020-06-08 13:25:18,258 INFO El proximo nodo a abrir será: (901, 'ciudad3')
2020-06-08 13:25:18,258 INFO La cantidad de nodos abiertos es de: 246
2020-06-08 13:25:18,389 INFO Se abrio el nodo: (901, 'ciudad3')
2020-06-08 13:25:18,389 INFO El proximo nodo a abrir será: (803, 'ciudad9')
2020-06-08 13:25:18,390 INFO La cantidad de nodos abiertos es de: 247
2020-06-08 13:25:18,539 INFO Se abrio el nodo: (803, 'ciudad9')
2020-06-08 13:25:18,540 INFO El proximo nodo a abrir será: (509, 'ciudad6')
2020-06-08 13:25:18,541 INFO La cantidad de nodos abiertos es de: 248
2020-06-08 13:25:18,671 INFO Se abrio el nodo: (509, 'ciudad6')
2020-06-08 13:25:18,672 INFO El proximo nodo a abrir será: (411, 'ciudad8')
2020-06-08 13:25:18,672 INFO La cantidad de nodos abiertos es de: 249
2020-06-08 13:25:18,773 INFO Se abrio el nodo: (411, 'ciudad8')
2020-06-08 13:25:18,773 INFO El proximo nodo a abrir será: (763, 'ciudad3')
2020-06-08 13:25:18,774 INFO La cantidad de nodos abiertos es de: 250
2020-06-08 13:25:18,876 INFO Se abrio el nodo: (763, 'ciudad3')
2020-06-08 13:25:18,876 INFO El proximo nodo a abrir será: (110, 'ciudad4')
2020-06-08 13:25:18,877 INFO La cantidad de nodos abiertos es de: 251
2020-06-08 13:25:19,067 INFO Se abrio el nodo: (110, 'ciudad4')
2020-06-08 13:25:19,067 INFO El proximo nodo a abrir será: (424, 'ciudad8')
2020-06-08 13:25:19,069 INFO La cantidad de nodos abiertos es de: 252
2020-06-08 13:25:19,172 INFO Se abrio el nodo: (424, 'ciudad8')
2020-06-08 13:25:19,172 INFO El proximo nodo a abrir será: (573, 'ciudad5')
2020-06-08 13:25:19,172 INFO La cantidad de nodos abiertos es de: 253
2020-06-08 13:25:19,255 INFO Se abrio el nodo: (573, 'ciudad5')
2020-06-08 13:25:19,255 INFO El proximo nodo a abrir será: (368, 'ciudad9')
2020-06-08 13:25:19,255 INFO La cantidad de nodos abiertos es de: 254
2020-06-08 13:25:19,373 INFO Se abrio el nodo: (368, 'ciudad9')
2020-06-08 13:25:19,373 INFO El proximo nodo a abrir será: (444, 'ciudad8')
2020-06-08 13:25:19,373 INFO La cantidad de nodos abiertos es de: 255
2020-06-08 13:25:19,510 INFO Se abrio el nodo: (444, 'ciudad8')
2020-06-08 13:25:19,511 INFO El proximo nodo a abrir será: (448, 'ciudad9')
2020-06-08 13:25:19,512 INFO La cantidad de nodos abiertos es de: 256
2020-06-08 13:25:19,619 INFO Se abrio el nodo: (448, 'ciudad9')
2020-06-08 13:25:19,619 INFO El proximo nodo a abrir será: (701, 'ciudad6')
2020-06-08 13:25:19,620 INFO La cantidad de nodos abiertos es de: 257
2020-06-08 13:25:19,724 INFO Se abrio el nodo: (701, 'ciudad6')
2020-06-08 13:25:19,724 INFO El proximo nodo a abrir será: (707, 'ciudad4')
2020-06-08 13:25:19,725 INFO La cantidad de nodos abiertos es de: 258
2020-06-08 13:25:19,834 INFO Se abrio el nodo: (707, 'ciudad4')
2020-06-08 13:25:19,834 INFO El proximo nodo a abrir será: (935, 'ciudad8')
2020-06-08 13:25:19,835 INFO La cantidad de nodos abiertos es de: 259
2020-06-08 13:25:19,938 INFO Se abrio el nodo: (935, 'ciudad8')
2020-06-08 13:25:19,939 INFO El proximo nodo a abrir será: (937, 'ciudad5')
2020-06-08 13:25:19,939 INFO La cantidad de nodos abiertos es de: 260
2020-06-08 13:25:20,047 INFO Se abrio el nodo: (937, 'ciudad5')
2020-06-08 13:25:20,048 INFO El proximo nodo a abrir será: (944, 'ciudad4')
2020-06-08 13:25:20,048 INFO La cantidad de nodos abiertos es de: 261
2020-06-08 13:25:20,160 INFO Se abrio el nodo: (944, 'ciudad4')
2020-06-08 13:25:20,161 INFO El proximo nodo a abrir será: (786, 'ciudad3')
2020-06-08 13:25:20,161 INFO La cantidad de nodos abiertos es de: 262
2020-06-08 13:25:20,252 INFO Se abrio el nodo: (786, 'ciudad3')
2020-06-08 13:25:20,252 INFO El proximo nodo a abrir será: (455, 'ciudad9')
2020-06-08 13:25:20,252 INFO La cantidad de nodos abiertos es de: 263
2020-06-08 13:25:20,365 INFO Se abrio el nodo: (455, 'ciudad9')
2020-06-08 13:25:20,365 INFO El proximo nodo a abrir será: (790, 'ciudad8')
2020-06-08 13:25:20,366 INFO La cantidad de nodos abiertos es de: 264
2020-06-08 13:25:20,481 INFO Se abrio el nodo: (790, 'ciudad8')
2020-06-08 13:25:20,481 INFO El proximo nodo a abrir será: (958, 'ciudad5')
2020-06-08 13:25:20,482 INFO La cantidad de nodos abiertos es de: 265
2020-06-08 13:25:20,610 INFO Se abrio el nodo: (958, 'ciudad5')
2020-06-08 13:25:20,611 INFO El proximo nodo a abrir será: (458, 'ciudad9')
2020-06-08 13:25:20,611 INFO La cantidad de nodos abiertos es de: 266
2020-06-08 13:25:20,716 INFO Se abrio el nodo: (458, 'ciudad9')
2020-06-08 13:25:20,716 INFO El proximo nodo a abrir será: (504, 'ciudad5')
2020-06-08 13:25:20,716 INFO La cantidad de nodos abiertos es de: 267
2020-06-08 13:25:20,823 INFO Se abrio el nodo: (504, 'ciudad5')
2020-06-08 13:25:20,823 INFO El proximo nodo a abrir será: (968, 'ciudad8')
2020-06-08 13:25:20,824 INFO La cantidad de nodos abiertos es de: 268
2020-06-08 13:25:20,970 INFO Se abrio el nodo: (968, 'ciudad8')
2020-06-08 13:25:20,970 INFO El proximo nodo a abrir será: (140, 'ciudad7')
2020-06-08 13:25:20,971 INFO La cantidad de nodos abiertos es de: 269
2020-06-08 13:25:21,074 INFO Se abrio el nodo: (140, 'ciudad7')
2020-06-08 13:25:21,075 INFO El proximo nodo a abrir será: (152, 'ciudad4')
2020-06-08 13:25:21,075 INFO La cantidad de nodos abiertos es de: 270
2020-06-08 13:25:21,183 INFO Se abrio el nodo: (152, 'ciudad4')
2020-06-08 13:25:21,184 INFO El proximo nodo a abrir será: (166, 'ciudad7')
2020-06-08 13:25:21,184 INFO La cantidad de nodos abiertos es de: 271
2020-06-08 13:25:21,287 INFO Se abrio el nodo: (166, 'ciudad7')
2020-06-08 13:25:21,288 INFO El proximo nodo a abrir será: (989, 'ciudad5')
2020-06-08 13:25:21,288 INFO La cantidad de nodos abiertos es de: 272
2020-06-08 13:25:21,392 INFO Se abrio el nodo: (989, 'ciudad5')
2020-06-08 13:25:21,392 INFO El proximo nodo a abrir será: (981, 'ciudad2')
2020-06-08 13:25:21,393 INFO La cantidad de nodos abiertos es de: 273
2020-06-08 13:25:21,502 INFO Se abrio el nodo: (981, 'ciudad2')
2020-06-08 13:25:21,503 INFO El proximo nodo a abrir será: (184, 'ciudad7')
2020-06-08 13:25:21,503 INFO La cantidad de nodos abiertos es de: 274
2020-06-08 13:25:21,608 INFO Se abrio el nodo: (184, 'ciudad7')
2020-06-08 13:25:21,608 INFO El proximo nodo a abrir será: (196, 'ciudad7')
2020-06-08 13:25:21,608 INFO La cantidad de nodos abiertos es de: 275
2020-06-08 13:25:21,717 INFO Se abrio el nodo: (196, 'ciudad7')
2020-06-08 13:25:21,717 INFO El proximo nodo a abrir será: (993, 'ciudad2')
2020-06-08 13:25:21,718 INFO La cantidad de nodos abiertos es de: 276
2020-06-08 13:25:21,827 INFO Se abrio el nodo: (993, 'ciudad2')
2020-06-08 13:25:21,828 INFO El proximo nodo a abrir será: (205, 'ciudad4')
2020-06-08 13:25:21,828 INFO La cantidad de nodos abiertos es de: 277
2020-06-08 13:25:21,933 INFO Se abrio el nodo: (205, 'ciudad4')
2020-06-08 13:25:21,934 INFO El proximo nodo a abrir será: (1008, 'ciudad2')
2020-06-08 13:25:21,934 INFO La cantidad de nodos abiertos es de: 278
2020-06-08 13:25:22,051 INFO Se abrio el nodo: (1008, 'ciudad2')
2020-06-08 13:25:22,051 INFO El proximo nodo a abrir será: (878, 'ciudad3')
2020-06-08 13:25:22,052 INFO La cantidad de nodos abiertos es de: 279
2020-06-08 13:25:22,175 INFO Se abrio el nodo: (878, 'ciudad3')
2020-06-08 13:25:22,175 INFO El proximo nodo a abrir será: (880, 'ciudad6')
2020-06-08 13:25:22,176 INFO La cantidad de nodos abiertos es de: 280
2020-06-08 13:25:22,292 INFO Se abrio el nodo: (880, 'ciudad6')
2020-06-08 13:25:22,293 INFO El proximo nodo a abrir será: (1013, 'ciudad2')
2020-06-08 13:25:22,293 INFO La cantidad de nodos abiertos es de: 281
2020-06-08 13:25:22,383 INFO Se abrio el nodo: (1013, 'ciudad2')
2020-06-08 13:25:22,383 INFO El proximo nodo a abrir será: (1023, 'ciudad5')
2020-06-08 13:25:22,383 INFO La cantidad de nodos abiertos es de: 282
2020-06-08 13:25:22,509 INFO Se abrio el nodo: (1023, 'ciudad5')
2020-06-08 13:25:22,510 INFO El proximo nodo a abrir será: (1032, 'ciudad8')
2020-06-08 13:25:22,510 INFO La cantidad de nodos abiertos es de: 283
2020-06-08 13:25:22,656 INFO Se abrio el nodo: (1032, 'ciudad8')
2020-06-08 13:25:22,656 INFO El proximo nodo a abrir será: (844, 'ciudad4')
2020-06-08 13:25:22,656 INFO La cantidad de nodos abiertos es de: 284
2020-06-08 13:25:22,757 INFO Se abrio el nodo: (844, 'ciudad4')
2020-06-08 13:25:22,757 INFO El proximo nodo a abrir será: (130, 'ciudad4')
2020-06-08 13:25:22,758 INFO La cantidad de nodos abiertos es de: 285
2020-06-08 13:25:22,915 INFO Se abrio el nodo: (130, 'ciudad4')
2020-06-08 13:25:22,916 INFO El proximo nodo a abrir será: (1049, 'ciudad5')
2020-06-08 13:25:22,916 INFO La cantidad de nodos abiertos es de: 286
2020-06-08 13:25:23,043 INFO Se abrio el nodo: (1049, 'ciudad5')
2020-06-08 13:25:23,043 INFO El proximo nodo a abrir será: (133, 'ciudad4')
2020-06-08 13:25:23,043 INFO La cantidad de nodos abiertos es de: 287
2020-06-08 13:25:23,291 INFO Se abrio el nodo: (133, 'ciudad4')
2020-06-08 13:25:23,292 INFO El proximo nodo a abrir será: (909, 'ciudad6')
2020-06-08 13:25:23,292 INFO La cantidad de nodos abiertos es de: 288
2020-06-08 13:25:23,414 INFO Se abrio el nodo: (909, 'ciudad6')
2020-06-08 13:25:23,414 INFO El proximo nodo a abrir será: (921, 'ciudad9')
2020-06-08 13:25:23,415 INFO La cantidad de nodos abiertos es de: 289
2020-06-08 13:25:23,560 INFO Se abrio el nodo: (921, 'ciudad9')
2020-06-08 13:25:23,561 INFO El proximo nodo a abrir será: (1051, 'ciudad5')
2020-06-08 13:25:23,561 INFO La cantidad de nodos abiertos es de: 290
2020-06-08 13:25:23,713 INFO Se abrio el nodo: (1051, 'ciudad5')
2020-06-08 13:25:23,714 INFO El proximo nodo a abrir será: (1055, 'ciudad5')
2020-06-08 13:25:23,714 INFO La cantidad de nodos abiertos es de: 291
2020-06-08 13:25:23,855 INFO Se abrio el nodo: (1055, 'ciudad5')
2020-06-08 13:25:23,855 INFO El proximo nodo a abrir será: (869, 'ciudad8')
2020-06-08 13:25:23,855 INFO La cantidad de nodos abiertos es de: 292
2020-06-08 13:25:24,003 INFO Se abrio el nodo: (869, 'ciudad8')
2020-06-08 13:25:24,004 INFO El proximo nodo a abrir será: (925, 'ciudad9')
2020-06-08 13:25:24,004 INFO La cantidad de nodos abiertos es de: 293
2020-06-08 13:25:24,142 INFO Se abrio el nodo: (925, 'ciudad9')
2020-06-08 13:25:24,142 INFO El proximo nodo a abrir será: (217, 'ciudad7')
2020-06-08 13:25:24,143 INFO La cantidad de nodos abiertos es de: 294
2020-06-08 13:25:24,442 INFO Se abrio el nodo: (217, 'ciudad7')
2020-06-08 13:25:24,442 INFO El proximo nodo a abrir será: (221, 'ciudad7')
2020-06-08 13:25:24,443 INFO La cantidad de nodos abiertos es de: 295
2020-06-08 13:25:24,664 INFO Se abrio el nodo: (221, 'ciudad7')
2020-06-08 13:25:24,665 INFO El proximo nodo a abrir será: (231, 'ciudad7')
2020-06-08 13:25:24,665 INFO La cantidad de nodos abiertos es de: 296
2020-06-08 13:25:24,891 INFO Se abrio el nodo: (231, 'ciudad7')
2020-06-08 13:25:24,892 INFO El proximo nodo a abrir será: (1065, 'ciudad2')
2020-06-08 13:25:24,892 INFO La cantidad de nodos abiertos es de: 297
2020-06-08 13:25:25,111 INFO Se abrio el nodo: (1065, 'ciudad2')
2020-06-08 13:25:25,112 INFO El proximo nodo a abrir será: (1069, 'ciudad2')
2020-06-08 13:25:25,113 INFO La cantidad de nodos abiertos es de: 298
2020-06-08 13:25:25,315 INFO Se abrio el nodo: (1069, 'ciudad2')
2020-06-08 13:25:25,315 INFO El proximo nodo a abrir será: (251, 'ciudad4')
2020-06-08 13:25:25,316 INFO La cantidad de nodos abiertos es de: 299
2020-06-08 13:25:25,546 INFO Se abrio el nodo: (251, 'ciudad4')
2020-06-08 13:25:25,547 INFO El proximo nodo a abrir será: (1031, 'ciudad6')
2020-06-08 13:25:25,547 INFO La cantidad de nodos abiertos es de: 300
2020-06-08 13:25:25,811 INFO Se abrio el nodo: (1031, 'ciudad6')
2020-06-08 13:25:25,811 INFO El proximo nodo a abrir será: (1033, 'ciudad9')
2020-06-08 13:25:25,812 INFO La cantidad de nodos abiertos es de: 301
2020-06-08 13:25:26,375 INFO Se abrio el nodo: (1033, 'ciudad9')
2020-06-08 13:25:26,376 INFO El proximo nodo a abrir será: (1034, 'ciudad3')
2020-06-08 13:25:26,376 INFO La cantidad de nodos abiertos es de: 302
2020-06-08 13:25:26,727 INFO Se abrio el nodo: (1034, 'ciudad3')
2020-06-08 13:25:26,727 INFO El proximo nodo a abrir será: (1073, 'ciudad2')
2020-06-08 13:25:26,729 INFO La cantidad de nodos abiertos es de: 303
2020-06-08 13:25:26,964 INFO Se abrio el nodo: (1073, 'ciudad2')
2020-06-08 13:25:26,964 INFO El proximo nodo a abrir será: (476, 'ciudad8')
2020-06-08 13:25:26,965 INFO La cantidad de nodos abiertos es de: 304
2020-06-08 13:25:27,165 INFO Se abrio el nodo: (476, 'ciudad8')
2020-06-08 13:25:27,166 INFO El proximo nodo a abrir será: (936, 'ciudad9')
2020-06-08 13:25:27,166 INFO La cantidad de nodos abiertos es de: 305
2020-06-08 13:25:27,345 INFO Se abrio el nodo: (936, 'ciudad9')
2020-06-08 13:25:27,346 INFO El proximo nodo a abrir será: (716, 'ciudad6')
2020-06-08 13:25:27,346 INFO La cantidad de nodos abiertos es de: 306
2020-06-08 13:25:27,521 INFO Se abrio el nodo: (716, 'ciudad6')
2020-06-08 13:25:27,522 INFO El proximo nodo a abrir será: (601, 'ciudad9')
2020-06-08 13:25:27,522 INFO La cantidad de nodos abiertos es de: 307
2020-06-08 13:25:27,702 INFO Se abrio el nodo: (601, 'ciudad9')
2020-06-08 13:25:27,702 INFO El proximo nodo a abrir será: (1083, 'ciudad5')
2020-06-08 13:25:27,703 INFO La cantidad de nodos abiertos es de: 308
2020-06-08 13:25:27,884 INFO Se abrio el nodo: (1083, 'ciudad5')
2020-06-08 13:25:27,885 INFO El proximo nodo a abrir será: (488, 'ciudad8')
2020-06-08 13:25:27,886 INFO La cantidad de nodos abiertos es de: 309
2020-06-08 13:25:28,074 INFO Se abrio el nodo: (488, 'ciudad8')
2020-06-08 13:25:28,074 INFO El proximo nodo a abrir será: (500, 'ciudad8')
2020-06-08 13:25:28,075 INFO La cantidad de nodos abiertos es de: 310
2020-06-08 13:25:28,256 INFO Se abrio el nodo: (500, 'ciudad8')
2020-06-08 13:25:28,257 INFO El proximo nodo a abrir será: (898, 'ciudad2')
2020-06-08 13:25:28,258 INFO La cantidad de nodos abiertos es de: 311
2020-06-08 13:25:28,449 INFO Se abrio el nodo: (898, 'ciudad2')
2020-06-08 13:25:28,450 INFO El proximo nodo a abrir será: (1093, 'ciudad8')
2020-06-08 13:25:28,450 INFO La cantidad de nodos abiertos es de: 312
2020-06-08 13:25:28,645 INFO Se abrio el nodo: (1093, 'ciudad8')
2020-06-08 13:25:28,646 INFO El proximo nodo a abrir será: (865, 'ciudad4')
2020-06-08 13:25:28,646 INFO La cantidad de nodos abiertos es de: 313
2020-06-08 13:25:28,854 INFO Se abrio el nodo: (865, 'ciudad4')
2020-06-08 13:25:28,855 INFO El proximo nodo a abrir será: (969, 'ciudad9')
2020-06-08 13:25:28,855 INFO La cantidad de nodos abiertos es de: 314
2020-06-08 13:25:29,051 INFO Se abrio el nodo: (969, 'ciudad9')
2020-06-08 13:25:29,051 INFO El proximo nodo a abrir será: (1115, 'ciudad7')
2020-06-08 13:25:29,052 INFO La cantidad de nodos abiertos es de: 315
2020-06-08 13:25:29,243 INFO Se abrio el nodo: (1115, 'ciudad7')
2020-06-08 13:25:29,244 INFO El proximo nodo a abrir será: (1118, 'ciudad5')
2020-06-08 13:25:29,244 INFO La cantidad de nodos abiertos es de: 316
2020-06-08 13:25:29,466 INFO Se abrio el nodo: (1118, 'ciudad5')
2020-06-08 13:25:29,467 INFO El proximo nodo a abrir será: (1006, 'ciudad8')
2020-06-08 13:25:29,467 INFO La cantidad de nodos abiertos es de: 317
2020-06-08 13:25:29,770 INFO Se abrio el nodo: (1006, 'ciudad8')
2020-06-08 13:25:29,771 INFO El proximo nodo a abrir será: (1020, 'ciudad8')
2020-06-08 13:25:29,771 INFO La cantidad de nodos abiertos es de: 318
2020-06-08 13:25:30,035 INFO Se abrio el nodo: (1020, 'ciudad8')
2020-06-08 13:25:30,035 INFO El proximo nodo a abrir será: (1028, 'ciudad8')
2020-06-08 13:25:30,036 INFO La cantidad de nodos abiertos es de: 319
2020-06-08 13:25:30,271 INFO Se abrio el nodo: (1028, 'ciudad8')
2020-06-08 13:25:30,273 INFO El proximo nodo a abrir será: (1123, 'ciudad3')
2020-06-08 13:25:30,273 INFO La cantidad de nodos abiertos es de: 320
2020-06-08 13:25:30,514 INFO Se abrio el nodo: (1123, 'ciudad3')
2020-06-08 13:25:30,515 INFO El proximo nodo a abrir será: (279, 'ciudad7')
2020-06-08 13:25:30,515 INFO La cantidad de nodos abiertos es de: 321
2020-06-08 13:25:30,734 INFO Se abrio el nodo: (279, 'ciudad7')
2020-06-08 13:25:30,735 INFO El proximo nodo a abrir será: (1040, 'ciudad8')
2020-06-08 13:25:30,735 INFO La cantidad de nodos abiertos es de: 322
2020-06-08 13:25:30,962 INFO Se abrio el nodo: (1040, 'ciudad8')
2020-06-08 13:25:30,963 INFO El proximo nodo a abrir será: (291, 'ciudad7')
2020-06-08 13:25:30,963 INFO La cantidad de nodos abiertos es de: 323
2020-06-08 13:25:31,173 INFO Se abrio el nodo: (291, 'ciudad7')
2020-06-08 13:25:31,173 INFO El proximo nodo a abrir será: (663, 'ciudad9')
2020-06-08 13:25:31,173 INFO La cantidad de nodos abiertos es de: 324
2020-06-08 13:25:31,311 INFO Se abrio el nodo: (663, 'ciudad9')
2020-06-08 13:25:31,312 INFO El proximo nodo a abrir será: (929, 'ciudad2')
2020-06-08 13:25:31,312 INFO La cantidad de nodos abiertos es de: 325
2020-06-08 13:25:31,478 INFO Se abrio el nodo: (929, 'ciudad2')
2020-06-08 13:25:31,479 INFO El proximo nodo a abrir será: (1127, 'ciudad3')
2020-06-08 13:25:31,479 INFO La cantidad de nodos abiertos es de: 326
2020-06-08 13:25:31,640 INFO Se abrio el nodo: (1127, 'ciudad3')
2020-06-08 13:25:31,641 INFO El proximo nodo a abrir será: (300, 'ciudad4')
2020-06-08 13:25:31,641 INFO La cantidad de nodos abiertos es de: 327
2020-06-08 13:25:31,793 INFO Se abrio el nodo: (300, 'ciudad4')
2020-06-08 13:25:31,793 INFO El proximo nodo a abrir será: (673, 'ciudad8')
2020-06-08 13:25:31,794 INFO La cantidad de nodos abiertos es de: 328
2020-06-08 13:25:31,964 INFO Se abrio el nodo: (673, 'ciudad8')
2020-06-08 13:25:31,964 INFO El proximo nodo a abrir será: (676, 'ciudad9')
2020-06-08 13:25:31,964 INFO La cantidad de nodos abiertos es de: 329
2020-06-08 13:25:32,100 INFO Se abrio el nodo: (676, 'ciudad9')
2020-06-08 13:25:32,100 INFO El proximo nodo a abrir será: (940, 'ciudad2')
2020-06-08 13:25:32,100 INFO La cantidad de nodos abiertos es de: 330
2020-06-08 13:25:32,209 INFO Se abrio el nodo: (940, 'ciudad2')
2020-06-08 13:25:32,209 INFO El proximo nodo a abrir será: (1130, 'ciudad3')
2020-06-08 13:25:32,209 INFO La cantidad de nodos abiertos es de: 331
2020-06-08 13:25:32,320 INFO Se abrio el nodo: (1130, 'ciudad3')
2020-06-08 13:25:32,320 INFO El proximo nodo a abrir será: (1136, 'ciudad2')
2020-06-08 13:25:32,320 INFO La cantidad de nodos abiertos es de: 332
2020-06-08 13:25:32,422 INFO Se abrio el nodo: (1136, 'ciudad2')
2020-06-08 13:25:32,423 INFO El proximo nodo a abrir será: (907, 'ciudad4')
2020-06-08 13:25:32,423 INFO La cantidad de nodos abiertos es de: 333
2020-06-08 13:25:32,543 INFO Se abrio el nodo: (907, 'ciudad4')
2020-06-08 13:25:32,543 INFO El proximo nodo a abrir será: (910, 'ciudad4')
2020-06-08 13:25:32,544 INFO La cantidad de nodos abiertos es de: 334
2020-06-08 13:25:32,659 INFO Se abrio el nodo: (910, 'ciudad4')
2020-06-08 13:25:32,659 INFO El proximo nodo a abrir será: (938, 'ciudad6')
2020-06-08 13:25:32,660 INFO La cantidad de nodos abiertos es de: 335
2020-06-08 13:25:32,776 INFO Se abrio el nodo: (938, 'ciudad6')
2020-06-08 13:25:32,777 INFO El proximo nodo a abrir será: (1150, 'ciudad7')
2020-06-08 13:25:32,777 INFO La cantidad de nodos abiertos es de: 336
2020-06-08 13:25:32,874 INFO Se abrio el nodo: (1150, 'ciudad7')
2020-06-08 13:25:32,875 INFO El proximo nodo a abrir será: (619, 'ciudad9')
2020-06-08 13:25:32,875 INFO La cantidad de nodos abiertos es de: 337
2020-06-08 13:25:32,972 INFO Se abrio el nodo: (619, 'ciudad9')
2020-06-08 13:25:32,972 INFO El proximo nodo a abrir será: (730, 'ciudad5')
2020-06-08 13:25:32,972 INFO La cantidad de nodos abiertos es de: 338
2020-06-08 13:25:33,074 INFO Se abrio el nodo: (730, 'ciudad5')
2020-06-08 13:25:33,075 INFO El proximo nodo a abrir será: (916, 'ciudad4')
2020-06-08 13:25:33,076 INFO La cantidad de nodos abiertos es de: 339
2020-06-08 13:25:33,175 INFO Se abrio el nodo: (916, 'ciudad4')
2020-06-08 13:25:33,177 INFO El proximo nodo a abrir será: (919, 'ciudad4')
2020-06-08 13:25:33,177 INFO La cantidad de nodos abiertos es de: 340
2020-06-08 13:25:33,274 INFO Se abrio el nodo: (919, 'ciudad4')
2020-06-08 13:25:33,274 INFO El proximo nodo a abrir será: (949, 'ciudad2')
2020-06-08 13:25:33,275 INFO La cantidad de nodos abiertos es de: 341
2020-06-08 13:25:33,369 INFO Se abrio el nodo: (949, 'ciudad2')
2020-06-08 13:25:33,370 INFO El proximo nodo a abrir será: (961, 'ciudad2')
2020-06-08 13:25:33,370 INFO La cantidad de nodos abiertos es de: 342
2020-06-08 13:25:33,467 INFO Se abrio el nodo: (961, 'ciudad2')
2020-06-08 13:25:33,467 INFO El proximo nodo a abrir será: (1153, 'ciudad5')
2020-06-08 13:25:33,467 INFO La cantidad de nodos abiertos es de: 343
2020-06-08 13:25:33,566 INFO Se abrio el nodo: (1153, 'ciudad5')
2020-06-08 13:25:33,566 INFO El proximo nodo a abrir será: (1160, 'ciudad7')
2020-06-08 13:25:33,567 INFO La cantidad de nodos abiertos es de: 344
2020-06-08 13:25:33,660 INFO Se abrio el nodo: (1160, 'ciudad7')
2020-06-08 13:25:33,661 INFO El proximo nodo a abrir será: (1165, 'ciudad5')
2020-06-08 13:25:33,661 INFO La cantidad de nodos abiertos es de: 345
2020-06-08 13:25:33,756 INFO Se abrio el nodo: (1165, 'ciudad5')
2020-06-08 13:25:33,756 INFO El proximo nodo a abrir será: (1167, 'ciudad5')
2020-06-08 13:25:33,756 INFO La cantidad de nodos abiertos es de: 346
2020-06-08 13:25:33,857 INFO Se abrio el nodo: (1167, 'ciudad5')
2020-06-08 13:25:33,858 INFO El proximo nodo a abrir será: (1177, 'ciudad5')
2020-06-08 13:25:33,858 INFO La cantidad de nodos abiertos es de: 347
2020-06-08 13:25:33,954 INFO Se abrio el nodo: (1177, 'ciudad5')
2020-06-08 13:25:33,954 INFO El proximo nodo a abrir será: (749, 'ciudad5')
2020-06-08 13:25:33,955 INFO La cantidad de nodos abiertos es de: 348
2020-06-08 13:25:34,058 INFO Se abrio el nodo: (749, 'ciudad5')
2020-06-08 13:25:34,058 INFO El proximo nodo a abrir será: (1182, 'ciudad7')
2020-06-08 13:25:34,059 INFO La cantidad de nodos abiertos es de: 349
2020-06-08 13:25:34,151 INFO Se abrio el nodo: (1182, 'ciudad7')
2020-06-08 13:25:34,152 INFO El proximo nodo a abrir será: (1183, 'ciudad7')
2020-06-08 13:25:34,152 INFO La cantidad de nodos abiertos es de: 350
2020-06-08 13:25:34,251 INFO Se abrio el nodo: (1183, 'ciudad7')
2020-06-08 13:25:34,251 INFO El proximo nodo a abrir será: (988, 'ciudad3')
2020-06-08 13:25:34,251 INFO La cantidad de nodos abiertos es de: 351
2020-06-08 13:25:34,346 INFO Se abrio el nodo: (988, 'ciudad3')
2020-06-08 13:25:34,346 INFO El proximo nodo a abrir será: (990, 'ciudad6')
2020-06-08 13:25:34,347 INFO La cantidad de nodos abiertos es de: 352
2020-06-08 13:25:34,446 INFO Se abrio el nodo: (990, 'ciudad6')
2020-06-08 13:25:34,446 INFO El proximo nodo a abrir será: (394, 'ciudad7')
2020-06-08 13:25:34,446 INFO La cantidad de nodos abiertos es de: 353
2020-06-08 13:25:34,547 INFO Se abrio el nodo: (394, 'ciudad7')
2020-06-08 13:25:34,547 INFO El proximo nodo a abrir será: (1005, 'ciudad6')
2020-06-08 13:25:34,547 INFO La cantidad de nodos abiertos es de: 354
2020-06-08 13:25:34,646 INFO Se abrio el nodo: (1005, 'ciudad6')
2020-06-08 13:25:34,647 INFO El proximo nodo a abrir será: (1196, 'ciudad8')
2020-06-08 13:25:34,647 INFO La cantidad de nodos abiertos es de: 355
2020-06-08 13:25:34,773 INFO Se abrio el nodo: (1196, 'ciudad8')
2020-06-08 13:25:34,774 INFO El proximo nodo a abrir será: (345, 'ciudad7')
2020-06-08 13:25:34,774 INFO La cantidad de nodos abiertos es de: 356
2020-06-08 13:25:34,887 INFO Se abrio el nodo: (345, 'ciudad7')
2020-06-08 13:25:34,887 INFO El proximo nodo a abrir será: (1203, 'ciudad2')
2020-06-08 13:25:34,888 INFO La cantidad de nodos abiertos es de: 357
2020-06-08 13:25:34,995 INFO Se abrio el nodo: (1203, 'ciudad2')
2020-06-08 13:25:34,995 INFO El proximo nodo a abrir será: (884, 'ciudad6')
2020-06-08 13:25:34,996 INFO La cantidad de nodos abiertos es de: 358
2020-06-08 13:25:35,099 INFO Se abrio el nodo: (884, 'ciudad6')
2020-06-08 13:25:35,099 INFO El proximo nodo a abrir será: (1019, 'ciudad6')
2020-06-08 13:25:35,099 INFO La cantidad de nodos abiertos es de: 359
2020-06-08 13:25:35,203 INFO Se abrio el nodo: (1019, 'ciudad6')
2020-06-08 13:25:35,204 INFO El proximo nodo a abrir será: (1022, 'ciudad3')
2020-06-08 13:25:35,204 INFO La cantidad de nodos abiertos es de: 360
2020-06-08 13:25:35,307 INFO Se abrio el nodo: (1022, 'ciudad3')
2020-06-08 13:25:35,307 INFO El proximo nodo a abrir será: (845, 'ciudad5')
2020-06-08 13:25:35,308 INFO La cantidad de nodos abiertos es de: 361
2020-06-08 13:25:35,408 INFO Se abrio el nodo: (845, 'ciudad5')
2020-06-08 13:25:35,409 INFO El proximo nodo a abrir será: (1039, 'ciudad6')
2020-06-08 13:25:35,409 INFO La cantidad de nodos abiertos es de: 362
2020-06-08 13:25:35,525 INFO Se abrio el nodo: (1039, 'ciudad6')
2020-06-08 13:25:35,525 INFO El proximo nodo a abrir será: (1232, 'ciudad4')
2020-06-08 13:25:35,526 INFO La cantidad de nodos abiertos es de: 363
2020-06-08 13:25:35,624 INFO Se abrio el nodo: (1232, 'ciudad4')
2020-06-08 13:25:35,624 INFO El proximo nodo a abrir será: (1079, 'ciudad8')
2020-06-08 13:25:35,625 INFO La cantidad de nodos abiertos es de: 364
2020-06-08 13:25:35,724 INFO Se abrio el nodo: (1079, 'ciudad8')
2020-06-08 13:25:35,725 INFO El proximo nodo a abrir será: (1229, 'ciudad8')
2020-06-08 13:25:35,725 INFO La cantidad de nodos abiertos es de: 365
2020-06-08 13:25:35,844 INFO Se abrio el nodo: (1229, 'ciudad8')
2020-06-08 13:25:35,844 INFO El proximo nodo a abrir será: (1081, 'ciudad8')
2020-06-08 13:25:35,844 INFO La cantidad de nodos abiertos es de: 366
2020-06-08 13:25:35,946 INFO Se abrio el nodo: (1081, 'ciudad8')
2020-06-08 13:25:35,947 INFO El proximo nodo a abrir será: (1094, 'ciudad9')
2020-06-08 13:25:35,947 INFO La cantidad de nodos abiertos es de: 367
2020-06-08 13:25:36,056 INFO Se abrio el nodo: (1094, 'ciudad9')
2020-06-08 13:25:36,056 INFO El proximo nodo a abrir será: (1134, 'ciudad6')
2020-06-08 13:25:36,057 INFO La cantidad de nodos abiertos es de: 368
2020-06-08 13:25:36,181 INFO Se abrio el nodo: (1134, 'ciudad6')
2020-06-08 13:25:36,182 INFO El proximo nodo a abrir será: (1135, 'ciudad9')
2020-06-08 13:25:36,182 INFO La cantidad de nodos abiertos es de: 369
2020-06-08 13:25:36,285 INFO Se abrio el nodo: (1135, 'ciudad9')
2020-06-08 13:25:36,286 INFO El proximo nodo a abrir será: (955, 'ciudad4')
2020-06-08 13:25:36,286 INFO La cantidad de nodos abiertos es de: 370
2020-06-08 13:25:36,389 INFO Se abrio el nodo: (955, 'ciudad4')
2020-06-08 13:25:36,390 INFO El proximo nodo a abrir será: (959, 'ciudad6')
2020-06-08 13:25:36,390 INFO La cantidad de nodos abiertos es de: 371
2020-06-08 13:25:36,522 INFO Se abrio el nodo: (959, 'ciudad6')
2020-06-08 13:25:36,523 INFO El proximo nodo a abrir será: (1151, 'ciudad6')
2020-06-08 13:25:36,523 INFO La cantidad de nodos abiertos es de: 372
2020-06-08 13:25:36,626 INFO Se abrio el nodo: (1151, 'ciudad6')
2020-06-08 13:25:36,627 INFO El proximo nodo a abrir será: (1152, 'ciudad9')
2020-06-08 13:25:36,627 INFO La cantidad de nodos abiertos es de: 373
2020-06-08 13:25:36,731 INFO Se abrio el nodo: (1152, 'ciudad9')
2020-06-08 13:25:36,731 INFO El proximo nodo a abrir será: (1052, 'ciudad6')
2020-06-08 13:25:36,732 INFO La cantidad de nodos abiertos es de: 374
2020-06-08 13:25:36,875 INFO Se abrio el nodo: (1052, 'ciudad6')
2020-06-08 13:25:36,875 INFO El proximo nodo a abrir será: (1251, 'ciudad5')
2020-06-08 13:25:36,876 INFO La cantidad de nodos abiertos es de: 375
2020-06-08 13:25:36,981 INFO Se abrio el nodo: (1251, 'ciudad5')
2020-06-08 13:25:36,981 INFO El proximo nodo a abrir será: (1162, 'ciudad9')
2020-06-08 13:25:36,981 INFO La cantidad de nodos abiertos es de: 376
2020-06-08 13:25:37,113 INFO Se abrio el nodo: (1162, 'ciudad9')
2020-06-08 13:25:37,113 INFO El proximo nodo a abrir será: (26, 'ciudad5')
2020-06-08 13:25:37,113 INFO La cantidad de nodos abiertos es de: 377
2020-06-08 13:25:37,219 INFO Se abrio el nodo: (26, 'ciudad5')
2020-06-08 13:25:37,220 INFO El proximo nodo a abrir será: (1261, 'ciudad4')
2020-06-08 13:25:37,220 INFO La cantidad de nodos abiertos es de: 378
2020-06-08 13:25:37,326 INFO Se abrio el nodo: (1261, 'ciudad4')
2020-06-08 13:25:37,327 INFO El proximo nodo a abrir será: (1195, 'ciudad6')
2020-06-08 13:25:37,327 INFO La cantidad de nodos abiertos es de: 379
2020-06-08 13:25:37,445 INFO Se abrio el nodo: (1195, 'ciudad6')
2020-06-08 13:25:37,445 INFO El proximo nodo a abrir será: (1197, 'ciudad9')
2020-06-08 13:25:37,446 INFO La cantidad de nodos abiertos es de: 380
2020-06-08 13:25:37,553 INFO Se abrio el nodo: (1197, 'ciudad9')
2020-06-08 13:25:37,554 INFO El proximo nodo a abrir será: (1199, 'ciudad3')
2020-06-08 13:25:37,554 INFO La cantidad de nodos abiertos es de: 381
2020-06-08 13:25:37,684 INFO Se abrio el nodo: (1199, 'ciudad3')
2020-06-08 13:25:37,684 INFO El proximo nodo a abrir será: (430, 'ciudad7')
2020-06-08 13:25:37,684 INFO La cantidad de nodos abiertos es de: 382
2020-06-08 13:25:37,789 INFO Se abrio el nodo: (430, 'ciudad7')
2020-06-08 13:25:37,789 INFO El proximo nodo a abrir será: (1207, 'ciudad3')
2020-06-08 13:25:37,790 INFO La cantidad de nodos abiertos es de: 383
2020-06-08 13:25:37,902 INFO Se abrio el nodo: (1207, 'ciudad3')
2020-06-08 13:25:37,902 INFO El proximo nodo a abrir será: (706, 'ciudad9')
2020-06-08 13:25:37,903 INFO La cantidad de nodos abiertos es de: 384
2020-06-08 13:25:38,021 INFO Se abrio el nodo: (706, 'ciudad9')
2020-06-08 13:25:38,022 INFO El proximo nodo a abrir será: (714, 'ciudad8')
2020-06-08 13:25:38,022 INFO La cantidad de nodos abiertos es de: 385
2020-06-08 13:25:38,128 INFO Se abrio el nodo: (714, 'ciudad8')
2020-06-08 13:25:38,129 INFO El proximo nodo a abrir será: (1281, 'ciudad8')
2020-06-08 13:25:38,129 INFO La cantidad de nodos abiertos es de: 386
2020-06-08 13:25:38,246 INFO Se abrio el nodo: (1281, 'ciudad8')
2020-06-08 13:25:38,246 INFO El proximo nodo a abrir será: (1222, 'ciudad3')
2020-06-08 13:25:38,247 INFO La cantidad de nodos abiertos es de: 387
2020-06-08 13:25:38,352 INFO Se abrio el nodo: (1222, 'ciudad3')
2020-06-08 13:25:38,352 INFO El proximo nodo a abrir será: (1225, 'ciudad3')
2020-06-08 13:25:38,352 INFO La cantidad de nodos abiertos es de: 388
2020-06-08 13:25:38,461 INFO Se abrio el nodo: (1225, 'ciudad3')
2020-06-08 13:25:38,464 INFO El proximo nodo a abrir será: (1283, 'ciudad2')
2020-06-08 13:25:38,464 INFO La cantidad de nodos abiertos es de: 389
2020-06-08 13:25:38,572 INFO Se abrio el nodo: (1283, 'ciudad2')
2020-06-08 13:25:38,572 INFO El proximo nodo a abrir será: (720, 'ciudad9')
2020-06-08 13:25:38,573 INFO La cantidad de nodos abiertos es de: 390
2020-06-08 13:25:38,677 INFO Se abrio el nodo: (720, 'ciudad9')
2020-06-08 13:25:38,677 INFO El proximo nodo a abrir será: (723, 'ciudad8')
2020-06-08 13:25:38,678 INFO La cantidad de nodos abiertos es de: 391
2020-06-08 13:25:38,781 INFO Se abrio el nodo: (723, 'ciudad8')
2020-06-08 13:25:38,781 INFO El proximo nodo a abrir será: (1078, 'ciudad6')
2020-06-08 13:25:38,782 INFO La cantidad de nodos abiertos es de: 392
2020-06-08 13:25:38,910 INFO Se abrio el nodo: (1078, 'ciudad6')
2020-06-08 13:25:38,910 INFO El proximo nodo a abrir será: (899, 'ciudad5')
2020-06-08 13:25:38,911 INFO La cantidad de nodos abiertos es de: 393
2020-06-08 13:25:39,026 INFO Se abrio el nodo: (899, 'ciudad5')
2020-06-08 13:25:39,027 INFO El proximo nodo a abrir será: (1048, 'ciudad3')
2020-06-08 13:25:39,027 INFO La cantidad de nodos abiertos es de: 394
2020-06-08 13:25:39,133 INFO Se abrio el nodo: (1048, 'ciudad3')
2020-06-08 13:25:39,133 INFO El proximo nodo a abrir será: (1096, 'ciudad8')
2020-06-08 13:25:39,133 INFO La cantidad de nodos abiertos es de: 395
2020-06-08 13:25:39,237 INFO Se abrio el nodo: (1096, 'ciudad8')
2020-06-08 13:25:39,237 INFO El proximo nodo a abrir será: (1230, 'ciudad9')
2020-06-08 13:25:39,238 INFO La cantidad de nodos abiertos es de: 396
2020-06-08 13:25:39,347 INFO Se abrio el nodo: (1230, 'ciudad9')
2020-06-08 13:25:39,347 INFO El proximo nodo a abrir será: (1287, 'ciudad8')
2020-06-08 13:25:39,347 INFO La cantidad de nodos abiertos es de: 397
2020-06-08 13:25:39,452 INFO Se abrio el nodo: (1287, 'ciudad8')
2020-06-08 13:25:39,452 INFO El proximo nodo a abrir será: (382, 'ciudad7')
2020-06-08 13:25:39,453 INFO La cantidad de nodos abiertos es de: 398
2020-06-08 13:25:39,557 INFO Se abrio el nodo: (382, 'ciudad7')
2020-06-08 13:25:39,557 INFO El proximo nodo a abrir será: (735, 'ciudad8')
2020-06-08 13:25:39,558 INFO La cantidad de nodos abiertos es de: 399
2020-06-08 13:25:39,664 INFO Se abrio el nodo: (735, 'ciudad8')
2020-06-08 13:25:39,665 INFO El proximo nodo a abrir será: (866, 'ciudad5')
2020-06-08 13:25:39,665 INFO La cantidad de nodos abiertos es de: 400
2020-06-08 13:25:39,780 INFO Se abrio el nodo: (866, 'ciudad5')
2020-06-08 13:25:39,781 INFO El proximo nodo a abrir será: (1098, 'ciudad2')
2020-06-08 13:25:39,781 INFO La cantidad de nodos abiertos es de: 401
2020-06-08 13:25:39,897 INFO Se abrio el nodo: (1098, 'ciudad2')
2020-06-08 13:25:39,897 INFO El proximo nodo a abrir será: (1104, 'ciudad2')
2020-06-08 13:25:39,898 INFO La cantidad de nodos abiertos es de: 402
2020-06-08 13:25:40,015 INFO Se abrio el nodo: (1104, 'ciudad2')
2020-06-08 13:25:40,015 INFO El proximo nodo a abrir será: (1298, 'ciudad8')
2020-06-08 13:25:40,016 INFO La cantidad de nodos abiertos es de: 403
2020-06-08 13:25:40,131 INFO Se abrio el nodo: (1298, 'ciudad8')
2020-06-08 13:25:40,131 INFO El proximo nodo a abrir será: (1300, 'ciudad8')
2020-06-08 13:25:40,131 INFO La cantidad de nodos abiertos es de: 404
2020-06-08 13:25:40,255 INFO Se abrio el nodo: (1300, 'ciudad8')
2020-06-08 13:25:40,255 INFO El proximo nodo a abrir será: (1110, 'ciudad2')
2020-06-08 13:25:40,255 INFO La cantidad de nodos abiertos es de: 405
2020-06-08 13:25:40,367 INFO Se abrio el nodo: (1110, 'ciudad2')
2020-06-08 13:25:40,367 INFO El proximo nodo a abrir será: (1324, 'ciudad4')
2020-06-08 13:25:40,367 INFO La cantidad de nodos abiertos es de: 406
2020-06-08 13:25:40,485 INFO Se abrio el nodo: (1324, 'ciudad4')
2020-06-08 13:25:40,486 INFO El proximo nodo a abrir será: (1057, 'ciudad4')
2020-06-08 13:25:40,486 INFO La cantidad de nodos abiertos es de: 407
2020-06-08 13:25:40,597 INFO Se abrio el nodo: (1057, 'ciudad4')
2020-06-08 13:25:40,598 INFO El proximo nodo a abrir será: (1327, 'ciudad7')
2020-06-08 13:25:40,598 INFO La cantidad de nodos abiertos es de: 408
2020-06-08 13:25:40,708 INFO Se abrio el nodo: (1327, 'ciudad7')
2020-06-08 13:25:40,708 INFO El proximo nodo a abrir será: (1328, 'ciudad7')
2020-06-08 13:25:40,708 INFO La cantidad de nodos abiertos es de: 409
2020-06-08 13:25:40,742 INFO La cantidad de nodos abiertos fue de: 410
2020-06-08 13:25:40,742 INFO El óptimo recorrido es: [(1, 'ciudad1'), (9, 'ciudad9'), (16, 'ciudad8'), (518, 'ciudad3'), (530, 'ciudad4'), (696, 'ciudad5'), (716, 'ciudad6'), (1104, 'ciudad2'), (1328, 'ciudad7')]
2020-06-08 13:25:40,743 INFO O dicho de otro modo el recorrido es: ['ciudad1', 'ciudad9', 'ciudad8', 'ciudad3', 'ciudad4', 'ciudad5', 'ciudad6', 'ciudad2', 'ciudad7']
2020-06-08 13:25:40,743 INFO El costo total del óptimo recorrido es de: 78
2020-06-08 13:25:40,743 INFO El tiempo de procesamiento total fue de: 38.487141 segundos
2020-06-08 13:25:40,744 INFO Fin del proceso
