2020-06-08 13:06:00,595 INFO Inicio del proceso
2020-06-08 13:06:00,632 INFO Se abrio el nodo: (1, 'ciudad1')
2020-06-08 13:06:00,633 INFO El proximo nodo a abrir será: (9, 'ciudad9')
2020-06-08 13:06:00,634 INFO La cantidad de nodos abiertos es de: 1
2020-06-08 13:06:00,657 INFO Se abrio el nodo: (9, 'ciudad9')
2020-06-08 13:06:00,658 INFO El proximo nodo a abrir será: (6, 'ciudad6')
2020-06-08 13:06:00,658 INFO La cantidad de nodos abiertos es de: 2
2020-06-08 13:06:00,682 INFO Se abrio el nodo: (6, 'ciudad6')
2020-06-08 13:06:00,683 INFO El proximo nodo a abrir será: (2, 'ciudad2')
2020-06-08 13:06:00,683 INFO La cantidad de nodos abiertos es de: 3
2020-06-08 13:06:00,711 INFO Se abrio el nodo: (2, 'ciudad2')
2020-06-08 13:06:00,713 INFO El proximo nodo a abrir será: (3, 'ciudad3')
2020-06-08 13:06:00,713 INFO La cantidad de nodos abiertos es de: 4
2020-06-08 13:06:00,736 INFO Se abrio el nodo: (3, 'ciudad3')
2020-06-08 13:06:00,736 INFO El proximo nodo a abrir será: (28, 'ciudad7')
2020-06-08 13:06:00,737 INFO La cantidad de nodos abiertos es de: 5
2020-06-08 13:06:00,760 INFO Se abrio el nodo: (28, 'ciudad7')
2020-06-08 13:06:00,761 INFO El proximo nodo a abrir será: (11, 'ciudad3')
2020-06-08 13:06:00,761 INFO La cantidad de nodos abiertos es de: 6
2020-06-08 13:06:00,787 INFO Se abrio el nodo: (11, 'ciudad3')
2020-06-08 13:06:00,787 INFO El proximo nodo a abrir será: (36, 'ciudad8')
2020-06-08 13:06:00,787 INFO La cantidad de nodos abiertos es de: 7
2020-06-08 13:06:00,820 INFO Se abrio el nodo: (36, 'ciudad8')
2020-06-08 13:06:00,820 INFO El proximo nodo a abrir será: (18, 'ciudad3')
2020-06-08 13:06:00,821 INFO La cantidad de nodos abiertos es de: 8
2020-06-08 13:06:00,853 INFO Se abrio el nodo: (18, 'ciudad3')
2020-06-08 13:06:00,853 INFO El proximo nodo a abrir será: (34, 'ciudad6')
2020-06-08 13:06:00,853 INFO La cantidad de nodos abiertos es de: 9
2020-06-08 13:06:00,879 INFO Se abrio el nodo: (34, 'ciudad6')
2020-06-08 13:06:00,879 INFO El proximo nodo a abrir será: (37, 'ciudad9')
2020-06-08 13:06:00,880 INFO La cantidad de nodos abiertos es de: 10
2020-06-08 13:06:00,911 INFO Se abrio el nodo: (37, 'ciudad9')
2020-06-08 13:06:00,911 INFO El proximo nodo a abrir será: (49, 'ciudad8')
2020-06-08 13:06:00,912 INFO La cantidad de nodos abiertos es de: 11
2020-06-08 13:06:00,943 INFO Se abrio el nodo: (49, 'ciudad8')
2020-06-08 13:06:00,944 INFO El proximo nodo a abrir será: (60, 'ciudad8')
2020-06-08 13:06:00,944 INFO La cantidad de nodos abiertos es de: 12
2020-06-08 13:06:00,969 INFO Se abrio el nodo: (60, 'ciudad8')
2020-06-08 13:06:00,970 INFO El proximo nodo a abrir será: (47, 'ciudad6')
2020-06-08 13:06:00,970 INFO La cantidad de nodos abiertos es de: 13
2020-06-08 13:06:00,998 INFO Se abrio el nodo: (47, 'ciudad6')
2020-06-08 13:06:00,998 INFO El proximo nodo a abrir será: (61, 'ciudad9')
2020-06-08 13:06:00,998 INFO La cantidad de nodos abiertos es de: 14
2020-06-08 13:06:01,029 INFO Se abrio el nodo: (61, 'ciudad9')
2020-06-08 13:06:01,029 INFO El proximo nodo a abrir será: (29, 'ciudad8')
2020-06-08 13:06:01,029 INFO La cantidad de nodos abiertos es de: 15
2020-06-08 13:06:01,055 INFO Se abrio el nodo: (29, 'ciudad8')
2020-06-08 13:06:01,056 INFO El proximo nodo a abrir será: (50, 'ciudad2')
2020-06-08 13:06:01,056 INFO La cantidad de nodos abiertos es de: 16
2020-06-08 13:06:01,082 INFO Se abrio el nodo: (50, 'ciudad2')
2020-06-08 13:06:01,082 INFO El proximo nodo a abrir será: (94, 'ciudad3')
2020-06-08 13:06:01,083 INFO La cantidad de nodos abiertos es de: 17
2020-06-08 13:06:01,113 INFO Se abrio el nodo: (94, 'ciudad3')
2020-06-08 13:06:01,114 INFO El proximo nodo a abrir será: (103, 'ciudad7')
2020-06-08 13:06:01,114 INFO La cantidad de nodos abiertos es de: 18
2020-06-08 13:06:01,145 INFO Se abrio el nodo: (103, 'ciudad7')
2020-06-08 13:06:01,145 INFO El proximo nodo a abrir será: (74, 'ciudad2')
2020-06-08 13:06:01,145 INFO La cantidad de nodos abiertos es de: 19
2020-06-08 13:06:01,175 INFO Se abrio el nodo: (74, 'ciudad2')
2020-06-08 13:06:01,176 INFO El proximo nodo a abrir será: (79, 'ciudad2')
2020-06-08 13:06:01,176 INFO La cantidad de nodos abiertos es de: 20
2020-06-08 13:06:01,211 INFO Se abrio el nodo: (79, 'ciudad2')
2020-06-08 13:06:01,212 INFO El proximo nodo a abrir será: (107, 'ciudad6')
2020-06-08 13:06:01,212 INFO La cantidad de nodos abiertos es de: 21
2020-06-08 13:06:01,254 INFO Se abrio el nodo: (107, 'ciudad6')
2020-06-08 13:06:01,254 INFO El proximo nodo a abrir será: (109, 'ciudad9')
2020-06-08 13:06:01,254 INFO La cantidad de nodos abiertos es de: 22
2020-06-08 13:06:01,291 INFO Se abrio el nodo: (109, 'ciudad9')
2020-06-08 13:06:01,292 INFO El proximo nodo a abrir será: (117, 'ciudad7')
2020-06-08 13:06:01,292 INFO La cantidad de nodos abiertos es de: 23
2020-06-08 13:06:01,323 INFO Se abrio el nodo: (117, 'ciudad7')
2020-06-08 13:06:01,323 INFO El proximo nodo a abrir será: (120, 'ciudad7')
2020-06-08 13:06:01,324 INFO La cantidad de nodos abiertos es de: 24
2020-06-08 13:06:01,367 INFO Se abrio el nodo: (120, 'ciudad7')
2020-06-08 13:06:01,367 INFO El proximo nodo a abrir será: (4, 'ciudad4')
2020-06-08 13:06:01,367 INFO La cantidad de nodos abiertos es de: 25
2020-06-08 13:06:01,402 INFO Se abrio el nodo: (4, 'ciudad4')
2020-06-08 13:06:01,402 INFO El proximo nodo a abrir será: (5, 'ciudad5')
2020-06-08 13:06:01,402 INFO La cantidad de nodos abiertos es de: 26
2020-06-08 13:06:01,440 INFO Se abrio el nodo: (5, 'ciudad5')
2020-06-08 13:06:01,440 INFO El proximo nodo a abrir será: (7, 'ciudad7')
2020-06-08 13:06:01,441 INFO La cantidad de nodos abiertos es de: 27
2020-06-08 13:06:01,478 INFO Se abrio el nodo: (7, 'ciudad7')
2020-06-08 13:06:01,479 INFO El proximo nodo a abrir será: (138, 'ciudad5')
2020-06-08 13:06:01,479 INFO La cantidad de nodos abiertos es de: 28
2020-06-08 13:06:01,518 INFO Se abrio el nodo: (138, 'ciudad5')
2020-06-08 13:06:01,519 INFO El proximo nodo a abrir será: (145, 'ciudad4')
2020-06-08 13:06:01,519 INFO La cantidad de nodos abiertos es de: 29
2020-06-08 13:06:01,569 INFO Se abrio el nodo: (145, 'ciudad4')
2020-06-08 13:06:01,569 INFO El proximo nodo a abrir será: (150, 'ciudad2')
2020-06-08 13:06:01,569 INFO La cantidad de nodos abiertos es de: 30
2020-06-08 13:06:01,611 INFO Se abrio el nodo: (150, 'ciudad2')
2020-06-08 13:06:01,611 INFO El proximo nodo a abrir será: (17, 'ciudad2')
2020-06-08 13:06:01,611 INFO La cantidad de nodos abiertos es de: 31
2020-06-08 13:06:01,657 INFO Se abrio el nodo: (17, 'ciudad2')
2020-06-08 13:06:01,658 INFO El proximo nodo a abrir será: (19, 'ciudad4')
2020-06-08 13:06:01,658 INFO La cantidad de nodos abiertos es de: 32
2020-06-08 13:06:01,698 INFO Se abrio el nodo: (19, 'ciudad4')
2020-06-08 13:06:01,699 INFO El proximo nodo a abrir será: (27, 'ciudad6')
2020-06-08 13:06:01,699 INFO La cantidad de nodos abiertos es de: 33
2020-06-08 13:06:01,742 INFO Se abrio el nodo: (27, 'ciudad6')
2020-06-08 13:06:01,742 INFO El proximo nodo a abrir será: (32, 'ciudad4')
2020-06-08 13:06:01,742 INFO La cantidad de nodos abiertos es de: 34
2020-06-08 13:06:01,779 INFO Se abrio el nodo: (32, 'ciudad4')
2020-06-08 13:06:01,779 INFO El proximo nodo a abrir será: (183, 'ciudad5')
2020-06-08 13:06:01,779 INFO La cantidad de nodos abiertos es de: 35
2020-06-08 13:06:01,820 INFO Se abrio el nodo: (183, 'ciudad5')
2020-06-08 13:06:01,820 INFO El proximo nodo a abrir será: (178, 'ciudad7')
2020-06-08 13:06:01,820 INFO La cantidad de nodos abiertos es de: 36
2020-06-08 13:06:01,859 INFO Se abrio el nodo: (178, 'ciudad7')
2020-06-08 13:06:01,860 INFO El proximo nodo a abrir será: (194, 'ciudad5')
2020-06-08 13:06:01,860 INFO La cantidad de nodos abiertos es de: 37
2020-06-08 13:06:01,898 INFO Se abrio el nodo: (194, 'ciudad5')
2020-06-08 13:06:01,899 INFO El proximo nodo a abrir será: (45, 'ciudad4')
2020-06-08 13:06:01,899 INFO La cantidad de nodos abiertos es de: 38
2020-06-08 13:06:01,938 INFO Se abrio el nodo: (45, 'ciudad4')
2020-06-08 13:06:01,939 INFO El proximo nodo a abrir será: (57, 'ciudad4')
2020-06-08 13:06:01,939 INFO La cantidad de nodos abiertos es de: 39
2020-06-08 13:06:01,979 INFO Se abrio el nodo: (57, 'ciudad4')
2020-06-08 13:06:01,980 INFO El proximo nodo a abrir será: (62, 'ciudad2')
2020-06-08 13:06:01,980 INFO La cantidad de nodos abiertos es de: 40
2020-06-08 13:06:02,020 INFO Se abrio el nodo: (62, 'ciudad2')
2020-06-08 13:06:02,020 INFO El proximo nodo a abrir será: (63, 'ciudad4')
2020-06-08 13:06:02,021 INFO La cantidad de nodos abiertos es de: 41
2020-06-08 13:06:02,064 INFO Se abrio el nodo: (63, 'ciudad4')
2020-06-08 13:06:02,064 INFO El proximo nodo a abrir será: (187, 'ciudad3')
2020-06-08 13:06:02,064 INFO La cantidad de nodos abiertos es de: 42
2020-06-08 13:06:02,107 INFO Se abrio el nodo: (187, 'ciudad3')
2020-06-08 13:06:02,107 INFO El proximo nodo a abrir será: (215, 'ciudad5')
2020-06-08 13:06:02,107 INFO La cantidad de nodos abiertos es de: 43
2020-06-08 13:06:02,149 INFO Se abrio el nodo: (215, 'ciudad5')
2020-06-08 13:06:02,150 INFO El proximo nodo a abrir será: (220, 'ciudad5')
2020-06-08 13:06:02,150 INFO La cantidad de nodos abiertos es de: 44
2020-06-08 13:06:02,199 INFO Se abrio el nodo: (220, 'ciudad5')
2020-06-08 13:06:02,199 INFO El proximo nodo a abrir será: (230, 'ciudad5')
2020-06-08 13:06:02,199 INFO La cantidad de nodos abiertos es de: 45
2020-06-08 13:06:02,266 INFO Se abrio el nodo: (230, 'ciudad5')
2020-06-08 13:06:02,267 INFO El proximo nodo a abrir será: (226, 'ciudad7')
2020-06-08 13:06:02,267 INFO La cantidad de nodos abiertos es de: 46
2020-06-08 13:06:02,331 INFO Se abrio el nodo: (226, 'ciudad7')
2020-06-08 13:06:02,331 INFO El proximo nodo a abrir será: (237, 'ciudad8')
2020-06-08 13:06:02,331 INFO La cantidad de nodos abiertos es de: 47
2020-06-08 13:06:02,379 INFO Se abrio el nodo: (237, 'ciudad8')
2020-06-08 13:06:02,379 INFO El proximo nodo a abrir será: (173, 'ciudad8')
2020-06-08 13:06:02,380 INFO La cantidad de nodos abiertos es de: 48
2020-06-08 13:06:02,422 INFO Se abrio el nodo: (173, 'ciudad8')
2020-06-08 13:06:02,422 INFO El proximo nodo a abrir será: (179, 'ciudad8')
2020-06-08 13:06:02,422 INFO La cantidad de nodos abiertos es de: 49
2020-06-08 13:06:02,468 INFO Se abrio el nodo: (179, 'ciudad8')
2020-06-08 13:06:02,468 INFO El proximo nodo a abrir será: (259, 'ciudad3')
2020-06-08 13:06:02,468 INFO La cantidad de nodos abiertos es de: 50
2020-06-08 13:06:02,512 INFO Se abrio el nodo: (259, 'ciudad3')
2020-06-08 13:06:02,513 INFO El proximo nodo a abrir será: (84, 'ciudad2')
2020-06-08 13:06:02,513 INFO La cantidad de nodos abiertos es de: 51
2020-06-08 13:06:02,565 INFO Se abrio el nodo: (84, 'ciudad2')
2020-06-08 13:06:02,566 INFO El proximo nodo a abrir será: (85, 'ciudad4')
2020-06-08 13:06:02,566 INFO La cantidad de nodos abiertos es de: 52
2020-06-08 13:06:02,613 INFO Se abrio el nodo: (85, 'ciudad4')
2020-06-08 13:06:02,614 INFO El proximo nodo a abrir será: (264, 'ciudad3')
2020-06-08 13:06:02,614 INFO La cantidad de nodos abiertos es de: 53
2020-06-08 13:06:02,667 INFO Se abrio el nodo: (264, 'ciudad3')
2020-06-08 13:06:02,667 INFO El proximo nodo a abrir será: (102, 'ciudad6')
2020-06-08 13:06:02,667 INFO La cantidad de nodos abiertos es de: 54
2020-06-08 13:06:02,727 INFO Se abrio el nodo: (102, 'ciudad6')
2020-06-08 13:06:02,727 INFO El proximo nodo a abrir será: (105, 'ciudad4')
2020-06-08 13:06:02,728 INFO La cantidad de nodos abiertos es de: 55
2020-06-08 13:06:02,791 INFO Se abrio el nodo: (105, 'ciudad4')
2020-06-08 13:06:02,791 INFO El proximo nodo a abrir será: (238, 'ciudad9')
2020-06-08 13:06:02,792 INFO La cantidad de nodos abiertos es de: 56
2020-06-08 13:06:02,848 INFO Se abrio el nodo: (238, 'ciudad9')
2020-06-08 13:06:02,848 INFO El proximo nodo a abrir será: (278, 'ciudad5')
2020-06-08 13:06:02,849 INFO La cantidad de nodos abiertos es de: 57
2020-06-08 13:06:02,898 INFO Se abrio el nodo: (278, 'ciudad5')
2020-06-08 13:06:02,898 INFO El proximo nodo a abrir será: (275, 'ciudad7')
2020-06-08 13:06:02,898 INFO La cantidad de nodos abiertos es de: 58
2020-06-08 13:06:02,948 INFO Se abrio el nodo: (275, 'ciudad7')
2020-06-08 13:06:02,949 INFO El proximo nodo a abrir será: (289, 'ciudad5')
2020-06-08 13:06:02,949 INFO La cantidad de nodos abiertos es de: 59
2020-06-08 13:06:03,003 INFO Se abrio el nodo: (289, 'ciudad5')
2020-06-08 13:06:03,003 INFO El proximo nodo a abrir será: (137, 'ciudad3')
2020-06-08 13:06:03,003 INFO La cantidad de nodos abiertos es de: 60
2020-06-08 13:06:03,060 INFO Se abrio el nodo: (137, 'ciudad3')
2020-06-08 13:06:03,060 INFO El proximo nodo a abrir será: (139, 'ciudad6')
2020-06-08 13:06:03,061 INFO La cantidad de nodos abiertos es de: 61
2020-06-08 13:06:03,126 INFO Se abrio el nodo: (139, 'ciudad6')
2020-06-08 13:06:03,126 INFO El proximo nodo a abrir será: (164, 'ciudad3')
2020-06-08 13:06:03,126 INFO La cantidad de nodos abiertos es de: 62
2020-06-08 13:06:03,186 INFO Se abrio el nodo: (164, 'ciudad3')
2020-06-08 13:06:03,186 INFO El proximo nodo a abrir será: (165, 'ciudad6')
2020-06-08 13:06:03,187 INFO La cantidad de nodos abiertos es de: 63
2020-06-08 13:06:03,273 INFO Se abrio el nodo: (165, 'ciudad6')
2020-06-08 13:06:03,274 INFO El proximo nodo a abrir será: (172, 'ciudad6')
2020-06-08 13:06:03,274 INFO La cantidad de nodos abiertos es de: 64
2020-06-08 13:06:03,365 INFO Se abrio el nodo: (172, 'ciudad6')
2020-06-08 13:06:03,365 INFO El proximo nodo a abrir será: (182, 'ciudad3')
2020-06-08 13:06:03,365 INFO La cantidad de nodos abiertos es de: 65
2020-06-08 13:06:03,423 INFO Se abrio el nodo: (182, 'ciudad3')
2020-06-08 13:06:03,423 INFO El proximo nodo a abrir será: (310, 'ciudad8')
2020-06-08 13:06:03,423 INFO La cantidad de nodos abiertos es de: 66
2020-06-08 13:06:03,476 INFO Se abrio el nodo: (310, 'ciudad8')
2020-06-08 13:06:03,476 INFO El proximo nodo a abrir será: (188, 'ciudad4')
2020-06-08 13:06:03,476 INFO La cantidad de nodos abiertos es de: 67
2020-06-08 13:06:03,531 INFO Se abrio el nodo: (188, 'ciudad4')
2020-06-08 13:06:03,531 INFO El proximo nodo a abrir será: (195, 'ciudad6')
2020-06-08 13:06:03,532 INFO La cantidad de nodos abiertos es de: 68
2020-06-08 13:06:03,587 INFO Se abrio el nodo: (195, 'ciudad6')
2020-06-08 13:06:03,587 INFO El proximo nodo a abrir será: (321, 'ciudad8')
2020-06-08 13:06:03,588 INFO La cantidad de nodos abiertos es de: 69
2020-06-08 13:06:03,634 INFO Se abrio el nodo: (321, 'ciudad8')
2020-06-08 13:06:03,634 INFO El proximo nodo a abrir será: (344, 'ciudad5')
2020-06-08 13:06:03,635 INFO La cantidad de nodos abiertos es de: 70
2020-06-08 13:06:03,689 INFO Se abrio el nodo: (344, 'ciudad5')
2020-06-08 13:06:03,689 INFO El proximo nodo a abrir será: (336, 'ciudad8')
2020-06-08 13:06:03,690 INFO La cantidad de nodos abiertos es de: 71
2020-06-08 13:06:03,739 INFO Se abrio el nodo: (336, 'ciudad8')
2020-06-08 13:06:03,739 INFO El proximo nodo a abrir será: (227, 'ciudad8')
2020-06-08 13:06:03,739 INFO La cantidad de nodos abiertos es de: 72
2020-06-08 13:06:03,811 INFO Se abrio el nodo: (227, 'ciudad8')
2020-06-08 13:06:03,811 INFO El proximo nodo a abrir será: (116, 'ciudad6')
2020-06-08 13:06:03,811 INFO La cantidad de nodos abiertos es de: 73
2020-06-08 13:06:03,926 INFO Se abrio el nodo: (116, 'ciudad6')
2020-06-08 13:06:03,926 INFO El proximo nodo a abrir será: (271, 'ciudad6')
2020-06-08 13:06:03,926 INFO La cantidad de nodos abiertos es de: 74
2020-06-08 13:06:03,995 INFO Se abrio el nodo: (271, 'ciudad6')
2020-06-08 13:06:03,996 INFO El proximo nodo a abrir será: (272, 'ciudad9')
2020-06-08 13:06:03,996 INFO La cantidad de nodos abiertos es de: 75
2020-06-08 13:06:04,053 INFO Se abrio el nodo: (272, 'ciudad9')
2020-06-08 13:06:04,054 INFO El proximo nodo a abrir será: (284, 'ciudad9')
2020-06-08 13:06:04,054 INFO La cantidad de nodos abiertos es de: 76
2020-06-08 13:06:04,108 INFO Se abrio el nodo: (284, 'ciudad9')
2020-06-08 13:06:04,109 INFO El proximo nodo a abrir será: (122, 'ciudad4')
2020-06-08 13:06:04,109 INFO La cantidad de nodos abiertos es de: 77
2020-06-08 13:06:04,167 INFO Se abrio el nodo: (122, 'ciudad4')
2020-06-08 13:06:04,167 INFO El proximo nodo a abrir será: (381, 'ciudad5')
2020-06-08 13:06:04,168 INFO La cantidad de nodos abiertos es de: 78
2020-06-08 13:06:04,230 INFO Se abrio el nodo: (381, 'ciudad5')
2020-06-08 13:06:04,231 INFO El proximo nodo a abrir será: (20, 'ciudad5')
2020-06-08 13:06:04,231 INFO La cantidad de nodos abiertos es de: 79
2020-06-08 13:06:04,290 INFO Se abrio el nodo: (20, 'ciudad5')
2020-06-08 13:06:04,290 INFO El proximo nodo a abrir será: (388, 'ciudad4')
2020-06-08 13:06:04,291 INFO La cantidad de nodos abiertos es de: 80
2020-06-08 13:06:04,363 INFO Se abrio el nodo: (388, 'ciudad4')
2020-06-08 13:06:04,363 INFO El proximo nodo a abrir será: (64, 'ciudad5')
2020-06-08 13:06:04,364 INFO La cantidad de nodos abiertos es de: 81
2020-06-08 13:06:04,434 INFO Se abrio el nodo: (64, 'ciudad5')
2020-06-08 13:06:04,434 INFO El proximo nodo a abrir será: (308, 'ciudad6')
2020-06-08 13:06:04,435 INFO La cantidad de nodos abiertos es de: 82
2020-06-08 13:06:04,504 INFO Se abrio el nodo: (308, 'ciudad6')
2020-06-08 13:06:04,504 INFO El proximo nodo a abrir será: (311, 'ciudad9')
2020-06-08 13:06:04,505 INFO La cantidad de nodos abiertos es de: 83
2020-06-08 13:06:04,565 INFO Se abrio el nodo: (311, 'ciudad9')
2020-06-08 13:06:04,566 INFO El proximo nodo a abrir será: (313, 'ciudad3')
2020-06-08 13:06:04,566 INFO La cantidad de nodos abiertos es de: 84
2020-06-08 13:06:04,615 INFO Se abrio el nodo: (313, 'ciudad3')
2020-06-08 13:06:04,616 INFO El proximo nodo a abrir será: (319, 'ciudad6')
2020-06-08 13:06:04,616 INFO La cantidad de nodos abiertos es de: 85
2020-06-08 13:06:04,673 INFO Se abrio el nodo: (319, 'ciudad6')
2020-06-08 13:06:04,674 INFO El proximo nodo a abrir será: (322, 'ciudad9')
2020-06-08 13:06:04,674 INFO La cantidad de nodos abiertos es de: 86
2020-06-08 13:06:04,717 INFO Se abrio el nodo: (322, 'ciudad9')
2020-06-08 13:06:04,718 INFO El proximo nodo a abrir será: (324, 'ciudad3')
2020-06-08 13:06:04,718 INFO La cantidad de nodos abiertos es de: 87
2020-06-08 13:06:04,768 INFO Se abrio el nodo: (324, 'ciudad3')
2020-06-08 13:06:04,768 INFO El proximo nodo a abrir será: (398, 'ciudad4')
2020-06-08 13:06:04,768 INFO La cantidad de nodos abiertos es de: 88
2020-06-08 13:06:04,833 INFO Se abrio el nodo: (398, 'ciudad4')
2020-06-08 13:06:04,834 INFO El proximo nodo a abrir será: (216, 'ciudad6')
2020-06-08 13:06:04,834 INFO La cantidad de nodos abiertos es de: 89
2020-06-08 13:06:04,931 INFO Se abrio el nodo: (216, 'ciudad6')
2020-06-08 13:06:04,932 INFO El proximo nodo a abrir será: (328, 'ciudad3')
2020-06-08 13:06:04,932 INFO La cantidad de nodos abiertos es de: 90
2020-06-08 13:06:04,990 INFO Se abrio el nodo: (328, 'ciudad3')
2020-06-08 13:06:04,991 INFO El proximo nodo a abrir será: (337, 'ciudad9')
2020-06-08 13:06:04,991 INFO La cantidad de nodos abiertos es de: 91
2020-06-08 13:06:05,074 INFO Se abrio el nodo: (337, 'ciudad9')
2020-06-08 13:06:05,075 INFO El proximo nodo a abrir será: (415, 'ciudad8')
2020-06-08 13:06:05,075 INFO La cantidad de nodos abiertos es de: 92
2020-06-08 13:06:05,241 INFO Se abrio el nodo: (415, 'ciudad8')
2020-06-08 13:06:05,242 INFO El proximo nodo a abrir será: (234, 'ciudad4')
2020-06-08 13:06:05,242 INFO La cantidad de nodos abiertos es de: 93
2020-06-08 13:06:05,306 INFO Se abrio el nodo: (234, 'ciudad4')
2020-06-08 13:06:05,307 INFO El proximo nodo a abrir será: (427, 'ciudad8')
2020-06-08 13:06:05,307 INFO La cantidad de nodos abiertos es de: 94
2020-06-08 13:06:05,379 INFO Se abrio el nodo: (427, 'ciudad8')
2020-06-08 13:06:05,379 INFO El proximo nodo a abrir será: (439, 'ciudad8')
2020-06-08 13:06:05,379 INFO La cantidad de nodos abiertos es de: 95
2020-06-08 13:06:05,493 INFO Se abrio el nodo: (439, 'ciudad8')
2020-06-08 13:06:05,493 INFO El proximo nodo a abrir será: (449, 'ciudad5')
2020-06-08 13:06:05,494 INFO La cantidad de nodos abiertos es de: 96
2020-06-08 13:06:05,561 INFO Se abrio el nodo: (449, 'ciudad5')
2020-06-08 13:06:05,561 INFO El proximo nodo a abrir será: (276, 'ciudad8')
2020-06-08 13:06:05,562 INFO La cantidad de nodos abiertos es de: 97
2020-06-08 13:06:05,637 INFO Se abrio el nodo: (276, 'ciudad8')
2020-06-08 13:06:05,637 INFO El proximo nodo a abrir será: (86, 'ciudad5')
2020-06-08 13:06:05,637 INFO La cantidad de nodos abiertos es de: 98
2020-06-08 13:06:05,773 INFO Se abrio el nodo: (86, 'ciudad5')
2020-06-08 13:06:05,774 INFO El proximo nodo a abrir será: (338, 'ciudad2')
2020-06-08 13:06:05,774 INFO La cantidad de nodos abiertos es de: 99
2020-06-08 13:06:05,963 INFO Se abrio el nodo: (338, 'ciudad2')
2020-06-08 13:06:05,964 INFO El proximo nodo a abrir será: (416, 'ciudad9')
2020-06-08 13:06:05,964 INFO La cantidad de nodos abiertos es de: 100
2020-06-08 13:06:06,049 INFO Se abrio el nodo: (416, 'ciudad9')
2020-06-08 13:06:06,053 INFO El proximo nodo a abrir será: (466, 'ciudad4')
2020-06-08 13:06:06,053 INFO La cantidad de nodos abiertos es de: 101
2020-06-08 13:06:06,122 INFO Se abrio el nodo: (466, 'ciudad4')
2020-06-08 13:06:06,122 INFO El proximo nodo a abrir será: (353, 'ciudad2')
2020-06-08 13:06:06,122 INFO La cantidad de nodos abiertos es de: 102
2020-06-08 13:06:06,173 INFO Se abrio el nodo: (353, 'ciudad2')
2020-06-08 13:06:06,173 INFO El proximo nodo a abrir será: (269, 'ciudad4')
2020-06-08 13:06:06,173 INFO La cantidad de nodos abiertos es de: 103
2020-06-08 13:06:06,233 INFO Se abrio el nodo: (269, 'ciudad4')
2020-06-08 13:06:06,233 INFO El proximo nodo a abrir será: (428, 'ciudad9')
2020-06-08 13:06:06,234 INFO La cantidad de nodos abiertos es de: 104
2020-06-08 13:06:06,289 INFO Se abrio el nodo: (428, 'ciudad9')
2020-06-08 13:06:06,289 INFO El proximo nodo a abrir será: (471, 'ciudad7')
2020-06-08 13:06:06,289 INFO La cantidad de nodos abiertos es de: 105
2020-06-08 13:06:06,363 INFO Se abrio el nodo: (471, 'ciudad7')
2020-06-08 13:06:06,364 INFO El proximo nodo a abrir será: (281, 'ciudad4')
2020-06-08 13:06:06,364 INFO La cantidad de nodos abiertos es de: 106
2020-06-08 13:06:06,509 INFO Se abrio el nodo: (281, 'ciudad4')
2020-06-08 13:06:06,509 INFO El proximo nodo a abrir será: (361, 'ciudad2')
2020-06-08 13:06:06,509 INFO La cantidad de nodos abiertos es de: 107
2020-06-08 13:06:06,567 INFO Se abrio el nodo: (361, 'ciudad2')
2020-06-08 13:06:06,567 INFO El proximo nodo a abrir será: (440, 'ciudad9')
2020-06-08 13:06:06,567 INFO La cantidad de nodos abiertos es de: 108
2020-06-08 13:06:06,616 INFO Se abrio el nodo: (440, 'ciudad9')
2020-06-08 13:06:06,616 INFO El proximo nodo a abrir será: (285, 'ciudad4')
2020-06-08 13:06:06,616 INFO La cantidad de nodos abiertos es de: 109
2020-06-08 13:06:06,671 INFO Se abrio el nodo: (285, 'ciudad4')
2020-06-08 13:06:06,672 INFO El proximo nodo a abrir será: (290, 'ciudad6')
2020-06-08 13:06:06,672 INFO La cantidad de nodos abiertos es de: 110
2020-06-08 13:06:06,730 INFO Se abrio el nodo: (290, 'ciudad6')
2020-06-08 13:06:06,730 INFO El proximo nodo a abrir será: (481, 'ciudad7')
2020-06-08 13:06:06,730 INFO La cantidad de nodos abiertos es de: 111
2020-06-08 13:06:06,782 INFO Se abrio el nodo: (481, 'ciudad7')
2020-06-08 13:06:06,782 INFO El proximo nodo a abrir será: (483, 'ciudad5')
2020-06-08 13:06:06,782 INFO La cantidad de nodos abiertos es de: 112
2020-06-08 13:06:06,841 INFO Se abrio el nodo: (483, 'ciudad5')
2020-06-08 13:06:06,841 INFO El proximo nodo a abrir será: (492, 'ciudad5')
2020-06-08 13:06:06,841 INFO La cantidad de nodos abiertos es de: 113
2020-06-08 13:06:06,947 INFO Se abrio el nodo: (492, 'ciudad5')
2020-06-08 13:06:06,948 INFO El proximo nodo a abrir será: (496, 'ciudad7')
2020-06-08 13:06:06,948 INFO La cantidad de nodos abiertos es de: 114
2020-06-08 13:06:07,029 INFO Se abrio el nodo: (496, 'ciudad7')
2020-06-08 13:06:07,029 INFO El proximo nodo a abrir será: (501, 'ciudad5')
2020-06-08 13:06:07,030 INFO La cantidad de nodos abiertos es de: 115
2020-06-08 13:06:07,085 INFO Se abrio el nodo: (501, 'ciudad5')
2020-06-08 13:06:07,086 INFO El proximo nodo a abrir será: (16, 'ciudad8')
2020-06-08 13:06:07,086 INFO La cantidad de nodos abiertos es de: 116
2020-06-08 13:06:07,153 INFO Se abrio el nodo: (16, 'ciudad8')
2020-06-08 13:06:07,153 INFO El proximo nodo a abrir será: (146, 'ciudad6')
2020-06-08 13:06:07,154 INFO La cantidad de nodos abiertos es de: 117
2020-06-08 13:06:07,265 INFO Se abrio el nodo: (146, 'ciudad6')
2020-06-08 13:06:07,265 INFO El proximo nodo a abrir será: (518, 'ciudad3')
2020-06-08 13:06:07,265 INFO La cantidad de nodos abiertos es de: 118
2020-06-08 13:06:07,320 INFO Se abrio el nodo: (518, 'ciudad3')
2020-06-08 13:06:07,320 INFO El proximo nodo a abrir será: (159, 'ciudad6')
2020-06-08 13:06:07,320 INFO La cantidad de nodos abiertos es de: 119
2020-06-08 13:06:07,370 INFO Se abrio el nodo: (159, 'ciudad6')
2020-06-08 13:06:07,370 INFO El proximo nodo a abrir será: (55, 'ciudad9')
2020-06-08 13:06:07,370 INFO La cantidad de nodos abiertos es de: 120
2020-06-08 13:06:07,449 INFO Se abrio el nodo: (55, 'ciudad9')
2020-06-08 13:06:07,449 INFO El proximo nodo a abrir será: (73, 'ciudad8')
2020-06-08 13:06:07,450 INFO La cantidad de nodos abiertos es de: 121
2020-06-08 13:06:07,503 INFO Se abrio el nodo: (73, 'ciudad8')
2020-06-08 13:06:07,503 INFO El proximo nodo a abrir será: (189, 'ciudad5')
2020-06-08 13:06:07,503 INFO La cantidad de nodos abiertos es de: 122
2020-06-08 13:06:07,554 INFO Se abrio el nodo: (189, 'ciudad5')
2020-06-08 13:06:07,555 INFO El proximo nodo a abrir será: (312, 'ciudad2')
2020-06-08 13:06:07,555 INFO La cantidad de nodos abiertos es de: 123
2020-06-08 13:06:07,603 INFO Se abrio el nodo: (312, 'ciudad2')
2020-06-08 13:06:07,604 INFO El proximo nodo a abrir será: (393, 'ciudad3')
2020-06-08 13:06:07,604 INFO La cantidad de nodos abiertos es de: 124
2020-06-08 13:06:07,653 INFO Se abrio el nodo: (393, 'ciudad3')
2020-06-08 13:06:07,653 INFO El proximo nodo a abrir será: (210, 'ciudad6')
2020-06-08 13:06:07,653 INFO La cantidad de nodos abiertos es de: 125
2020-06-08 13:06:07,700 INFO Se abrio el nodo: (210, 'ciudad6')
2020-06-08 13:06:07,701 INFO El proximo nodo a abrir será: (323, 'ciudad2')
2020-06-08 13:06:07,701 INFO La cantidad de nodos abiertos es de: 126
2020-06-08 13:06:07,745 INFO Se abrio el nodo: (323, 'ciudad2')
2020-06-08 13:06:07,746 INFO El proximo nodo a abrir será: (532, 'ciudad6')
2020-06-08 13:06:07,746 INFO La cantidad de nodos abiertos es de: 127
2020-06-08 13:06:07,795 INFO Se abrio el nodo: (532, 'ciudad6')
2020-06-08 13:06:07,795 INFO El proximo nodo a abrir será: (550, 'ciudad4')
2020-06-08 13:06:07,795 INFO La cantidad de nodos abiertos es de: 128
2020-06-08 13:06:07,846 INFO Se abrio el nodo: (550, 'ciudad4')
2020-06-08 13:06:07,847 INFO El proximo nodo a abrir será: (83, 'ciudad9')
2020-06-08 13:06:07,847 INFO La cantidad de nodos abiertos es de: 129
2020-06-08 13:06:07,937 INFO Se abrio el nodo: (83, 'ciudad9')
2020-06-08 13:06:07,937 INFO El proximo nodo a abrir será: (329, 'ciudad4')
2020-06-08 13:06:07,938 INFO La cantidad de nodos abiertos es de: 130
2020-06-08 13:06:08,035 INFO Se abrio el nodo: (329, 'ciudad4')
2020-06-08 13:06:08,036 INFO El proximo nodo a abrir será: (556, 'ciudad7')
2020-06-08 13:06:08,036 INFO La cantidad de nodos abiertos es de: 131
2020-06-08 13:06:08,090 INFO Se abrio el nodo: (556, 'ciudad7')
2020-06-08 13:06:08,090 INFO El proximo nodo a abrir será: (343, 'ciudad3')
2020-06-08 13:06:08,090 INFO La cantidad de nodos abiertos es de: 132
2020-06-08 13:06:08,169 INFO Se abrio el nodo: (343, 'ciudad3')
2020-06-08 13:06:08,169 INFO El proximo nodo a abrir será: (348, 'ciudad2')
2020-06-08 13:06:08,169 INFO La cantidad de nodos abiertos es de: 133
2020-06-08 13:06:08,250 INFO Se abrio el nodo: (348, 'ciudad2')
2020-06-08 13:06:08,250 INFO El proximo nodo a abrir será: (561, 'ciudad8')
2020-06-08 13:06:08,250 INFO La cantidad de nodos abiertos es de: 134
2020-06-08 13:06:08,303 INFO Se abrio el nodo: (561, 'ciudad8')
2020-06-08 13:06:08,303 INFO El proximo nodo a abrir será: (568, 'ciudad7')
2020-06-08 13:06:08,303 INFO La cantidad de nodos abiertos es de: 135
2020-06-08 13:06:08,363 INFO Se abrio el nodo: (568, 'ciudad7')
2020-06-08 13:06:08,364 INFO El proximo nodo a abrir será: (584, 'ciudad5')
2020-06-08 13:06:08,364 INFO La cantidad de nodos abiertos es de: 136
2020-06-08 13:06:08,419 INFO Se abrio el nodo: (584, 'ciudad5')
2020-06-08 13:06:08,420 INFO El proximo nodo a abrir será: (596, 'ciudad7')
2020-06-08 13:06:08,420 INFO La cantidad de nodos abiertos es de: 137
2020-06-08 13:06:08,490 INFO Se abrio el nodo: (596, 'ciudad7')
2020-06-08 13:06:08,491 INFO El proximo nodo a abrir será: (123, 'ciudad5')
2020-06-08 13:06:08,491 INFO La cantidad de nodos abiertos es de: 138
2020-06-08 13:06:08,549 INFO Se abrio el nodo: (123, 'ciudad5')
2020-06-08 13:06:08,549 INFO El proximo nodo a abrir será: (445, 'ciudad2')
2020-06-08 13:06:08,549 INFO La cantidad de nodos abiertos es de: 139
2020-06-08 13:06:08,617 INFO Se abrio el nodo: (445, 'ciudad2')
2020-06-08 13:06:08,617 INFO El proximo nodo a abrir será: (593, 'ciudad8')
2020-06-08 13:06:08,617 INFO La cantidad de nodos abiertos es de: 140
2020-06-08 13:06:08,673 INFO Se abrio el nodo: (593, 'ciudad8')
2020-06-08 13:06:08,674 INFO El proximo nodo a abrir será: (453, 'ciudad2')
2020-06-08 13:06:08,674 INFO La cantidad de nodos abiertos es de: 141
2020-06-08 13:06:08,732 INFO Se abrio el nodo: (453, 'ciudad2')
2020-06-08 13:06:08,732 INFO El proximo nodo a abrir será: (611, 'ciudad4')
2020-06-08 13:06:08,732 INFO La cantidad de nodos abiertos es de: 142
2020-06-08 13:06:08,793 INFO Se abrio el nodo: (611, 'ciudad4')
2020-06-08 13:06:08,793 INFO El proximo nodo a abrir será: (369, 'ciudad4')
2020-06-08 13:06:08,794 INFO La cantidad de nodos abiertos es de: 143
2020-06-08 13:06:08,857 INFO Se abrio el nodo: (369, 'ciudad4')
2020-06-08 13:06:08,857 INFO El proximo nodo a abrir será: (372, 'ciudad4')
2020-06-08 13:06:08,857 INFO La cantidad de nodos abiertos es de: 144
2020-06-08 13:06:08,914 INFO Se abrio el nodo: (372, 'ciudad4')
2020-06-08 13:06:08,914 INFO El proximo nodo a abrir será: (615, 'ciudad7')
2020-06-08 13:06:08,914 INFO La cantidad de nodos abiertos es de: 145
2020-06-08 13:06:09,008 INFO Se abrio el nodo: (615, 'ciudad7')
2020-06-08 13:06:09,008 INFO El proximo nodo a abrir será: (620, 'ciudad7')
2020-06-08 13:06:09,009 INFO La cantidad de nodos abiertos es de: 146
2020-06-08 13:06:09,083 INFO Se abrio el nodo: (620, 'ciudad7')
2020-06-08 13:06:09,084 INFO El proximo nodo a abrir será: (624, 'ciudad5')
2020-06-08 13:06:09,084 INFO La cantidad de nodos abiertos es de: 147
2020-06-08 13:06:09,136 INFO Se abrio el nodo: (624, 'ciudad5')
2020-06-08 13:06:09,136 INFO El proximo nodo a abrir será: (626, 'ciudad5')
2020-06-08 13:06:09,136 INFO La cantidad de nodos abiertos es de: 148
2020-06-08 13:06:09,189 INFO Se abrio el nodo: (626, 'ciudad5')
2020-06-08 13:06:09,189 INFO El proximo nodo a abrir será: (517, 'ciudad2')
2020-06-08 13:06:09,189 INFO La cantidad de nodos abiertos es de: 149
2020-06-08 13:06:09,246 INFO Se abrio el nodo: (517, 'ciudad2')
2020-06-08 13:06:09,246 INFO El proximo nodo a abrir será: (99, 'ciudad9')
2020-06-08 13:06:09,246 INFO La cantidad de nodos abiertos es de: 150
2020-06-08 13:06:09,300 INFO Se abrio el nodo: (99, 'ciudad9')
2020-06-08 13:06:09,300 INFO El proximo nodo a abrir será: (524, 'ciudad3')
2020-06-08 13:06:09,300 INFO La cantidad de nodos abiertos es de: 151
2020-06-08 13:06:09,350 INFO Se abrio el nodo: (524, 'ciudad3')
2020-06-08 13:06:09,350 INFO El proximo nodo a abrir será: (637, 'ciudad7')
2020-06-08 13:06:09,351 INFO La cantidad de nodos abiertos es de: 152
2020-06-08 13:06:09,402 INFO Se abrio el nodo: (637, 'ciudad7')
2020-06-08 13:06:09,403 INFO El proximo nodo a abrir será: (535, 'ciudad3')
2020-06-08 13:06:09,403 INFO La cantidad de nodos abiertos es de: 153
2020-06-08 13:06:09,462 INFO Se abrio el nodo: (535, 'ciudad3')
2020-06-08 13:06:09,462 INFO El proximo nodo a abrir será: (93, 'ciudad8')
2020-06-08 13:06:09,462 INFO La cantidad de nodos abiertos es de: 154
2020-06-08 13:06:09,552 INFO Se abrio el nodo: (93, 'ciudad8')
2020-06-08 13:06:09,553 INFO El proximo nodo a abrir será: (646, 'ciudad8')
2020-06-08 13:06:09,553 INFO La cantidad de nodos abiertos es de: 155
2020-06-08 13:06:09,605 INFO Se abrio el nodo: (646, 'ciudad8')
2020-06-08 13:06:09,606 INFO El proximo nodo a abrir será: (402, 'ciudad2')
2020-06-08 13:06:09,606 INFO La cantidad de nodos abiertos es de: 156
2020-06-08 13:06:09,658 INFO Se abrio el nodo: (402, 'ciudad2')
2020-06-08 13:06:09,659 INFO El proximo nodo a abrir será: (240, 'ciudad6')
2020-06-08 13:06:09,659 INFO La cantidad de nodos abiertos es de: 157
2020-06-08 13:06:09,709 INFO Se abrio el nodo: (240, 'ciudad6')
2020-06-08 13:06:09,709 INFO El proximo nodo a abrir será: (562, 'ciudad9')
2020-06-08 13:06:09,710 INFO La cantidad de nodos abiertos es de: 158
2020-06-08 13:06:09,763 INFO Se abrio el nodo: (562, 'ciudad9')
2020-06-08 13:06:09,763 INFO El proximo nodo a abrir será: (654, 'ciudad8')
2020-06-08 13:06:09,763 INFO La cantidad de nodos abiertos es de: 159
2020-06-08 13:06:09,837 INFO Se abrio el nodo: (654, 'ciudad8')
2020-06-08 13:06:09,838 INFO El proximo nodo a abrir será: (417, 'ciudad2')
2020-06-08 13:06:09,838 INFO La cantidad de nodos abiertos es de: 160
2020-06-08 13:06:09,900 INFO Se abrio el nodo: (417, 'ciudad2')
2020-06-08 13:06:09,900 INFO El proximo nodo a abrir será: (433, 'ciudad2')
2020-06-08 13:06:09,900 INFO La cantidad de nodos abiertos es de: 161
2020-06-08 13:06:09,973 INFO Se abrio el nodo: (433, 'ciudad2')
2020-06-08 13:06:09,974 INFO El proximo nodo a abrir será: (437, 'ciudad4')
2020-06-08 13:06:09,974 INFO La cantidad de nodos abiertos es de: 162
2020-06-08 13:06:10,048 INFO Se abrio el nodo: (437, 'ciudad4')
2020-06-08 13:06:10,049 INFO El proximo nodo a abrir será: (665, 'ciudad7')
2020-06-08 13:06:10,049 INFO La cantidad de nodos abiertos es de: 163
2020-06-08 13:06:10,127 INFO Se abrio el nodo: (665, 'ciudad7')
2020-06-08 13:06:10,127 INFO El proximo nodo a abrir será: (677, 'ciudad7')
2020-06-08 13:06:10,127 INFO La cantidad de nodos abiertos es de: 164
2020-06-08 13:06:10,199 INFO Se abrio el nodo: (677, 'ciudad7')
2020-06-08 13:06:10,199 INFO El proximo nodo a abrir será: (683, 'ciudad5')
2020-06-08 13:06:10,199 INFO La cantidad de nodos abiertos es de: 165
2020-06-08 13:06:10,262 INFO Se abrio el nodo: (683, 'ciudad5')
2020-06-08 13:06:10,262 INFO El proximo nodo a abrir será: (681, 'ciudad7')
2020-06-08 13:06:10,263 INFO La cantidad de nodos abiertos es de: 166
2020-06-08 13:06:10,323 INFO Se abrio el nodo: (681, 'ciudad7')
2020-06-08 13:06:10,324 INFO El proximo nodo a abrir será: (530, 'ciudad4')
2020-06-08 13:06:10,324 INFO La cantidad de nodos abiertos es de: 167
2020-06-08 13:06:10,377 INFO Se abrio el nodo: (530, 'ciudad4')
2020-06-08 13:06:10,378 INFO El proximo nodo a abrir será: (544, 'ciudad2')
2020-06-08 13:06:10,378 INFO La cantidad de nodos abiertos es de: 168
2020-06-08 13:06:10,432 INFO Se abrio el nodo: (544, 'ciudad2')
2020-06-08 13:06:10,432 INFO El proximo nodo a abrir será: (557, 'ciudad8')
2020-06-08 13:06:10,433 INFO La cantidad de nodos abiertos es de: 169
2020-06-08 13:06:10,492 INFO Se abrio el nodo: (557, 'ciudad8')
2020-06-08 13:06:10,493 INFO El proximo nodo a abrir será: (638, 'ciudad3')
2020-06-08 13:06:10,494 INFO La cantidad de nodos abiertos es de: 170
2020-06-08 13:06:10,583 INFO Se abrio el nodo: (638, 'ciudad3')
2020-06-08 13:06:10,583 INFO El proximo nodo a abrir será: (647, 'ciudad9')
2020-06-08 13:06:10,583 INFO La cantidad de nodos abiertos es de: 171
2020-06-08 13:06:10,644 INFO Se abrio el nodo: (647, 'ciudad9')
2020-06-08 13:06:10,644 INFO El proximo nodo a abrir será: (696, 'ciudad5')
2020-06-08 13:06:10,645 INFO La cantidad de nodos abiertos es de: 172
2020-06-08 13:06:10,705 INFO Se abrio el nodo: (696, 'ciudad5')
2020-06-08 13:06:10,705 INFO El proximo nodo a abrir será: (569, 'ciudad8')
2020-06-08 13:06:10,705 INFO La cantidad de nodos abiertos es de: 173
2020-06-08 13:06:10,764 INFO Se abrio el nodo: (569, 'ciudad8')
2020-06-08 13:06:10,764 INFO El proximo nodo a abrir será: (655, 'ciudad9')
2020-06-08 13:06:10,764 INFO La cantidad de nodos abiertos es de: 174
2020-06-08 13:06:10,840 INFO Se abrio el nodo: (655, 'ciudad9')
2020-06-08 13:06:10,841 INFO El proximo nodo a abrir será: (702, 'ciudad7')
2020-06-08 13:06:10,841 INFO La cantidad de nodos abiertos es de: 175
2020-06-08 13:06:10,917 INFO Se abrio el nodo: (702, 'ciudad7')
2020-06-08 13:06:10,917 INFO El proximo nodo a abrir será: (286, 'ciudad5')
2020-06-08 13:06:10,917 INFO La cantidad de nodos abiertos es de: 176
2020-06-08 13:06:10,984 INFO Se abrio el nodo: (286, 'ciudad5')
2020-06-08 13:06:10,984 INFO El proximo nodo a abrir será: (470, 'ciudad6')
2020-06-08 13:06:10,984 INFO La cantidad de nodos abiertos es de: 177
2020-06-08 13:06:11,067 INFO Se abrio el nodo: (470, 'ciudad6')
2020-06-08 13:06:11,068 INFO El proximo nodo a abrir será: (594, 'ciudad9')
2020-06-08 13:06:11,068 INFO La cantidad de nodos abiertos es de: 178
2020-06-08 13:06:11,140 INFO Se abrio el nodo: (594, 'ciudad9')
2020-06-08 13:06:11,140 INFO El proximo nodo a abrir será: (703, 'ciudad3')
2020-06-08 13:06:11,140 INFO La cantidad de nodos abiertos es de: 179
2020-06-08 13:06:11,197 INFO Se abrio el nodo: (703, 'ciudad3')
2020-06-08 13:06:11,198 INFO El proximo nodo a abrir será: (599, 'ciudad2')
2020-06-08 13:06:11,198 INFO La cantidad de nodos abiertos es de: 180
2020-06-08 13:06:11,260 INFO Se abrio el nodo: (599, 'ciudad2')
2020-06-08 13:06:11,260 INFO El proximo nodo a abrir será: (303, 'ciudad6')
2020-06-08 13:06:11,261 INFO La cantidad de nodos abiertos es de: 181
2020-06-08 13:06:11,321 INFO Se abrio el nodo: (303, 'ciudad6')
2020-06-08 13:06:11,321 INFO El proximo nodo a abrir será: (480, 'ciudad6')
2020-06-08 13:06:11,322 INFO La cantidad de nodos abiertos es de: 182
2020-06-08 13:06:11,394 INFO Se abrio el nodo: (480, 'ciudad6')
2020-06-08 13:06:11,395 INFO El proximo nodo a abrir será: (718, 'ciudad3')
2020-06-08 13:06:11,395 INFO La cantidad de nodos abiertos es de: 183
2020-06-08 13:06:11,461 INFO Se abrio el nodo: (718, 'ciudad3')
2020-06-08 13:06:11,461 INFO El proximo nodo a abrir será: (727, 'ciudad4')
2020-06-08 13:06:11,462 INFO La cantidad de nodos abiertos es de: 184
2020-06-08 13:06:11,537 INFO Se abrio el nodo: (727, 'ciudad4')
2020-06-08 13:06:11,537 INFO El proximo nodo a abrir será: (484, 'ciudad6')
2020-06-08 13:06:11,538 INFO La cantidad de nodos abiertos es de: 185
2020-06-08 13:06:11,634 INFO Se abrio el nodo: (484, 'ciudad6')
2020-06-08 13:06:11,635 INFO El proximo nodo a abrir será: (739, 'ciudad7')
2020-06-08 13:06:11,635 INFO La cantidad de nodos abiertos es de: 186
2020-06-08 13:06:11,697 INFO Se abrio el nodo: (739, 'ciudad7')
2020-06-08 13:06:11,697 INFO El proximo nodo a abrir será: (314, 'ciudad5')
2020-06-08 13:06:11,697 INFO La cantidad de nodos abiertos es de: 187
2020-06-08 13:06:11,754 INFO Se abrio el nodo: (314, 'ciudad5')
2020-06-08 13:06:11,754 INFO El proximo nodo a abrir será: (523, 'ciudad2')
2020-06-08 13:06:11,755 INFO La cantidad de nodos abiertos es de: 188
2020-06-08 13:06:11,820 INFO Se abrio el nodo: (523, 'ciudad2')
2020-06-08 13:06:11,820 INFO El proximo nodo a abrir será: (525, 'ciudad4')
2020-06-08 13:06:11,820 INFO La cantidad de nodos abiertos es de: 189
2020-06-08 13:06:11,881 INFO Se abrio el nodo: (525, 'ciudad4')
2020-06-08 13:06:11,882 INFO El proximo nodo a abrir será: (534, 'ciudad2')
2020-06-08 13:06:11,882 INFO La cantidad de nodos abiertos es de: 190
2020-06-08 13:06:11,957 INFO Se abrio el nodo: (534, 'ciudad2')
2020-06-08 13:06:11,958 INFO El proximo nodo a abrir será: (330, 'ciudad5')
2020-06-08 13:06:11,958 INFO La cantidad de nodos abiertos es de: 191
2020-06-08 13:06:12,026 INFO Se abrio el nodo: (330, 'ciudad5')
2020-06-08 13:06:12,027 INFO El proximo nodo a abrir será: (759, 'ciudad7')
2020-06-08 13:06:12,027 INFO La cantidad de nodos abiertos es de: 192
2020-06-08 13:06:12,147 INFO Se abrio el nodo: (759, 'ciudad7')
2020-06-08 13:06:12,147 INFO El proximo nodo a abrir será: (349, 'ciudad5')
2020-06-08 13:06:12,148 INFO La cantidad de nodos abiertos es de: 193
2020-06-08 13:06:12,242 INFO Se abrio el nodo: (349, 'ciudad5')
2020-06-08 13:06:12,243 INFO El proximo nodo a abrir será: (768, 'ciudad7')
2020-06-08 13:06:12,243 INFO La cantidad de nodos abiertos es de: 194
2020-06-08 13:06:12,339 INFO Se abrio el nodo: (768, 'ciudad7')
2020-06-08 13:06:12,339 INFO El proximo nodo a abrir será: (772, 'ciudad4')
2020-06-08 13:06:12,340 INFO La cantidad de nodos abiertos es de: 195
2020-06-08 13:06:12,427 INFO Se abrio el nodo: (772, 'ciudad4')
2020-06-08 13:06:12,427 INFO El proximo nodo a abrir será: (563, 'ciudad2')
2020-06-08 13:06:12,428 INFO La cantidad de nodos abiertos es de: 196
2020-06-08 13:06:12,505 INFO Se abrio el nodo: (563, 'ciudad2')
2020-06-08 13:06:12,505 INFO El proximo nodo a abrir será: (571, 'ciudad2')
2020-06-08 13:06:12,505 INFO La cantidad de nodos abiertos es de: 197
2020-06-08 13:06:12,617 INFO Se abrio el nodo: (571, 'ciudad2')
2020-06-08 13:06:12,617 INFO El proximo nodo a abrir será: (572, 'ciudad4')
2020-06-08 13:06:12,618 INFO La cantidad de nodos abiertos es de: 198
2020-06-08 13:06:12,728 INFO Se abrio el nodo: (572, 'ciudad4')
2020-06-08 13:06:12,729 INFO El proximo nodo a abrir será: (575, 'ciudad3')
2020-06-08 13:06:12,729 INFO La cantidad de nodos abiertos es de: 199
2020-06-08 13:06:12,833 INFO Se abrio el nodo: (575, 'ciudad3')
2020-06-08 13:06:12,833 INFO El proximo nodo a abrir será: (583, 'ciudad3')
2020-06-08 13:06:12,833 INFO La cantidad de nodos abiertos es de: 200
2020-06-08 13:06:12,946 INFO Se abrio el nodo: (583, 'ciudad3')
2020-06-08 13:06:12,946 INFO El proximo nodo a abrir será: (258, 'ciudad9')
2020-06-08 13:06:12,946 INFO La cantidad de nodos abiertos es de: 201
2020-06-08 13:06:13,091 INFO Se abrio el nodo: (258, 'ciudad9')
2020-06-08 13:06:13,091 INFO El proximo nodo a abrir será: (597, 'ciudad8')
2020-06-08 13:06:13,092 INFO La cantidad de nodos abiertos es de: 202
2020-06-08 13:06:13,220 INFO Se abrio el nodo: (597, 'ciudad8')
2020-06-08 13:06:13,220 INFO El proximo nodo a abrir será: (656, 'ciudad2')
2020-06-08 13:06:13,220 INFO La cantidad de nodos abiertos es de: 203
2020-06-08 13:06:13,294 INFO Se abrio el nodo: (656, 'ciudad2')
2020-06-08 13:06:13,295 INFO El proximo nodo a abrir será: (660, 'ciudad2')
2020-06-08 13:06:13,295 INFO La cantidad de nodos abiertos es de: 204
2020-06-08 13:06:13,361 INFO Se abrio el nodo: (660, 'ciudad2')
2020-06-08 13:06:13,361 INFO El proximo nodo a abrir será: (796, 'ciudad5')
2020-06-08 13:06:13,361 INFO La cantidad de nodos abiertos es de: 205
2020-06-08 13:06:13,424 INFO Se abrio el nodo: (796, 'ciudad5')
2020-06-08 13:06:13,424 INFO El proximo nodo a abrir será: (789, 'ciudad7')
2020-06-08 13:06:13,425 INFO La cantidad de nodos abiertos es de: 206
2020-06-08 13:06:13,486 INFO Se abrio el nodo: (789, 'ciudad7')
2020-06-08 13:06:13,486 INFO El proximo nodo a abrir será: (794, 'ciudad7')
2020-06-08 13:06:13,486 INFO La cantidad de nodos abiertos es de: 207
2020-06-08 13:06:13,557 INFO Se abrio el nodo: (794, 'ciudad7')
2020-06-08 13:06:13,558 INFO El proximo nodo a abrir será: (674, 'ciudad2')
2020-06-08 13:06:13,558 INFO La cantidad de nodos abiertos es de: 208
2020-06-08 13:06:13,630 INFO Se abrio el nodo: (674, 'ciudad2')
2020-06-08 13:06:13,631 INFO El proximo nodo a abrir será: (799, 'ciudad8')
2020-06-08 13:06:13,631 INFO La cantidad de nodos abiertos es de: 209
2020-06-08 13:06:13,717 INFO Se abrio el nodo: (799, 'ciudad8')
2020-06-08 13:06:13,717 INFO El proximo nodo a abrir será: (370, 'ciudad5')
2020-06-08 13:06:13,717 INFO La cantidad de nodos abiertos es de: 210
2020-06-08 13:06:13,784 INFO Se abrio el nodo: (370, 'ciudad5')
2020-06-08 13:06:13,784 INFO El proximo nodo a abrir será: (373, 'ciudad5')
2020-06-08 13:06:13,785 INFO La cantidad de nodos abiertos es de: 211
2020-06-08 13:06:13,854 INFO Se abrio el nodo: (373, 'ciudad5')
2020-06-08 13:06:13,854 INFO El proximo nodo a abrir será: (802, 'ciudad8')
2020-06-08 13:06:13,854 INFO La cantidad de nodos abiertos es de: 212
2020-06-08 13:06:13,918 INFO Se abrio el nodo: (802, 'ciudad8')
2020-06-08 13:06:13,918 INFO El proximo nodo a abrir será: (812, 'ciudad7')
2020-06-08 13:06:13,918 INFO La cantidad de nodos abiertos es de: 213
2020-06-08 13:06:13,991 INFO Se abrio el nodo: (812, 'ciudad7')
2020-06-08 13:06:13,992 INFO El proximo nodo a abrir será: (814, 'ciudad7')
2020-06-08 13:06:13,992 INFO La cantidad de nodos abiertos es de: 214
2020-06-08 13:06:14,058 INFO Se abrio el nodo: (814, 'ciudad7')
2020-06-08 13:06:14,058 INFO El proximo nodo a abrir será: (822, 'ciudad7')
2020-06-08 13:06:14,058 INFO La cantidad de nodos abiertos es de: 215
2020-06-08 13:06:14,148 INFO Se abrio el nodo: (822, 'ciudad7')
2020-06-08 13:06:14,148 INFO El proximo nodo a abrir será: (826, 'ciudad4')
2020-06-08 13:06:14,148 INFO La cantidad de nodos abiertos es de: 216
2020-06-08 13:06:14,258 INFO Se abrio el nodo: (826, 'ciudad4')
2020-06-08 13:06:14,258 INFO El proximo nodo a abrir será: (828, 'ciudad4')
2020-06-08 13:06:14,258 INFO La cantidad de nodos abiertos es de: 217
2020-06-08 13:06:14,336 INFO Se abrio el nodo: (828, 'ciudad4')
2020-06-08 13:06:14,336 INFO El proximo nodo a abrir será: (263, 'ciudad9')
2020-06-08 13:06:14,336 INFO La cantidad de nodos abiertos es de: 218
2020-06-08 13:06:14,400 INFO Se abrio el nodo: (263, 'ciudad9')
2020-06-08 13:06:14,400 INFO El proximo nodo a abrir será: (636, 'ciudad6')
2020-06-08 13:06:14,400 INFO La cantidad de nodos abiertos es de: 219
2020-06-08 13:06:14,474 INFO Se abrio el nodo: (636, 'ciudad6')
2020-06-08 13:06:14,474 INFO El proximo nodo a abrir será: (268, 'ciudad9')
2020-06-08 13:06:14,474 INFO La cantidad de nodos abiertos es de: 220
2020-06-08 13:06:14,542 INFO Se abrio el nodo: (268, 'ciudad9')
2020-06-08 13:06:14,543 INFO El proximo nodo a abrir será: (403, 'ciudad5')
2020-06-08 13:06:14,543 INFO La cantidad de nodos abiertos es de: 221
2020-06-08 13:06:14,618 INFO Se abrio el nodo: (403, 'ciudad5')
2020-06-08 13:06:14,618 INFO El proximo nodo a abrir será: (644, 'ciudad4')
2020-06-08 13:06:14,619 INFO La cantidad de nodos abiertos es de: 222
2020-06-08 13:06:14,742 INFO Se abrio el nodo: (644, 'ciudad4')
2020-06-08 13:06:14,742 INFO El proximo nodo a abrir será: (434, 'ciudad5')
2020-06-08 13:06:14,742 INFO La cantidad de nodos abiertos es de: 223
2020-06-08 13:06:14,824 INFO Se abrio el nodo: (434, 'ciudad5')
2020-06-08 13:06:14,824 INFO El proximo nodo a abrir será: (666, 'ciudad8')
2020-06-08 13:06:14,824 INFO La cantidad de nodos abiertos es de: 224
2020-06-08 13:06:14,922 INFO Se abrio el nodo: (666, 'ciudad8')
2020-06-08 13:06:14,923 INFO El proximo nodo a abrir será: (709, 'ciudad6')
2020-06-08 13:06:14,923 INFO La cantidad de nodos abiertos es de: 225
2020-06-08 13:06:14,999 INFO Se abrio el nodo: (709, 'ciudad6')
2020-06-08 13:06:14,999 INFO El proximo nodo a abrir será: (668, 'ciudad2')
2020-06-08 13:06:14,999 INFO La cantidad de nodos abiertos es de: 226
2020-06-08 13:06:15,072 INFO Se abrio el nodo: (668, 'ciudad2')
2020-06-08 13:06:15,073 INFO El proximo nodo a abrir será: (678, 'ciudad8')
2020-06-08 13:06:15,073 INFO La cantidad de nodos abiertos es de: 227
2020-06-08 13:06:15,182 INFO Se abrio el nodo: (678, 'ciudad8')
2020-06-08 13:06:15,182 INFO El proximo nodo a abrir será: (682, 'ciudad8')
2020-06-08 13:06:15,183 INFO La cantidad de nodos abiertos es de: 228
2020-06-08 13:06:15,301 INFO Se abrio el nodo: (682, 'ciudad8')
2020-06-08 13:06:15,302 INFO El proximo nodo a abrir será: (738, 'ciudad9')
2020-06-08 13:06:15,302 INFO La cantidad de nodos abiertos es de: 229
2020-06-08 13:06:15,384 INFO Se abrio el nodo: (738, 'ciudad9')
2020-06-08 13:06:15,384 INFO El proximo nodo a abrir será: (868, 'ciudad7')
2020-06-08 13:06:15,384 INFO La cantidad de nodos abiertos es de: 230
2020-06-08 13:06:15,452 INFO Se abrio el nodo: (868, 'ciudad7')
2020-06-08 13:06:15,452 INFO El proximo nodo a abrir será: (746, 'ciudad9')
2020-06-08 13:06:15,453 INFO La cantidad de nodos abiertos es de: 231
2020-06-08 13:06:15,528 INFO Se abrio el nodo: (746, 'ciudad9')
2020-06-08 13:06:15,529 INFO El proximo nodo a abrir será: (39, 'ciudad4')
2020-06-08 13:06:15,529 INFO La cantidad de nodos abiertos es de: 232
2020-06-08 13:06:15,599 INFO Se abrio el nodo: (39, 'ciudad4')
2020-06-08 13:06:15,600 INFO El proximo nodo a abrir será: (879, 'ciudad5')
2020-06-08 13:06:15,600 INFO La cantidad de nodos abiertos es de: 233
2020-06-08 13:06:15,731 INFO Se abrio el nodo: (879, 'ciudad5')
2020-06-08 13:06:15,732 INFO El proximo nodo a abrir será: (342, 'ciudad9')
2020-06-08 13:06:15,732 INFO La cantidad de nodos abiertos es de: 234
2020-06-08 13:06:15,835 INFO Se abrio el nodo: (342, 'ciudad9')
2020-06-08 13:06:15,835 INFO El proximo nodo a abrir será: (760, 'ciudad8')
2020-06-08 13:06:15,835 INFO La cantidad de nodos abiertos es de: 235
2020-06-08 13:06:15,922 INFO Se abrio el nodo: (760, 'ciudad8')
2020-06-08 13:06:15,922 INFO El proximo nodo a abrir será: (356, 'ciudad9')
2020-06-08 13:06:15,923 INFO La cantidad de nodos abiertos es de: 236
2020-06-08 13:06:15,993 INFO Se abrio el nodo: (356, 'ciudad9')
2020-06-08 13:06:15,993 INFO El proximo nodo a abrir será: (697, 'ciudad6')
2020-06-08 13:06:15,993 INFO La cantidad de nodos abiertos es de: 237
2020-06-08 13:06:16,064 INFO Se abrio el nodo: (697, 'ciudad6')
2020-06-08 13:06:16,064 INFO El proximo nodo a abrir será: (769, 'ciudad8')
2020-06-08 13:06:16,065 INFO La cantidad de nodos abiertos es de: 238
2020-06-08 13:06:16,137 INFO Se abrio el nodo: (769, 'ciudad8')
2020-06-08 13:06:16,138 INFO El proximo nodo a abrir será: (364, 'ciudad9')
2020-06-08 13:06:16,138 INFO La cantidad de nodos abiertos es de: 239
2020-06-08 13:06:16,267 INFO Se abrio el nodo: (364, 'ciudad9')
2020-06-08 13:06:16,267 INFO El proximo nodo a abrir será: (839, 'ciudad3')
2020-06-08 13:06:16,267 INFO La cantidad de nodos abiertos es de: 240
2020-06-08 13:06:16,347 INFO Se abrio el nodo: (839, 'ciudad3')
2020-06-08 13:06:16,348 INFO El proximo nodo a abrir será: (843, 'ciudad3')
2020-06-08 13:06:16,348 INFO La cantidad de nodos abiertos es de: 241
2020-06-08 13:06:16,418 INFO Se abrio el nodo: (843, 'ciudad3')
2020-06-08 13:06:16,419 INFO El proximo nodo a abrir será: (296, 'ciudad8')
2020-06-08 13:06:16,419 INFO La cantidad de nodos abiertos es de: 242
2020-06-08 13:06:16,499 INFO Se abrio el nodo: (296, 'ciudad8')
2020-06-08 13:06:16,499 INFO El proximo nodo a abrir será: (847, 'ciudad3')
2020-06-08 13:06:16,499 INFO La cantidad de nodos abiertos es de: 243
2020-06-08 13:06:16,597 INFO Se abrio el nodo: (847, 'ciudad3')
2020-06-08 13:06:16,597 INFO El proximo nodo a abrir será: (891, 'ciudad3')
2020-06-08 13:06:16,597 INFO La cantidad de nodos abiertos es de: 244
2020-06-08 13:06:16,673 INFO Se abrio el nodo: (891, 'ciudad3')
2020-06-08 13:06:16,673 INFO El proximo nodo a abrir será: (800, 'ciudad9')
2020-06-08 13:06:16,673 INFO La cantidad de nodos abiertos es de: 245
2020-06-08 13:06:16,795 INFO Se abrio el nodo: (800, 'ciudad9')
2020-06-08 13:06:16,795 INFO El proximo nodo a abrir será: (901, 'ciudad3')
2020-06-08 13:06:16,795 INFO La cantidad de nodos abiertos es de: 246
2020-06-08 13:06:16,869 INFO Se abrio el nodo: (901, 'ciudad3')
2020-06-08 13:06:16,869 INFO El proximo nodo a abrir será: (803, 'ciudad9')
2020-06-08 13:06:16,870 INFO La cantidad de nodos abiertos es de: 247
2020-06-08 13:06:16,962 INFO Se abrio el nodo: (803, 'ciudad9')
2020-06-08 13:06:16,962 INFO El proximo nodo a abrir será: (509, 'ciudad6')
2020-06-08 13:06:16,963 INFO La cantidad de nodos abiertos es de: 248
2020-06-08 13:06:17,052 INFO Se abrio el nodo: (509, 'ciudad6')
2020-06-08 13:06:17,052 INFO El proximo nodo a abrir será: (411, 'ciudad8')
2020-06-08 13:06:17,053 INFO La cantidad de nodos abiertos es de: 249
2020-06-08 13:06:17,148 INFO Se abrio el nodo: (411, 'ciudad8')
2020-06-08 13:06:17,149 INFO El proximo nodo a abrir será: (763, 'ciudad3')
2020-06-08 13:06:17,149 INFO La cantidad de nodos abiertos es de: 250
2020-06-08 13:06:17,301 INFO Se abrio el nodo: (763, 'ciudad3')
2020-06-08 13:06:17,301 INFO El proximo nodo a abrir será: (110, 'ciudad4')
2020-06-08 13:06:17,302 INFO La cantidad de nodos abiertos es de: 251
2020-06-08 13:06:17,389 INFO Se abrio el nodo: (110, 'ciudad4')
2020-06-08 13:06:17,390 INFO El proximo nodo a abrir será: (424, 'ciudad8')
2020-06-08 13:06:17,390 INFO La cantidad de nodos abiertos es de: 252
2020-06-08 13:06:17,473 INFO Se abrio el nodo: (424, 'ciudad8')
2020-06-08 13:06:17,473 INFO El proximo nodo a abrir será: (573, 'ciudad5')
2020-06-08 13:06:17,473 INFO La cantidad de nodos abiertos es de: 253
2020-06-08 13:06:17,566 INFO Se abrio el nodo: (573, 'ciudad5')
2020-06-08 13:06:17,566 INFO El proximo nodo a abrir será: (368, 'ciudad9')
2020-06-08 13:06:17,566 INFO La cantidad de nodos abiertos es de: 254
2020-06-08 13:06:17,642 INFO Se abrio el nodo: (368, 'ciudad9')
2020-06-08 13:06:17,643 INFO El proximo nodo a abrir será: (444, 'ciudad8')
2020-06-08 13:06:17,643 INFO La cantidad de nodos abiertos es de: 255
2020-06-08 13:06:17,731 INFO Se abrio el nodo: (444, 'ciudad8')
2020-06-08 13:06:17,732 INFO El proximo nodo a abrir será: (448, 'ciudad9')
2020-06-08 13:06:17,732 INFO La cantidad de nodos abiertos es de: 256
2020-06-08 13:06:17,847 INFO Se abrio el nodo: (448, 'ciudad9')
2020-06-08 13:06:17,848 INFO El proximo nodo a abrir será: (701, 'ciudad6')
2020-06-08 13:06:17,848 INFO La cantidad de nodos abiertos es de: 257
2020-06-08 13:06:17,937 INFO Se abrio el nodo: (701, 'ciudad6')
2020-06-08 13:06:17,937 INFO El proximo nodo a abrir será: (707, 'ciudad4')
2020-06-08 13:06:17,938 INFO La cantidad de nodos abiertos es de: 258
2020-06-08 13:06:18,036 INFO Se abrio el nodo: (707, 'ciudad4')
2020-06-08 13:06:18,036 INFO El proximo nodo a abrir será: (935, 'ciudad8')
2020-06-08 13:06:18,036 INFO La cantidad de nodos abiertos es de: 259
2020-06-08 13:06:18,120 INFO Se abrio el nodo: (935, 'ciudad8')
2020-06-08 13:06:18,121 INFO El proximo nodo a abrir será: (937, 'ciudad5')
2020-06-08 13:06:18,121 INFO La cantidad de nodos abiertos es de: 260
2020-06-08 13:06:18,204 INFO Se abrio el nodo: (937, 'ciudad5')
2020-06-08 13:06:18,204 INFO El proximo nodo a abrir será: (944, 'ciudad4')
2020-06-08 13:06:18,204 INFO La cantidad de nodos abiertos es de: 261
2020-06-08 13:06:18,306 INFO Se abrio el nodo: (944, 'ciudad4')
2020-06-08 13:06:18,306 INFO El proximo nodo a abrir será: (786, 'ciudad3')
2020-06-08 13:06:18,306 INFO La cantidad de nodos abiertos es de: 262
2020-06-08 13:06:18,380 INFO Se abrio el nodo: (786, 'ciudad3')
2020-06-08 13:06:18,380 INFO El proximo nodo a abrir será: (455, 'ciudad9')
2020-06-08 13:06:18,381 INFO La cantidad de nodos abiertos es de: 263
2020-06-08 13:06:18,454 INFO Se abrio el nodo: (455, 'ciudad9')
2020-06-08 13:06:18,454 INFO El proximo nodo a abrir será: (790, 'ciudad8')
2020-06-08 13:06:18,454 INFO La cantidad de nodos abiertos es de: 264
2020-06-08 13:06:18,534 INFO Se abrio el nodo: (790, 'ciudad8')
2020-06-08 13:06:18,535 INFO El proximo nodo a abrir será: (958, 'ciudad5')
2020-06-08 13:06:18,535 INFO La cantidad de nodos abiertos es de: 265
2020-06-08 13:06:18,614 INFO Se abrio el nodo: (958, 'ciudad5')
2020-06-08 13:06:18,614 INFO El proximo nodo a abrir será: (458, 'ciudad9')
2020-06-08 13:06:18,614 INFO La cantidad de nodos abiertos es de: 266
2020-06-08 13:06:18,696 INFO Se abrio el nodo: (458, 'ciudad9')
2020-06-08 13:06:18,696 INFO El proximo nodo a abrir será: (504, 'ciudad5')
2020-06-08 13:06:18,696 INFO La cantidad de nodos abiertos es de: 267
2020-06-08 13:06:18,795 INFO Se abrio el nodo: (504, 'ciudad5')
2020-06-08 13:06:18,795 INFO El proximo nodo a abrir será: (968, 'ciudad8')
2020-06-08 13:06:18,795 INFO La cantidad de nodos abiertos es de: 268
2020-06-08 13:06:18,921 INFO Se abrio el nodo: (968, 'ciudad8')
2020-06-08 13:06:18,921 INFO El proximo nodo a abrir será: (140, 'ciudad7')
2020-06-08 13:06:18,921 INFO La cantidad de nodos abiertos es de: 269
2020-06-08 13:06:19,033 INFO Se abrio el nodo: (140, 'ciudad7')
2020-06-08 13:06:19,033 INFO El proximo nodo a abrir será: (152, 'ciudad4')
2020-06-08 13:06:19,034 INFO La cantidad de nodos abiertos es de: 270
2020-06-08 13:06:19,126 INFO Se abrio el nodo: (152, 'ciudad4')
2020-06-08 13:06:19,126 INFO El proximo nodo a abrir será: (166, 'ciudad7')
2020-06-08 13:06:19,126 INFO La cantidad de nodos abiertos es de: 271
2020-06-08 13:06:19,227 INFO Se abrio el nodo: (166, 'ciudad7')
2020-06-08 13:06:19,227 INFO El proximo nodo a abrir será: (989, 'ciudad5')
2020-06-08 13:06:19,227 INFO La cantidad de nodos abiertos es de: 272
2020-06-08 13:06:19,333 INFO Se abrio el nodo: (989, 'ciudad5')
2020-06-08 13:06:19,333 INFO El proximo nodo a abrir será: (981, 'ciudad2')
2020-06-08 13:06:19,335 INFO La cantidad de nodos abiertos es de: 273
2020-06-08 13:06:19,456 INFO Se abrio el nodo: (981, 'ciudad2')
2020-06-08 13:06:19,456 INFO El proximo nodo a abrir será: (184, 'ciudad7')
2020-06-08 13:06:19,457 INFO La cantidad de nodos abiertos es de: 274
2020-06-08 13:06:19,570 INFO Se abrio el nodo: (184, 'ciudad7')
2020-06-08 13:06:19,570 INFO El proximo nodo a abrir será: (196, 'ciudad7')
2020-06-08 13:06:19,570 INFO La cantidad de nodos abiertos es de: 275
2020-06-08 13:06:19,688 INFO Se abrio el nodo: (196, 'ciudad7')
2020-06-08 13:06:19,689 INFO El proximo nodo a abrir será: (993, 'ciudad2')
2020-06-08 13:06:19,689 INFO La cantidad de nodos abiertos es de: 276
2020-06-08 13:06:19,796 INFO Se abrio el nodo: (993, 'ciudad2')
2020-06-08 13:06:19,797 INFO El proximo nodo a abrir será: (205, 'ciudad4')
2020-06-08 13:06:19,798 INFO La cantidad de nodos abiertos es de: 277
2020-06-08 13:06:19,972 INFO Se abrio el nodo: (205, 'ciudad4')
2020-06-08 13:06:19,972 INFO El proximo nodo a abrir será: (1008, 'ciudad2')
2020-06-08 13:06:19,973 INFO La cantidad de nodos abiertos es de: 278
2020-06-08 13:06:20,074 INFO Se abrio el nodo: (1008, 'ciudad2')
2020-06-08 13:06:20,074 INFO El proximo nodo a abrir será: (878, 'ciudad3')
2020-06-08 13:06:20,075 INFO La cantidad de nodos abiertos es de: 279
2020-06-08 13:06:20,157 INFO Se abrio el nodo: (878, 'ciudad3')
2020-06-08 13:06:20,157 INFO El proximo nodo a abrir será: (880, 'ciudad6')
2020-06-08 13:06:20,157 INFO La cantidad de nodos abiertos es de: 280
2020-06-08 13:06:20,243 INFO Se abrio el nodo: (880, 'ciudad6')
2020-06-08 13:06:20,243 INFO El proximo nodo a abrir será: (1013, 'ciudad2')
2020-06-08 13:06:20,243 INFO La cantidad de nodos abiertos es de: 281
2020-06-08 13:06:20,321 INFO Se abrio el nodo: (1013, 'ciudad2')
2020-06-08 13:06:20,321 INFO El proximo nodo a abrir será: (1023, 'ciudad5')
2020-06-08 13:06:20,321 INFO La cantidad de nodos abiertos es de: 282
2020-06-08 13:06:20,423 INFO Se abrio el nodo: (1023, 'ciudad5')
2020-06-08 13:06:20,423 INFO El proximo nodo a abrir será: (1032, 'ciudad8')
2020-06-08 13:06:20,423 INFO La cantidad de nodos abiertos es de: 283
2020-06-08 13:06:20,501 INFO Se abrio el nodo: (1032, 'ciudad8')
2020-06-08 13:06:20,502 INFO El proximo nodo a abrir será: (844, 'ciudad4')
2020-06-08 13:06:20,502 INFO La cantidad de nodos abiertos es de: 284
2020-06-08 13:06:20,595 INFO Se abrio el nodo: (844, 'ciudad4')
2020-06-08 13:06:20,595 INFO El proximo nodo a abrir será: (130, 'ciudad4')
2020-06-08 13:06:20,595 INFO La cantidad de nodos abiertos es de: 285
2020-06-08 13:06:20,675 INFO Se abrio el nodo: (130, 'ciudad4')
2020-06-08 13:06:20,675 INFO El proximo nodo a abrir será: (1049, 'ciudad5')
2020-06-08 13:06:20,675 INFO La cantidad de nodos abiertos es de: 286
2020-06-08 13:06:20,752 INFO Se abrio el nodo: (1049, 'ciudad5')
2020-06-08 13:06:20,752 INFO El proximo nodo a abrir será: (133, 'ciudad4')
2020-06-08 13:06:20,753 INFO La cantidad de nodos abiertos es de: 287
2020-06-08 13:06:20,872 INFO Se abrio el nodo: (133, 'ciudad4')
2020-06-08 13:06:20,872 INFO El proximo nodo a abrir será: (909, 'ciudad6')
2020-06-08 13:06:20,873 INFO La cantidad de nodos abiertos es de: 288
2020-06-08 13:06:20,995 INFO Se abrio el nodo: (909, 'ciudad6')
2020-06-08 13:06:20,996 INFO El proximo nodo a abrir será: (921, 'ciudad9')
2020-06-08 13:06:20,996 INFO La cantidad de nodos abiertos es de: 289
2020-06-08 13:06:21,101 INFO Se abrio el nodo: (921, 'ciudad9')
2020-06-08 13:06:21,101 INFO El proximo nodo a abrir será: (1051, 'ciudad5')
2020-06-08 13:06:21,101 INFO La cantidad de nodos abiertos es de: 290
2020-06-08 13:06:21,188 INFO Se abrio el nodo: (1051, 'ciudad5')
2020-06-08 13:06:21,188 INFO El proximo nodo a abrir será: (1055, 'ciudad5')
2020-06-08 13:06:21,188 INFO La cantidad de nodos abiertos es de: 291
2020-06-08 13:06:21,271 INFO Se abrio el nodo: (1055, 'ciudad5')
2020-06-08 13:06:21,271 INFO El proximo nodo a abrir será: (869, 'ciudad8')
2020-06-08 13:06:21,271 INFO La cantidad de nodos abiertos es de: 292
2020-06-08 13:06:21,347 INFO Se abrio el nodo: (869, 'ciudad8')
2020-06-08 13:06:21,347 INFO El proximo nodo a abrir será: (925, 'ciudad9')
2020-06-08 13:06:21,347 INFO La cantidad de nodos abiertos es de: 293
2020-06-08 13:06:21,463 INFO Se abrio el nodo: (925, 'ciudad9')
2020-06-08 13:06:21,463 INFO El proximo nodo a abrir será: (217, 'ciudad7')
2020-06-08 13:06:21,464 INFO La cantidad de nodos abiertos es de: 294
2020-06-08 13:06:21,552 INFO Se abrio el nodo: (217, 'ciudad7')
2020-06-08 13:06:21,552 INFO El proximo nodo a abrir será: (221, 'ciudad7')
2020-06-08 13:06:21,552 INFO La cantidad de nodos abiertos es de: 295
2020-06-08 13:06:21,633 INFO Se abrio el nodo: (221, 'ciudad7')
2020-06-08 13:06:21,634 INFO El proximo nodo a abrir será: (231, 'ciudad7')
2020-06-08 13:06:21,634 INFO La cantidad de nodos abiertos es de: 296
2020-06-08 13:06:21,716 INFO Se abrio el nodo: (231, 'ciudad7')
2020-06-08 13:06:21,716 INFO El proximo nodo a abrir será: (1065, 'ciudad2')
2020-06-08 13:06:21,716 INFO La cantidad de nodos abiertos es de: 297
2020-06-08 13:06:21,793 INFO Se abrio el nodo: (1065, 'ciudad2')
2020-06-08 13:06:21,793 INFO El proximo nodo a abrir será: (1069, 'ciudad2')
2020-06-08 13:06:21,794 INFO La cantidad de nodos abiertos es de: 298
2020-06-08 13:06:21,891 INFO Se abrio el nodo: (1069, 'ciudad2')
2020-06-08 13:06:21,891 INFO El proximo nodo a abrir será: (251, 'ciudad4')
2020-06-08 13:06:21,892 INFO La cantidad de nodos abiertos es de: 299
2020-06-08 13:06:22,015 INFO Se abrio el nodo: (251, 'ciudad4')
2020-06-08 13:06:22,016 INFO El proximo nodo a abrir será: (1031, 'ciudad6')
2020-06-08 13:06:22,016 INFO La cantidad de nodos abiertos es de: 300
2020-06-08 13:06:22,106 INFO Se abrio el nodo: (1031, 'ciudad6')
2020-06-08 13:06:22,107 INFO El proximo nodo a abrir será: (1033, 'ciudad9')
2020-06-08 13:06:22,107 INFO La cantidad de nodos abiertos es de: 301
2020-06-08 13:06:22,194 INFO Se abrio el nodo: (1033, 'ciudad9')
2020-06-08 13:06:22,194 INFO El proximo nodo a abrir será: (1034, 'ciudad3')
2020-06-08 13:06:22,194 INFO La cantidad de nodos abiertos es de: 302
2020-06-08 13:06:22,272 INFO Se abrio el nodo: (1034, 'ciudad3')
2020-06-08 13:06:22,272 INFO El proximo nodo a abrir será: (1073, 'ciudad2')
2020-06-08 13:06:22,273 INFO La cantidad de nodos abiertos es de: 303
2020-06-08 13:06:22,352 INFO Se abrio el nodo: (1073, 'ciudad2')
2020-06-08 13:06:22,352 INFO El proximo nodo a abrir será: (476, 'ciudad8')
2020-06-08 13:06:22,352 INFO La cantidad de nodos abiertos es de: 304
2020-06-08 13:06:22,453 INFO Se abrio el nodo: (476, 'ciudad8')
2020-06-08 13:06:22,453 INFO El proximo nodo a abrir será: (936, 'ciudad9')
2020-06-08 13:06:22,453 INFO La cantidad de nodos abiertos es de: 305
2020-06-08 13:06:22,559 INFO Se abrio el nodo: (936, 'ciudad9')
2020-06-08 13:06:22,559 INFO El proximo nodo a abrir será: (716, 'ciudad6')
2020-06-08 13:06:22,559 INFO La cantidad de nodos abiertos es de: 306
2020-06-08 13:06:22,646 INFO Se abrio el nodo: (716, 'ciudad6')
2020-06-08 13:06:22,646 INFO El proximo nodo a abrir será: (601, 'ciudad9')
2020-06-08 13:06:22,647 INFO La cantidad de nodos abiertos es de: 307
2020-06-08 13:06:22,726 INFO Se abrio el nodo: (601, 'ciudad9')
2020-06-08 13:06:22,726 INFO El proximo nodo a abrir será: (1083, 'ciudad5')
2020-06-08 13:06:22,726 INFO La cantidad de nodos abiertos es de: 308
2020-06-08 13:06:22,857 INFO Se abrio el nodo: (1083, 'ciudad5')
2020-06-08 13:06:22,857 INFO El proximo nodo a abrir será: (488, 'ciudad8')
2020-06-08 13:06:22,858 INFO La cantidad de nodos abiertos es de: 309
2020-06-08 13:06:23,032 INFO Se abrio el nodo: (488, 'ciudad8')
2020-06-08 13:06:23,032 INFO El proximo nodo a abrir será: (500, 'ciudad8')
2020-06-08 13:06:23,032 INFO La cantidad de nodos abiertos es de: 310
2020-06-08 13:06:23,124 INFO Se abrio el nodo: (500, 'ciudad8')
2020-06-08 13:06:23,125 INFO El proximo nodo a abrir será: (898, 'ciudad2')
2020-06-08 13:06:23,125 INFO La cantidad de nodos abiertos es de: 311
2020-06-08 13:06:23,221 INFO Se abrio el nodo: (898, 'ciudad2')
2020-06-08 13:06:23,221 INFO El proximo nodo a abrir será: (1093, 'ciudad8')
2020-06-08 13:06:23,222 INFO La cantidad de nodos abiertos es de: 312
2020-06-08 13:06:23,304 INFO Se abrio el nodo: (1093, 'ciudad8')
2020-06-08 13:06:23,304 INFO El proximo nodo a abrir será: (865, 'ciudad4')
2020-06-08 13:06:23,304 INFO La cantidad de nodos abiertos es de: 313
2020-06-08 13:06:23,385 INFO Se abrio el nodo: (865, 'ciudad4')
2020-06-08 13:06:23,385 INFO El proximo nodo a abrir será: (969, 'ciudad9')
2020-06-08 13:06:23,385 INFO La cantidad de nodos abiertos es de: 314
2020-06-08 13:06:23,512 INFO Se abrio el nodo: (969, 'ciudad9')
2020-06-08 13:06:23,513 INFO El proximo nodo a abrir será: (1115, 'ciudad7')
2020-06-08 13:06:23,513 INFO La cantidad de nodos abiertos es de: 315
2020-06-08 13:06:23,603 INFO Se abrio el nodo: (1115, 'ciudad7')
2020-06-08 13:06:23,604 INFO El proximo nodo a abrir será: (1118, 'ciudad5')
2020-06-08 13:06:23,604 INFO La cantidad de nodos abiertos es de: 316
2020-06-08 13:06:23,692 INFO Se abrio el nodo: (1118, 'ciudad5')
2020-06-08 13:06:23,692 INFO El proximo nodo a abrir será: (1006, 'ciudad8')
2020-06-08 13:06:23,692 INFO La cantidad de nodos abiertos es de: 317
2020-06-08 13:06:23,781 INFO Se abrio el nodo: (1006, 'ciudad8')
2020-06-08 13:06:23,781 INFO El proximo nodo a abrir será: (1020, 'ciudad8')
2020-06-08 13:06:23,781 INFO La cantidad de nodos abiertos es de: 318
2020-06-08 13:06:23,866 INFO Se abrio el nodo: (1020, 'ciudad8')
2020-06-08 13:06:23,866 INFO El proximo nodo a abrir será: (1028, 'ciudad8')
2020-06-08 13:06:23,866 INFO La cantidad de nodos abiertos es de: 319
2020-06-08 13:06:23,983 INFO Se abrio el nodo: (1028, 'ciudad8')
2020-06-08 13:06:23,984 INFO El proximo nodo a abrir será: (1123, 'ciudad3')
2020-06-08 13:06:23,984 INFO La cantidad de nodos abiertos es de: 320
2020-06-08 13:06:24,111 INFO Se abrio el nodo: (1123, 'ciudad3')
2020-06-08 13:06:24,112 INFO El proximo nodo a abrir será: (279, 'ciudad7')
2020-06-08 13:06:24,112 INFO La cantidad de nodos abiertos es de: 321
2020-06-08 13:06:24,203 INFO Se abrio el nodo: (279, 'ciudad7')
2020-06-08 13:06:24,203 INFO El proximo nodo a abrir será: (1040, 'ciudad8')
2020-06-08 13:06:24,204 INFO La cantidad de nodos abiertos es de: 322
2020-06-08 13:06:24,301 INFO Se abrio el nodo: (1040, 'ciudad8')
2020-06-08 13:06:24,301 INFO El proximo nodo a abrir será: (291, 'ciudad7')
2020-06-08 13:06:24,301 INFO La cantidad de nodos abiertos es de: 323
2020-06-08 13:06:24,413 INFO Se abrio el nodo: (291, 'ciudad7')
2020-06-08 13:06:24,414 INFO El proximo nodo a abrir será: (663, 'ciudad9')
2020-06-08 13:06:24,414 INFO La cantidad de nodos abiertos es de: 324
2020-06-08 13:06:24,620 INFO Se abrio el nodo: (663, 'ciudad9')
2020-06-08 13:06:24,620 INFO El proximo nodo a abrir será: (929, 'ciudad2')
2020-06-08 13:06:24,621 INFO La cantidad de nodos abiertos es de: 325
2020-06-08 13:06:24,726 INFO Se abrio el nodo: (929, 'ciudad2')
2020-06-08 13:06:24,726 INFO El proximo nodo a abrir será: (1127, 'ciudad3')
2020-06-08 13:06:24,726 INFO La cantidad de nodos abiertos es de: 326
2020-06-08 13:06:24,846 INFO Se abrio el nodo: (1127, 'ciudad3')
2020-06-08 13:06:24,847 INFO El proximo nodo a abrir será: (300, 'ciudad4')
2020-06-08 13:06:24,847 INFO La cantidad de nodos abiertos es de: 327
2020-06-08 13:06:25,013 INFO Se abrio el nodo: (300, 'ciudad4')
2020-06-08 13:06:25,013 INFO El proximo nodo a abrir será: (673, 'ciudad8')
2020-06-08 13:06:25,014 INFO La cantidad de nodos abiertos es de: 328
2020-06-08 13:06:25,138 INFO Se abrio el nodo: (673, 'ciudad8')
2020-06-08 13:06:25,138 INFO El proximo nodo a abrir será: (676, 'ciudad9')
2020-06-08 13:06:25,139 INFO La cantidad de nodos abiertos es de: 329
2020-06-08 13:06:25,289 INFO Se abrio el nodo: (676, 'ciudad9')
2020-06-08 13:06:25,289 INFO El proximo nodo a abrir será: (940, 'ciudad2')
2020-06-08 13:06:25,289 INFO La cantidad de nodos abiertos es de: 330
2020-06-08 13:06:25,381 INFO Se abrio el nodo: (940, 'ciudad2')
2020-06-08 13:06:25,381 INFO El proximo nodo a abrir será: (1130, 'ciudad3')
2020-06-08 13:06:25,382 INFO La cantidad de nodos abiertos es de: 331
2020-06-08 13:06:25,479 INFO Se abrio el nodo: (1130, 'ciudad3')
2020-06-08 13:06:25,480 INFO El proximo nodo a abrir será: (1136, 'ciudad2')
2020-06-08 13:06:25,480 INFO La cantidad de nodos abiertos es de: 332
2020-06-08 13:06:25,609 INFO Se abrio el nodo: (1136, 'ciudad2')
2020-06-08 13:06:25,610 INFO El proximo nodo a abrir será: (907, 'ciudad4')
2020-06-08 13:06:25,610 INFO La cantidad de nodos abiertos es de: 333
2020-06-08 13:06:25,717 INFO Se abrio el nodo: (907, 'ciudad4')
2020-06-08 13:06:25,717 INFO El proximo nodo a abrir será: (910, 'ciudad4')
2020-06-08 13:06:25,717 INFO La cantidad de nodos abiertos es de: 334
2020-06-08 13:06:25,806 INFO Se abrio el nodo: (910, 'ciudad4')
2020-06-08 13:06:25,806 INFO El proximo nodo a abrir será: (938, 'ciudad6')
2020-06-08 13:06:25,806 INFO La cantidad de nodos abiertos es de: 335
2020-06-08 13:06:25,904 INFO Se abrio el nodo: (938, 'ciudad6')
2020-06-08 13:06:25,905 INFO El proximo nodo a abrir será: (1150, 'ciudad7')
2020-06-08 13:06:25,905 INFO La cantidad de nodos abiertos es de: 336
2020-06-08 13:06:26,011 INFO Se abrio el nodo: (1150, 'ciudad7')
2020-06-08 13:06:26,011 INFO El proximo nodo a abrir será: (619, 'ciudad9')
2020-06-08 13:06:26,012 INFO La cantidad de nodos abiertos es de: 337
2020-06-08 13:06:26,139 INFO Se abrio el nodo: (619, 'ciudad9')
2020-06-08 13:06:26,139 INFO El proximo nodo a abrir será: (730, 'ciudad5')
2020-06-08 13:06:26,139 INFO La cantidad de nodos abiertos es de: 338
2020-06-08 13:06:26,231 INFO Se abrio el nodo: (730, 'ciudad5')
2020-06-08 13:06:26,232 INFO El proximo nodo a abrir será: (916, 'ciudad4')
2020-06-08 13:06:26,232 INFO La cantidad de nodos abiertos es de: 339
2020-06-08 13:06:26,323 INFO Se abrio el nodo: (916, 'ciudad4')
2020-06-08 13:06:26,323 INFO El proximo nodo a abrir será: (919, 'ciudad4')
2020-06-08 13:06:26,323 INFO La cantidad de nodos abiertos es de: 340
2020-06-08 13:06:26,412 INFO Se abrio el nodo: (919, 'ciudad4')
2020-06-08 13:06:26,413 INFO El proximo nodo a abrir será: (949, 'ciudad2')
2020-06-08 13:06:26,413 INFO La cantidad de nodos abiertos es de: 341
2020-06-08 13:06:26,520 INFO Se abrio el nodo: (949, 'ciudad2')
2020-06-08 13:06:26,521 INFO El proximo nodo a abrir será: (961, 'ciudad2')
2020-06-08 13:06:26,521 INFO La cantidad de nodos abiertos es de: 342
2020-06-08 13:06:26,731 INFO Se abrio el nodo: (961, 'ciudad2')
2020-06-08 13:06:26,732 INFO El proximo nodo a abrir será: (1153, 'ciudad5')
2020-06-08 13:06:26,732 INFO La cantidad de nodos abiertos es de: 343
2020-06-08 13:06:26,817 INFO Se abrio el nodo: (1153, 'ciudad5')
2020-06-08 13:06:26,817 INFO El proximo nodo a abrir será: (1160, 'ciudad7')
2020-06-08 13:06:26,817 INFO La cantidad de nodos abiertos es de: 344
2020-06-08 13:06:26,934 INFO Se abrio el nodo: (1160, 'ciudad7')
2020-06-08 13:06:26,935 INFO El proximo nodo a abrir será: (1165, 'ciudad5')
2020-06-08 13:06:26,936 INFO La cantidad de nodos abiertos es de: 345
2020-06-08 13:06:27,081 INFO Se abrio el nodo: (1165, 'ciudad5')
2020-06-08 13:06:27,082 INFO El proximo nodo a abrir será: (1167, 'ciudad5')
2020-06-08 13:06:27,082 INFO La cantidad de nodos abiertos es de: 346
2020-06-08 13:06:27,221 INFO Se abrio el nodo: (1167, 'ciudad5')
2020-06-08 13:06:27,221 INFO El proximo nodo a abrir será: (1177, 'ciudad5')
2020-06-08 13:06:27,222 INFO La cantidad de nodos abiertos es de: 347
2020-06-08 13:06:27,331 INFO Se abrio el nodo: (1177, 'ciudad5')
2020-06-08 13:06:27,332 INFO El proximo nodo a abrir será: (749, 'ciudad5')
2020-06-08 13:06:27,332 INFO La cantidad de nodos abiertos es de: 348
2020-06-08 13:06:27,450 INFO Se abrio el nodo: (749, 'ciudad5')
2020-06-08 13:06:27,450 INFO El proximo nodo a abrir será: (1182, 'ciudad7')
2020-06-08 13:06:27,450 INFO La cantidad de nodos abiertos es de: 349
2020-06-08 13:06:27,570 INFO Se abrio el nodo: (1182, 'ciudad7')
2020-06-08 13:06:27,570 INFO El proximo nodo a abrir será: (1183, 'ciudad7')
2020-06-08 13:06:27,571 INFO La cantidad de nodos abiertos es de: 350
2020-06-08 13:06:27,799 INFO Se abrio el nodo: (1183, 'ciudad7')
2020-06-08 13:06:27,799 INFO El proximo nodo a abrir será: (988, 'ciudad3')
2020-06-08 13:06:27,799 INFO La cantidad de nodos abiertos es de: 351
2020-06-08 13:06:27,970 INFO Se abrio el nodo: (988, 'ciudad3')
2020-06-08 13:06:27,970 INFO El proximo nodo a abrir será: (990, 'ciudad6')
2020-06-08 13:06:27,970 INFO La cantidad de nodos abiertos es de: 352
2020-06-08 13:06:28,125 INFO Se abrio el nodo: (990, 'ciudad6')
2020-06-08 13:06:28,125 INFO El proximo nodo a abrir será: (394, 'ciudad7')
2020-06-08 13:06:28,126 INFO La cantidad de nodos abiertos es de: 353
2020-06-08 13:06:28,256 INFO Se abrio el nodo: (394, 'ciudad7')
2020-06-08 13:06:28,256 INFO El proximo nodo a abrir será: (1005, 'ciudad6')
2020-06-08 13:06:28,257 INFO La cantidad de nodos abiertos es de: 354
2020-06-08 13:06:28,359 INFO Se abrio el nodo: (1005, 'ciudad6')
2020-06-08 13:06:28,360 INFO El proximo nodo a abrir será: (1196, 'ciudad8')
2020-06-08 13:06:28,360 INFO La cantidad de nodos abiertos es de: 355
2020-06-08 13:06:28,457 INFO Se abrio el nodo: (1196, 'ciudad8')
2020-06-08 13:06:28,457 INFO El proximo nodo a abrir será: (345, 'ciudad7')
2020-06-08 13:06:28,457 INFO La cantidad de nodos abiertos es de: 356
2020-06-08 13:06:28,549 INFO Se abrio el nodo: (345, 'ciudad7')
2020-06-08 13:06:28,550 INFO El proximo nodo a abrir será: (1203, 'ciudad2')
2020-06-08 13:06:28,550 INFO La cantidad de nodos abiertos es de: 357
2020-06-08 13:06:28,686 INFO Se abrio el nodo: (1203, 'ciudad2')
2020-06-08 13:06:28,687 INFO El proximo nodo a abrir será: (884, 'ciudad6')
2020-06-08 13:06:28,687 INFO La cantidad de nodos abiertos es de: 358
2020-06-08 13:06:28,795 INFO Se abrio el nodo: (884, 'ciudad6')
2020-06-08 13:06:28,795 INFO El proximo nodo a abrir será: (1019, 'ciudad6')
2020-06-08 13:06:28,795 INFO La cantidad de nodos abiertos es de: 359
2020-06-08 13:06:28,911 INFO Se abrio el nodo: (1019, 'ciudad6')
2020-06-08 13:06:28,911 INFO El proximo nodo a abrir será: (1022, 'ciudad3')
2020-06-08 13:06:28,912 INFO La cantidad de nodos abiertos es de: 360
2020-06-08 13:06:29,048 INFO Se abrio el nodo: (1022, 'ciudad3')
2020-06-08 13:06:29,048 INFO El proximo nodo a abrir será: (845, 'ciudad5')
2020-06-08 13:06:29,048 INFO La cantidad de nodos abiertos es de: 361
2020-06-08 13:06:29,311 INFO Se abrio el nodo: (845, 'ciudad5')
2020-06-08 13:06:29,311 INFO El proximo nodo a abrir será: (1039, 'ciudad6')
2020-06-08 13:06:29,312 INFO La cantidad de nodos abiertos es de: 362
2020-06-08 13:06:29,510 INFO Se abrio el nodo: (1039, 'ciudad6')
2020-06-08 13:06:29,510 INFO El proximo nodo a abrir será: (1232, 'ciudad4')
2020-06-08 13:06:29,510 INFO La cantidad de nodos abiertos es de: 363
2020-06-08 13:06:29,709 INFO Se abrio el nodo: (1232, 'ciudad4')
2020-06-08 13:06:29,709 INFO El proximo nodo a abrir será: (1079, 'ciudad8')
2020-06-08 13:06:29,709 INFO La cantidad de nodos abiertos es de: 364
2020-06-08 13:06:29,866 INFO Se abrio el nodo: (1079, 'ciudad8')
2020-06-08 13:06:29,867 INFO El proximo nodo a abrir será: (1229, 'ciudad8')
2020-06-08 13:06:29,867 INFO La cantidad de nodos abiertos es de: 365
2020-06-08 13:06:30,001 INFO Se abrio el nodo: (1229, 'ciudad8')
2020-06-08 13:06:30,001 INFO El proximo nodo a abrir será: (1081, 'ciudad8')
2020-06-08 13:06:30,002 INFO La cantidad de nodos abiertos es de: 366
2020-06-08 13:06:30,130 INFO Se abrio el nodo: (1081, 'ciudad8')
2020-06-08 13:06:30,130 INFO El proximo nodo a abrir será: (1094, 'ciudad9')
2020-06-08 13:06:30,131 INFO La cantidad de nodos abiertos es de: 367
2020-06-08 13:06:30,264 INFO Se abrio el nodo: (1094, 'ciudad9')
2020-06-08 13:06:30,264 INFO El proximo nodo a abrir será: (1134, 'ciudad6')
2020-06-08 13:06:30,264 INFO La cantidad de nodos abiertos es de: 368
2020-06-08 13:06:30,366 INFO Se abrio el nodo: (1134, 'ciudad6')
2020-06-08 13:06:30,367 INFO El proximo nodo a abrir será: (1135, 'ciudad9')
2020-06-08 13:06:30,367 INFO La cantidad de nodos abiertos es de: 369
2020-06-08 13:06:30,462 INFO Se abrio el nodo: (1135, 'ciudad9')
2020-06-08 13:06:30,462 INFO El proximo nodo a abrir será: (955, 'ciudad4')
2020-06-08 13:06:30,462 INFO La cantidad de nodos abiertos es de: 370
2020-06-08 13:06:30,560 INFO Se abrio el nodo: (955, 'ciudad4')
2020-06-08 13:06:30,560 INFO El proximo nodo a abrir será: (959, 'ciudad6')
2020-06-08 13:06:30,560 INFO La cantidad de nodos abiertos es de: 371
2020-06-08 13:06:30,670 INFO Se abrio el nodo: (959, 'ciudad6')
2020-06-08 13:06:30,671 INFO El proximo nodo a abrir será: (1151, 'ciudad6')
2020-06-08 13:06:30,671 INFO La cantidad de nodos abiertos es de: 372
2020-06-08 13:06:30,797 INFO Se abrio el nodo: (1151, 'ciudad6')
2020-06-08 13:06:30,798 INFO El proximo nodo a abrir será: (1152, 'ciudad9')
2020-06-08 13:06:30,798 INFO La cantidad de nodos abiertos es de: 373
2020-06-08 13:06:30,942 INFO Se abrio el nodo: (1152, 'ciudad9')
2020-06-08 13:06:30,942 INFO El proximo nodo a abrir será: (1052, 'ciudad6')
2020-06-08 13:06:30,943 INFO La cantidad de nodos abiertos es de: 374
2020-06-08 13:06:31,065 INFO Se abrio el nodo: (1052, 'ciudad6')
2020-06-08 13:06:31,065 INFO El proximo nodo a abrir será: (1251, 'ciudad5')
2020-06-08 13:06:31,065 INFO La cantidad de nodos abiertos es de: 375
2020-06-08 13:06:31,246 INFO Se abrio el nodo: (1251, 'ciudad5')
2020-06-08 13:06:31,246 INFO El proximo nodo a abrir será: (1162, 'ciudad9')
2020-06-08 13:06:31,247 INFO La cantidad de nodos abiertos es de: 376
2020-06-08 13:06:31,411 INFO Se abrio el nodo: (1162, 'ciudad9')
2020-06-08 13:06:31,411 INFO El proximo nodo a abrir será: (26, 'ciudad5')
2020-06-08 13:06:31,411 INFO La cantidad de nodos abiertos es de: 377
2020-06-08 13:06:31,609 INFO Se abrio el nodo: (26, 'ciudad5')
2020-06-08 13:06:31,609 INFO El proximo nodo a abrir será: (1261, 'ciudad4')
2020-06-08 13:06:31,609 INFO La cantidad de nodos abiertos es de: 378
2020-06-08 13:06:31,886 INFO Se abrio el nodo: (1261, 'ciudad4')
2020-06-08 13:06:31,887 INFO El proximo nodo a abrir será: (1195, 'ciudad6')
2020-06-08 13:06:31,887 INFO La cantidad de nodos abiertos es de: 379
2020-06-08 13:06:32,181 INFO Se abrio el nodo: (1195, 'ciudad6')
2020-06-08 13:06:32,181 INFO El proximo nodo a abrir será: (1197, 'ciudad9')
2020-06-08 13:06:32,181 INFO La cantidad de nodos abiertos es de: 380
2020-06-08 13:06:32,547 INFO Se abrio el nodo: (1197, 'ciudad9')
2020-06-08 13:06:32,547 INFO El proximo nodo a abrir será: (1199, 'ciudad3')
2020-06-08 13:06:32,547 INFO La cantidad de nodos abiertos es de: 381
2020-06-08 13:06:32,752 INFO Se abrio el nodo: (1199, 'ciudad3')
2020-06-08 13:06:32,753 INFO El proximo nodo a abrir será: (430, 'ciudad7')
2020-06-08 13:06:32,753 INFO La cantidad de nodos abiertos es de: 382
2020-06-08 13:06:32,909 INFO Se abrio el nodo: (430, 'ciudad7')
2020-06-08 13:06:32,909 INFO El proximo nodo a abrir será: (1207, 'ciudad3')
2020-06-08 13:06:32,909 INFO La cantidad de nodos abiertos es de: 383
2020-06-08 13:06:33,002 INFO Se abrio el nodo: (1207, 'ciudad3')
2020-06-08 13:06:33,002 INFO El proximo nodo a abrir será: (706, 'ciudad9')
2020-06-08 13:06:33,003 INFO La cantidad de nodos abiertos es de: 384
2020-06-08 13:06:33,094 INFO Se abrio el nodo: (706, 'ciudad9')
2020-06-08 13:06:33,095 INFO El proximo nodo a abrir será: (714, 'ciudad8')
2020-06-08 13:06:33,095 INFO La cantidad de nodos abiertos es de: 385
2020-06-08 13:06:33,215 INFO Se abrio el nodo: (714, 'ciudad8')
2020-06-08 13:06:33,215 INFO El proximo nodo a abrir será: (1281, 'ciudad8')
2020-06-08 13:06:33,216 INFO La cantidad de nodos abiertos es de: 386
2020-06-08 13:06:33,397 INFO Se abrio el nodo: (1281, 'ciudad8')
2020-06-08 13:06:33,398 INFO El proximo nodo a abrir será: (1222, 'ciudad3')
2020-06-08 13:06:33,398 INFO La cantidad de nodos abiertos es de: 387
2020-06-08 13:06:33,520 INFO Se abrio el nodo: (1222, 'ciudad3')
2020-06-08 13:06:33,521 INFO El proximo nodo a abrir será: (1225, 'ciudad3')
2020-06-08 13:06:33,521 INFO La cantidad de nodos abiertos es de: 388
2020-06-08 13:06:33,652 INFO Se abrio el nodo: (1225, 'ciudad3')
2020-06-08 13:06:33,652 INFO El proximo nodo a abrir será: (1283, 'ciudad2')
2020-06-08 13:06:33,652 INFO La cantidad de nodos abiertos es de: 389
2020-06-08 13:06:33,868 INFO Se abrio el nodo: (1283, 'ciudad2')
2020-06-08 13:06:33,868 INFO El proximo nodo a abrir será: (720, 'ciudad9')
2020-06-08 13:06:33,869 INFO La cantidad de nodos abiertos es de: 390
2020-06-08 13:06:34,041 INFO Se abrio el nodo: (720, 'ciudad9')
2020-06-08 13:06:34,042 INFO El proximo nodo a abrir será: (723, 'ciudad8')
2020-06-08 13:06:34,042 INFO La cantidad de nodos abiertos es de: 391
2020-06-08 13:06:34,180 INFO Se abrio el nodo: (723, 'ciudad8')
2020-06-08 13:06:34,181 INFO El proximo nodo a abrir será: (1078, 'ciudad6')
2020-06-08 13:06:34,181 INFO La cantidad de nodos abiertos es de: 392
2020-06-08 13:06:34,332 INFO Se abrio el nodo: (1078, 'ciudad6')
2020-06-08 13:06:34,332 INFO El proximo nodo a abrir será: (899, 'ciudad5')
2020-06-08 13:06:34,333 INFO La cantidad de nodos abiertos es de: 393
2020-06-08 13:06:34,475 INFO Se abrio el nodo: (899, 'ciudad5')
2020-06-08 13:06:34,476 INFO El proximo nodo a abrir será: (1048, 'ciudad3')
2020-06-08 13:06:34,479 INFO La cantidad de nodos abiertos es de: 394
2020-06-08 13:06:34,593 INFO Se abrio el nodo: (1048, 'ciudad3')
2020-06-08 13:06:34,593 INFO El proximo nodo a abrir será: (1096, 'ciudad8')
2020-06-08 13:06:34,594 INFO La cantidad de nodos abiertos es de: 395
2020-06-08 13:06:34,703 INFO Se abrio el nodo: (1096, 'ciudad8')
2020-06-08 13:06:34,703 INFO El proximo nodo a abrir será: (1230, 'ciudad9')
2020-06-08 13:06:34,703 INFO La cantidad de nodos abiertos es de: 396
2020-06-08 13:06:34,901 INFO Se abrio el nodo: (1230, 'ciudad9')
2020-06-08 13:06:34,901 INFO El proximo nodo a abrir será: (1287, 'ciudad8')
2020-06-08 13:06:34,901 INFO La cantidad de nodos abiertos es de: 397
2020-06-08 13:06:35,020 INFO Se abrio el nodo: (1287, 'ciudad8')
2020-06-08 13:06:35,021 INFO El proximo nodo a abrir será: (382, 'ciudad7')
2020-06-08 13:06:35,021 INFO La cantidad de nodos abiertos es de: 398
2020-06-08 13:06:35,123 INFO Se abrio el nodo: (382, 'ciudad7')
2020-06-08 13:06:35,123 INFO El proximo nodo a abrir será: (735, 'ciudad8')
2020-06-08 13:06:35,124 INFO La cantidad de nodos abiertos es de: 399
2020-06-08 13:06:35,249 INFO Se abrio el nodo: (735, 'ciudad8')
2020-06-08 13:06:35,249 INFO El proximo nodo a abrir será: (866, 'ciudad5')
2020-06-08 13:06:35,249 INFO La cantidad de nodos abiertos es de: 400
2020-06-08 13:06:35,391 INFO Se abrio el nodo: (866, 'ciudad5')
2020-06-08 13:06:35,392 INFO El proximo nodo a abrir será: (1098, 'ciudad2')
2020-06-08 13:06:35,392 INFO La cantidad de nodos abiertos es de: 401
2020-06-08 13:06:35,498 INFO Se abrio el nodo: (1098, 'ciudad2')
2020-06-08 13:06:35,498 INFO El proximo nodo a abrir será: (1104, 'ciudad2')
2020-06-08 13:06:35,499 INFO La cantidad de nodos abiertos es de: 402
2020-06-08 13:06:35,600 INFO Se abrio el nodo: (1104, 'ciudad2')
2020-06-08 13:06:35,601 INFO El proximo nodo a abrir será: (1298, 'ciudad8')
2020-06-08 13:06:35,601 INFO La cantidad de nodos abiertos es de: 403
2020-06-08 13:06:35,728 INFO Se abrio el nodo: (1298, 'ciudad8')
2020-06-08 13:06:35,728 INFO El proximo nodo a abrir será: (1300, 'ciudad8')
2020-06-08 13:06:35,728 INFO La cantidad de nodos abiertos es de: 404
2020-06-08 13:06:35,890 INFO Se abrio el nodo: (1300, 'ciudad8')
2020-06-08 13:06:35,890 INFO El proximo nodo a abrir será: (1110, 'ciudad2')
2020-06-08 13:06:35,890 INFO La cantidad de nodos abiertos es de: 405
2020-06-08 13:06:35,999 INFO Se abrio el nodo: (1110, 'ciudad2')
2020-06-08 13:06:35,999 INFO El proximo nodo a abrir será: (1324, 'ciudad4')
2020-06-08 13:06:35,999 INFO La cantidad de nodos abiertos es de: 406
2020-06-08 13:06:36,103 INFO Se abrio el nodo: (1324, 'ciudad4')
2020-06-08 13:06:36,103 INFO El proximo nodo a abrir será: (1057, 'ciudad4')
2020-06-08 13:06:36,103 INFO La cantidad de nodos abiertos es de: 407
2020-06-08 13:06:36,219 INFO Se abrio el nodo: (1057, 'ciudad4')
2020-06-08 13:06:36,219 INFO El proximo nodo a abrir será: (1327, 'ciudad7')
2020-06-08 13:06:36,219 INFO La cantidad de nodos abiertos es de: 408
2020-06-08 13:06:36,321 INFO Se abrio el nodo: (1327, 'ciudad7')
2020-06-08 13:06:36,322 INFO El proximo nodo a abrir será: (1328, 'ciudad7')
2020-06-08 13:06:36,322 INFO La cantidad de nodos abiertos es de: 409
2020-06-08 13:06:36,351 INFO La cantidad de nodos abiertos fue de: 410
2020-06-08 13:06:36,351 INFO El óptimo recorrido es: [(1, 'ciudad1'), (9, 'ciudad9'), (16, 'ciudad8'), (518, 'ciudad3'), (530, 'ciudad4'), (696, 'ciudad5'), (716, 'ciudad6'), (1104, 'ciudad2'), (1328, 'ciudad7')]
2020-06-08 13:06:36,352 INFO O dicho de otro modo el recorrido es: ['ciudad1', 'ciudad9', 'ciudad8', 'ciudad3', 'ciudad4', 'ciudad5', 'ciudad6', 'ciudad2', 'ciudad7']
2020-06-08 13:06:36,352 INFO El costo total del óptimo recorrido es de: 78
2020-06-08 13:06:36,352 INFO El tiempo de procesamiento total fue de: 35.693874 segundos
2020-06-08 13:06:36,352 INFO Fin del proceso
